[INFO] Scanning for projects...
[WARNING] 
[WARNING] Some problems were encountered while building the effective model for fr.inria.gforge.spoon:spoon-core:jar:6.3.0-SNAPSHOT
[WARNING] 'build.plugins.plugin.version' for org.pitest:pitest-maven is missing. @ line 520, column 15
[WARNING] 
[WARNING] It is highly recommended to fix these problems because they threaten the stability of your build.
[WARNING] 
[WARNING] For this reason, future Maven versions might no longer support building such malformed projects.
[WARNING] 
[INFO] Inspecting build with total of 1 modules...
[INFO] Installing Nexus Staging features:
[INFO]   ... total of 1 executions of maven-deploy-plugin replaced with nexus-staging-maven-plugin
[INFO]                                                                         
[INFO] ------------------------------------------------------------------------
[INFO] Building Spoon Core 6.3.0-SNAPSHOT
[INFO] ------------------------------------------------------------------------
[INFO] 
[INFO] --- maven-enforcer-plugin:1.0:enforce (enforce-maven) @ spoon-core ---
[INFO] Skipping Rule Enforcement.
[INFO] 
[INFO] --- jacoco-maven-plugin:0.7.9:prepare-agent (default) @ spoon-core ---
[INFO] argLine set to -javaagent:/root/./workspace/INRIA/spoon/391881615/.m2/org/jacoco/org.jacoco.agent/0.7.9/org.jacoco.agent-0.7.9-runtime.jar=destfile=/root/workspace/INRIA/spoon/391881615/target/jacoco.exec
[INFO] 
[INFO] --- maven-resources-plugin:2.6:resources (default-resources) @ spoon-core ---
[INFO] Using 'UTF-8' encoding to copy filtered resources.
[INFO] Copying 3 resources
[INFO] Copying 1 resource
[INFO] 
[INFO] --- maven-compiler-plugin:3.7.0:compile (default-compile) @ spoon-core ---
[INFO] Nothing to compile - all classes are up to date
[INFO] 
[INFO] --- maven-resources-plugin:2.6:testResources (default-testResources) @ spoon-core ---
[INFO] Using 'UTF-8' encoding to copy filtered resources.
[INFO] Copying 173 resources
[INFO] 
[INFO] --- maven-compiler-plugin:3.7.0:testCompile (default-testCompile) @ spoon-core ---
[INFO] Nothing to compile - all classes are up to date
[INFO] 
[INFO] --- maven-surefire-plugin:2.20.1:test (default-test) @ spoon-core ---
[INFO] Downloading: https://repo.maven.apache.org/maven2/org/apache/maven/surefire/surefire-junit4/2.20.1/surefire-junit4-2.20.1.pom
[INFO] Downloaded: https://repo.maven.apache.org/maven2/org/apache/maven/surefire/surefire-junit4/2.20.1/surefire-junit4-2.20.1.pom (4 KB at 10.9 KB/sec)
[INFO] Downloading: https://repo.maven.apache.org/maven2/org/apache/maven/surefire/surefire-providers/2.20.1/surefire-providers-2.20.1.pom
[INFO] Downloaded: https://repo.maven.apache.org/maven2/org/apache/maven/surefire/surefire-providers/2.20.1/surefire-providers-2.20.1.pom (3 KB at 136.0 KB/sec)
[INFO] Downloading: https://repo.maven.apache.org/maven2/org/apache/maven/surefire/surefire-junit4/2.20.1/surefire-junit4-2.20.1.jar
[INFO] Downloaded: https://repo.maven.apache.org/maven2/org/apache/maven/surefire/surefire-junit4/2.20.1/surefire-junit4-2.20.1.jar (81 KB at 1607.0 KB/sec)
[INFO] 
[INFO] -------------------------------------------------------
[INFO]  T E S T S
[INFO] -------------------------------------------------------
[INFO] Running spoon.test.api.FileSystemFolderTest
[INFO] Tests run: 2, Failures: 0, Errors: 0, Skipped: 0, Time elapsed: 0.574 s - in spoon.test.api.FileSystemFolderTest
[INFO] Running spoon.test.api.NoClasspathTest
[INFO] Tests run: 5, Failures: 0, Errors: 0, Skipped: 0, Time elapsed: 1.291 s - in spoon.test.api.NoClasspathTest
[INFO] Running spoon.test.api.MetamodelTest
[ERROR] Tests run: 13, Failures: 2, Errors: 0, Skipped: 0, Time elapsed: 8.142 s <<< FAILURE! - in spoon.test.api.MetamodelTest
[ERROR] testRoleOnField(spoon.test.api.MetamodelTest)  Time elapsed: 2.201 s  <<< FAILURE!
java.lang.AssertionError: [INFERRED_VARIABLE] must have a getter in spoon.support.reflect.code.CtLocalVariableImpl
	at spoon.test.api.MetamodelTest.testRoleOnField(MetamodelTest.java:189)

[ERROR] testGetterSetterFroRole(spoon.test.api.MetamodelTest)  Time elapsed: 0.307 s  <<< FAILURE!
java.lang.AssertionError: expected:<[TARGET, STATEMENT, DOCUMENTATION_TYPE, NESTED_TYPE, INFERRED_VARIABLE, MULTI_TYPE, BOUNDING_TYPE, VALUE, LEFT_OPERAND, FOR_INIT, POSITION, ANNONYMOUS_EXECUTABLE, INTERFACE, SNIPPET, DIMENSION, ANNOTATION, TYPE_PARAMETER, COMMENT_CONTENT, BOUND, ELSE, LABEL, IS_DEFAULT, EXPORTED_PACKAGE, TYPE, PARAMETER, ANNOTATION_TYPE, CAST, IMPLEMENTATION_TYPE, MODIFIER, TARGET_LABEL, FIELD, NAME, CASE, COMMENT_TAG, METHOD, THEN, CONDITION, FINALIZER, THROWN, BODY, MODULE_REF, REQUIRED_MODULE, CONTAINED_TYPE, MODULE_DIRECTIVE, FOR_UPDATE, PACKAGE_REF, COMMENT, DEFAULT_EXPRESSION, FOREACH_VARIABLE, TYPE_MEMBER, JAVADOC_TAG_VALUE, CATCH, VARIABLE, ASSIGNED, ASSIGNMENT, ARGUMENT, IS_VARARGS, RIGHT_OPERAND, SUPER_TYPE, ARGUMENT_TYPE, ACCESSED_TYPE, DECLARING_TYPE, IS_UPPER, SUB_PACKAGE, IMPORT_REFERENCE, EXECUTABLE_REF, PROVIDED_SERVICE, IS_IMPLICIT, TYPE_ARGUMENT, COMMENT_TYPE, IS_FINAL, IS_STATIC, OPERATOR_KIND, TRY_RESOURCE, IS_SHADOW, CONSTRUCTOR, OPENED_PACKAGE, SERVICE_TYPE, EXPRESSION]> but was:<[STATEMENT, TARGET, DOCUMENTATION_TYPE, NESTED_TYPE, MULTI_TYPE, BOUNDING_TYPE, VALUE, LEFT_OPERAND, FOR_INIT, POSITION, ANNONYMOUS_EXECUTABLE, SNIPPET, INTERFACE, DIMENSION, ANNOTATION, TYPE_PARAMETER, COMMENT_CONTENT, ELSE, LABEL, BOUND, IS_DEFAULT, EXPORTED_PACKAGE, TYPE, PARAMETER, CAST, ANNOTATION_TYPE, IMPLEMENTATION_TYPE, MODIFIER, TARGET_LABEL, FIELD, CASE, NAME, COMMENT_TAG, METHOD, CONDITION, THEN, FINALIZER, THROWN, BODY, MODULE_REF, REQUIRED_MODULE, CONTAINED_TYPE, MODULE_DIRECTIVE, FOR_UPDATE, COMMENT, PACKAGE_REF, DEFAULT_EXPRESSION, FOREACH_VARIABLE, TYPE_MEMBER, JAVADOC_TAG_VALUE, CATCH, VARIABLE, ASSIGNED, ARGUMENT, ASSIGNMENT, IS_VARARGS, RIGHT_OPERAND, SUPER_TYPE, ARGUMENT_TYPE, ACCESSED_TYPE, DECLARING_TYPE, IS_UPPER, IMPORT_REFERENCE, SUB_PACKAGE, EXECUTABLE_REF, PROVIDED_SERVICE, TYPE_ARGUMENT, IS_IMPLICIT, COMMENT_TYPE, IS_FINAL, IS_STATIC, OPERATOR_KIND, TRY_RESOURCE, IS_SHADOW, CONSTRUCTOR, SERVICE_TYPE, OPENED_PACKAGE, EXPRESSION]>
	at spoon.test.api.MetamodelTest.testGetterSetterFroRole(MetamodelTest.java:104)

[INFO] Running spoon.test.api.APITest
./target/nooutput_688fa46e-5b4e-4f88-964a-e8e495962b3b
[INFO] Tests run: 19, Failures: 0, Errors: 0, Skipped: 0, Time elapsed: 10.779 s - in spoon.test.api.APITest
[INFO] Running spoon.test.exceptions.ExceptionTest
[INFO] Tests run: 6, Failures: 0, Errors: 0, Skipped: 0, Time elapsed: 0.508 s - in spoon.test.exceptions.ExceptionTest
[INFO] Running spoon.test.module.TestModule
[WARNING] Tests run: 8, Failures: 0, Errors: 0, Skipped: 2, Time elapsed: 0.107 s - in spoon.test.module.TestModule
[INFO] Running spoon.test.imports.ImportScannerTest
2018-06-13 20:34:04,856 WARN spoon.Launcher - ImportScannerTest: Import scanner imports 567 unused imports and misses 0 imports
[INFO] Tests run: 6, Failures: 0, Errors: 0, Skipped: 0, Time elapsed: 17.229 s - in spoon.test.imports.ImportScannerTest
[INFO] Running spoon.test.imports.ImportAndExtendWithPackageNameTest
[INFO] Tests run: 1, Failures: 0, Errors: 0, Skipped: 0, Time elapsed: 0.038 s - in spoon.test.imports.ImportAndExtendWithPackageNameTest
[INFO] Running spoon.test.imports.ImportTest
[INFO] Tests run: 44, Failures: 0, Errors: 0, Skipped: 0, Time elapsed: 4.025 s - in spoon.test.imports.ImportTest
[INFO] Running spoon.test.prettyprinter.LinesTest
[INFO] Tests run: 3, Failures: 0, Errors: 0, Skipped: 0, Time elapsed: 0.362 s - in spoon.test.prettyprinter.LinesTest
[INFO] Running spoon.test.prettyprinter.QualifiedThisRefTest
[INFO] Tests run: 3, Failures: 0, Errors: 0, Skipped: 0, Time elapsed: 0.171 s - in spoon.test.prettyprinter.QualifiedThisRefTest
[INFO] Running spoon.test.prettyprinter.DefaultPrettyPrinterTest
[INFO] Tests run: 11, Failures: 0, Errors: 0, Skipped: 0, Time elapsed: 0.603 s - in spoon.test.prettyprinter.DefaultPrettyPrinterTest
[INFO] Running spoon.test.prettyprinter.PrinterTest
[INFO] Tests run: 9, Failures: 0, Errors: 0, Skipped: 0, Time elapsed: 2.528 s - in spoon.test.prettyprinter.PrinterTest
[INFO] Running spoon.test.visitor.AssignmentsEqualsTest
[INFO] Tests run: 1, Failures: 0, Errors: 0, Skipped: 0, Time elapsed: 0.036 s - in spoon.test.visitor.AssignmentsEqualsTest
[INFO] Running spoon.test.visitor.VisitorTest
[INFO] Tests run: 1, Failures: 0, Errors: 0, Skipped: 0, Time elapsed: 0.037 s - in spoon.test.visitor.VisitorTest
[INFO] Running spoon.test.loop.LoopTest
[INFO] Tests run: 2, Failures: 0, Errors: 0, Skipped: 0, Time elapsed: 0.085 s - in spoon.test.loop.LoopTest
[INFO] Running spoon.test.intercession.insertBefore.InsertMethodsTest
[INFO] Tests run: 9, Failures: 0, Errors: 0, Skipped: 0, Time elapsed: 0.772 s - in spoon.test.intercession.insertBefore.InsertMethodsTest
[INFO] Running spoon.test.intercession.OneCanCallSetterWithNullParameterizedTest
[INFO] Tests run: 117, Failures: 0, Errors: 0, Skipped: 0, Time elapsed: 0.35 s - in spoon.test.intercession.OneCanCallSetterWithNullParameterizedTest
[INFO] Running spoon.test.intercession.RemoveTest
[INFO] Tests run: 1, Failures: 0, Errors: 0, Skipped: 0, Time elapsed: 0.03 s - in spoon.test.intercession.RemoveTest
[INFO] Running spoon.test.intercession.IntercessionTest
[ERROR] Tests run: 8, Failures: 1, Errors: 0, Skipped: 1, Time elapsed: 3.232 s <<< FAILURE! - in spoon.test.intercession.IntercessionTest
[ERROR] testSettersAreAllGood(spoon.test.intercession.IntercessionTest)  Time elapsed: 3.026 s  <<< FAILURE!
java.lang.AssertionError: Your setter setInferred in CtLocalVariable don't have a generic type for its return type.
	at spoon.test.intercession.IntercessionTest.testSettersAreAllGood(IntercessionTest.java:220)

[INFO] Running spoon.test.variable.AccessFullyQualifiedFieldTest
[INFO] Tests run: 9, Failures: 0, Errors: 0, Skipped: 0, Time elapsed: 0.79 s - in spoon.test.variable.AccessFullyQualifiedFieldTest
[INFO] Running spoon.test.variable.InferredVariableTest
[INFO] Tests run: 2, Failures: 0, Errors: 0, Skipped: 0, Time elapsed: 0.117 s - in spoon.test.variable.InferredVariableTest
[INFO] Running spoon.test.variable.AccessTest
[INFO] Tests run: 8, Failures: 0, Errors: 0, Skipped: 0, Time elapsed: 0.353 s - in spoon.test.variable.AccessTest
[INFO] Running spoon.test.pkg.PackageTest
[INFO] Tests run: 12, Failures: 0, Errors: 0, Skipped: 0, Time elapsed: 0.73 s - in spoon.test.pkg.PackageTest
[INFO] Running spoon.test.comment.CommentTest
[ERROR] Tests run: 17, Failures: 0, Errors: 1, Skipped: 0, Time elapsed: 9.008 s <<< FAILURE! - in spoon.test.comment.CommentTest
[ERROR] testDocumentationContract(spoon.test.comment.CommentTest)  Time elapsed: 8.095 s  <<< ERROR!
spoon.compiler.ModelBuildingException: 
snippet compilation error while compiling: class Wrapper {
    static void wrap() throws java.lang.Throwable {

            // defines a local variable x
            int x = 0;

            // this is now authorized with Java 10.
            // in that case the variable is inferred.
            var x = 0;
        ;
    }
}
	at spoon.test.comment.CommentTest.lambda$testDocumentationContract$0(CommentTest.java:801)
	at spoon.test.comment.CommentTest.testDocumentationContract(CommentTest.java:760)
Caused by: spoon.support.compiler.SnippetCompilationError: var cannot be resolved to a typeat line 9
	at spoon.test.comment.CommentTest.lambda$testDocumentationContract$0(CommentTest.java:801)
	at spoon.test.comment.CommentTest.testDocumentationContract(CommentTest.java:760)

[INFO] Running spoon.test.annotation.AnnotationTest
[INFO] Tests run: 52, Failures: 0, Errors: 0, Skipped: 0, Time elapsed: 2.376 s - in spoon.test.annotation.AnnotationTest
[INFO] Running spoon.test.annotation.AnnotationLoopTest
[INFO] Tests run: 1, Failures: 0, Errors: 0, Skipped: 0, Time elapsed: 0.036 s - in spoon.test.annotation.AnnotationLoopTest
[INFO] Running spoon.test.annotation.AnnotationValuesTest
[INFO] Tests run: 6, Failures: 0, Errors: 0, Skipped: 0, Time elapsed: 0.136 s - in spoon.test.annotation.AnnotationValuesTest
[INFO] Running spoon.test.generics.GenericsTest
[INFO] Tests run: 45, Failures: 0, Errors: 0, Skipped: 0, Time elapsed: 2.877 s - in spoon.test.generics.GenericsTest
[INFO] Running spoon.test.processing.ProcessingTest
[INFO] Tests run: 9, Failures: 0, Errors: 0, Skipped: 0, Time elapsed: 0.344 s - in spoon.test.processing.ProcessingTest
[INFO] Running spoon.test.fieldaccesses.FieldAccessTest
[INFO] Tests run: 16, Failures: 0, Errors: 0, Skipped: 0, Time elapsed: 0.716 s - in spoon.test.fieldaccesses.FieldAccessTest
[INFO] Running spoon.test.refactoring.MethodsRefactoringTest
[INFO] Tests run: 5, Failures: 0, Errors: 0, Skipped: 0, Time elapsed: 0.613 s - in spoon.test.refactoring.MethodsRefactoringTest
[INFO] Running spoon.test.refactoring.CtRenameLocalVariableRefactoringTest
[INFO] Tests run: 4, Failures: 0, Errors: 0, Skipped: 0, Time elapsed: 10.48 s - in spoon.test.refactoring.CtRenameLocalVariableRefactoringTest
[INFO] Running spoon.test.refactoring.RefactoringTest
[INFO] Tests run: 4, Failures: 0, Errors: 0, Skipped: 0, Time elapsed: 0.403 s - in spoon.test.refactoring.RefactoringTest
[INFO] Running spoon.test.targeted.TargetedExpressionTest
[INFO] Tests run: 17, Failures: 0, Errors: 0, Skipped: 0, Time elapsed: 0.752 s - in spoon.test.targeted.TargetedExpressionTest
[INFO] Running spoon.test.template.TemplateReplaceReturnTest
[INFO] Tests run: 2, Failures: 0, Errors: 0, Skipped: 0, Time elapsed: 0.189 s - in spoon.test.template.TemplateReplaceReturnTest
[INFO] Running spoon.test.template.TemplateClassAccessTest
[INFO] Tests run: 1, Failures: 0, Errors: 0, Skipped: 0, Time elapsed: 0.077 s - in spoon.test.template.TemplateClassAccessTest
[INFO] Running spoon.test.template.TemplateInvocationSubstitutionTest
[INFO] Tests run: 3, Failures: 0, Errors: 0, Skipped: 0, Time elapsed: 0.205 s - in spoon.test.template.TemplateInvocationSubstitutionTest
[INFO] Running spoon.test.template.TemplateEnumAccessTest
[INFO] Tests run: 1, Failures: 0, Errors: 0, Skipped: 0, Time elapsed: 0.104 s - in spoon.test.template.TemplateEnumAccessTest
[INFO] Running spoon.test.template.PatternTest
[INFO] Tests run: 31, Failures: 0, Errors: 0, Skipped: 0, Time elapsed: 2.043 s - in spoon.test.template.PatternTest
[INFO] Running spoon.test.template.core.ParameterInfoTest
[INFO] Tests run: 21, Failures: 0, Errors: 0, Skipped: 0, Time elapsed: 0.003 s - in spoon.test.template.core.ParameterInfoTest
[INFO] Running spoon.test.template.TemplateTest
0
[INFO] Tests run: 24, Failures: 0, Errors: 0, Skipped: 0, Time elapsed: 2.343 s - in spoon.test.template.TemplateTest
[INFO] Running spoon.test.template.TemplateArrayAccessTest
[INFO] Tests run: 2, Failures: 0, Errors: 0, Skipped: 0, Time elapsed: 0.089 s - in spoon.test.template.TemplateArrayAccessTest
[INFO] Running spoon.test.jdtimportbuilder.ImportBuilderTest
[INFO] Tests run: 8, Failures: 0, Errors: 0, Skipped: 0, Time elapsed: 0.451 s - in spoon.test.jdtimportbuilder.ImportBuilderTest
[INFO] Running spoon.test.javadoc.JavaDocTest
[INFO] Tests run: 2, Failures: 0, Errors: 0, Skipped: 0, Time elapsed: 0.111 s - in spoon.test.javadoc.JavaDocTest
[INFO] Running spoon.test.constructorcallnewclass.ConstructorCallTest
[INFO] Tests run: 6, Failures: 0, Errors: 0, Skipped: 0, Time elapsed: 0.386 s - in spoon.test.constructorcallnewclass.ConstructorCallTest
[INFO] Running spoon.test.constructorcallnewclass.NewClassTest
[INFO] Tests run: 7, Failures: 0, Errors: 0, Skipped: 0, Time elapsed: 0.625 s - in spoon.test.constructorcallnewclass.NewClassTest
[INFO] Running spoon.test.staticFieldAccess2.ImplicitStaticFieldReferenceTest
[INFO] Tests run: 16, Failures: 0, Errors: 0, Skipped: 0, Time elapsed: 1.734 s - in spoon.test.staticFieldAccess2.ImplicitStaticFieldReferenceTest
[INFO] Running spoon.test.visibility.VisibilityTest
[INFO] Tests run: 5, Failures: 0, Errors: 0, Skipped: 0, Time elapsed: 0.543 s - in spoon.test.visibility.VisibilityTest
[INFO] Running spoon.test.reference.ExecutableReferenceTest
[INFO] Tests run: 7, Failures: 0, Errors: 0, Skipped: 0, Time elapsed: 0.426 s - in spoon.test.reference.ExecutableReferenceTest
[INFO] Running spoon.test.reference.VariableAccessTest
2018-06-13 20:34:56,988 ERROR spoon.support.compiler.jdt.JDTTreeBuilder - Could not find declaration for variable e at (/root/workspace/INRIA/spoon/391881615/src/test/resources/noclasspath/org/elasticsearch/indices/analysis/HunspellService.java:100)
[INFO] Tests run: 11, Failures: 0, Errors: 0, Skipped: 0, Time elapsed: 0.474 s - in spoon.test.reference.VariableAccessTest
[INFO] Running spoon.test.reference.CloneReferenceTest
[INFO] Tests run: 2, Failures: 0, Errors: 0, Skipped: 0, Time elapsed: 0.088 s - in spoon.test.reference.CloneReferenceTest
[INFO] Running spoon.test.reference.AnnotationFieldReferenceTest
[INFO] Tests run: 1, Failures: 0, Errors: 0, Skipped: 0, Time elapsed: 0.036 s - in spoon.test.reference.AnnotationFieldReferenceTest
[INFO] Running spoon.test.reference.TypeReferenceTest
[INFO] Tests run: 28, Failures: 0, Errors: 0, Skipped: 0, Time elapsed: 1.22 s - in spoon.test.reference.TypeReferenceTest
[INFO] Running spoon.test.reference.ExecutableReferenceGenericTest
[INFO] Tests run: 12, Failures: 0, Errors: 0, Skipped: 0, Time elapsed: 0.771 s - in spoon.test.reference.ExecutableReferenceGenericTest
[INFO] Running spoon.test.reference.ElasticsearchStackoverflowTest
[INFO] Tests run: 1, Failures: 0, Errors: 0, Skipped: 0, Time elapsed: 0.062 s - in spoon.test.reference.ElasticsearchStackoverflowTest
[INFO] Running spoon.test.casts.CastTest
[INFO] Tests run: 5, Failures: 0, Errors: 0, Skipped: 0, Time elapsed: 0.207 s - in spoon.test.casts.CastTest
[INFO] Running spoon.test.parent.TopLevelTypeTest
[INFO] Tests run: 1, Failures: 0, Errors: 0, Skipped: 0, Time elapsed: 0.038 s - in spoon.test.parent.TopLevelTypeTest
[INFO] Running spoon.test.parent.ContractOnSettersParametrizedTest
[INFO] Tests run: 67, Failures: 0, Errors: 0, Skipped: 0, Time elapsed: 1.12 s - in spoon.test.parent.ContractOnSettersParametrizedTest
[INFO] Running spoon.test.parent.SetParentTest
[INFO] Tests run: 67, Failures: 0, Errors: 0, Skipped: 0, Time elapsed: 0.026 s - in spoon.test.parent.SetParentTest
[INFO] Running spoon.test.parent.NullParentTest
[INFO] Tests run: 8, Failures: 0, Errors: 0, Skipped: 0, Time elapsed: 0.31 s - in spoon.test.parent.NullParentTest
[INFO] Running spoon.test.parent.ParentTest
[WARNING] Tests run: 11, Failures: 0, Errors: 0, Skipped: 1, Time elapsed: 0.665 s - in spoon.test.parent.ParentTest
[INFO] Running spoon.test.enums.EnumsTypeTest
[INFO] Tests run: 2, Failures: 0, Errors: 0, Skipped: 0, Time elapsed: 0.053 s - in spoon.test.enums.EnumsTypeTest
[INFO] Running spoon.test.enums.EnumsTest
[INFO] Tests run: 5, Failures: 0, Errors: 0, Skipped: 0, Time elapsed: 0.211 s - in spoon.test.enums.EnumsTest
[INFO] Running spoon.test.delete.DeleteTest
[INFO] Tests run: 14, Failures: 0, Errors: 0, Skipped: 0, Time elapsed: 0.619 s - in spoon.test.delete.DeleteTest
[INFO] Running spoon.test.factory.FactoryTest
[INFO] Tests run: 5, Failures: 0, Errors: 0, Skipped: 0, Time elapsed: 0.205 s - in spoon.test.factory.FactoryTest
[INFO] Running spoon.test.factory.CodeFactoryTest
[INFO] Tests run: 1, Failures: 0, Errors: 0, Skipped: 0, Time elapsed: 0 s - in spoon.test.factory.CodeFactoryTest
[INFO] Running spoon.test.factory.ClassFactoryTest
[INFO] Tests run: 2, Failures: 0, Errors: 0, Skipped: 0, Time elapsed: 0 s - in spoon.test.factory.ClassFactoryTest
[INFO] Running spoon.test.factory.FieldFactoryTest
[INFO] Tests run: 2, Failures: 0, Errors: 0, Skipped: 0, Time elapsed: 0.123 s - in spoon.test.factory.FieldFactoryTest
[INFO] Running spoon.test.factory.TypeFactoryTest
[INFO] Tests run: 5, Failures: 0, Errors: 0, Skipped: 0, Time elapsed: 0.147 s - in spoon.test.factory.TypeFactoryTest
[INFO] Running spoon.test.factory.ExecutableFactoryTest
[INFO] Tests run: 1, Failures: 0, Errors: 0, Skipped: 0, Time elapsed: 0 s - in spoon.test.factory.ExecutableFactoryTest
[INFO] Running spoon.test.factory.AnnotationFactoryTest
[INFO] Tests run: 1, Failures: 0, Errors: 0, Skipped: 0, Time elapsed: 0.04 s - in spoon.test.factory.AnnotationFactoryTest
[INFO] Running spoon.test.factory.ConstructorFactoryTest
[INFO] Tests run: 2, Failures: 0, Errors: 0, Skipped: 0, Time elapsed: 0.04 s - in spoon.test.factory.ConstructorFactoryTest
[INFO] Running spoon.test.methodreference.MethodReferenceTest
[INFO] Tests run: 13, Failures: 0, Errors: 0, Skipped: 0, Time elapsed: 1.395 s - in spoon.test.methodreference.MethodReferenceTest
[INFO] Running spoon.test.executable.ExecutableTest
[INFO] Tests run: 3, Failures: 0, Errors: 0, Skipped: 0, Time elapsed: 0.147 s - in spoon.test.executable.ExecutableTest
[INFO] Running spoon.test.executable.ExecutableRefTest
[INFO] Tests run: 5, Failures: 0, Errors: 0, Skipped: 0, Time elapsed: 0.31 s - in spoon.test.executable.ExecutableRefTest
[INFO] Running spoon.test.compilationunit.GetBinaryFilesTest
[INFO] Tests run: 5, Failures: 0, Errors: 0, Skipped: 0, Time elapsed: 0.502 s - in spoon.test.compilationunit.GetBinaryFilesTest
[INFO] Running spoon.test.compilationunit.TestCompilationUnit
[INFO] Tests run: 7, Failures: 0, Errors: 0, Skipped: 0, Time elapsed: 0.249 s - in spoon.test.compilationunit.TestCompilationUnit
[INFO] Running spoon.test.arrays.ArraysTest
[INFO] Tests run: 8, Failures: 0, Errors: 0, Skipped: 0, Time elapsed: 0.488 s - in spoon.test.arrays.ArraysTest
[INFO] Running spoon.test.ctType.CtTypeParameterTest
[INFO] Tests run: 2, Failures: 0, Errors: 0, Skipped: 0, Time elapsed: 0.121 s - in spoon.test.ctType.CtTypeParameterTest
[INFO] Running spoon.test.ctType.CtTypeTest
[INFO] Tests run: 8, Failures: 0, Errors: 0, Skipped: 0, Time elapsed: 0.598 s - in spoon.test.ctType.CtTypeTest
[INFO] Running spoon.test.compilation.CompilationTest
>> Hello: Bar <<
>> Hello: FooEx <<
>> Hello: IBar <<
>> Hello: SimpleProcessor <<
[INFO] Tests run: 13, Failures: 0, Errors: 0, Skipped: 0, Time elapsed: 4.999 s - in spoon.test.compilation.CompilationTest
[INFO] Running spoon.test.condition.ConditionalTest
[INFO] Tests run: 4, Failures: 0, Errors: 0, Skipped: 0, Time elapsed: 0.193 s - in spoon.test.condition.ConditionalTest
[INFO] Running spoon.test.replace.ReplaceParametrizedTest
[INFO] Tests run: 80, Failures: 0, Errors: 0, Skipped: 0, Time elapsed: 0.153 s - in spoon.test.replace.ReplaceParametrizedTest
[INFO] Running spoon.test.replace.ReplaceTest
[INFO] Tests run: 17, Failures: 0, Errors: 0, Skipped: 0, Time elapsed: 1.173 s - in spoon.test.replace.ReplaceTest
[INFO] Running spoon.test.ctElement.ElementTest
[INFO] Tests run: 1, Failures: 0, Errors: 0, Skipped: 0, Time elapsed: 0 s - in spoon.test.ctElement.ElementTest
[INFO] Running spoon.test.ctElement.MetadataTest
[INFO] Tests run: 1, Failures: 0, Errors: 0, Skipped: 0, Time elapsed: 0.042 s - in spoon.test.ctElement.MetadataTest
[INFO] Running spoon.test.position.PositionTest
[INFO] Tests run: 19, Failures: 0, Errors: 0, Skipped: 0, Time elapsed: 1.024 s - in spoon.test.position.PositionTest
[INFO] Running spoon.test.secondaryclasses.ClassesTest
[INFO] Tests run: 6, Failures: 0, Errors: 0, Skipped: 0, Time elapsed: 0.3 s - in spoon.test.secondaryclasses.ClassesTest
[INFO] Running spoon.test.strings.StringTest
[INFO] Tests run: 1, Failures: 0, Errors: 0, Skipped: 0, Time elapsed: 0.047 s - in spoon.test.strings.StringTest
[INFO] Running spoon.test.strings.StringLiteralTest
[INFO] Tests run: 1, Failures: 0, Errors: 0, Skipped: 0, Time elapsed: 0.048 s - in spoon.test.strings.StringLiteralTest
[INFO] Running spoon.test.path.PathTest
[INFO] Tests run: 10, Failures: 0, Errors: 0, Skipped: 0, Time elapsed: 0.489 s - in spoon.test.path.PathTest
[INFO] Running spoon.test.interfaces.TestInterfaceWithoutSetup
[INFO] Tests run: 2, Failures: 0, Errors: 0, Skipped: 0, Time elapsed: 0.152 s - in spoon.test.interfaces.TestInterfaceWithoutSetup
[INFO] Running spoon.test.interfaces.InterfaceTest
[INFO] Tests run: 6, Failures: 0, Errors: 0, Skipped: 0, Time elapsed: 0.311 s - in spoon.test.interfaces.InterfaceTest
[INFO] Running spoon.test.properties.PropertiesTest
[INFO] Tests run: 1, Failures: 0, Errors: 0, Skipped: 0, Time elapsed: 0.047 s - in spoon.test.properties.PropertiesTest
[INFO] Running spoon.test.control.ControlTest
[INFO] Tests run: 2, Failures: 0, Errors: 0, Skipped: 0, Time elapsed: 0.093 s - in spoon.test.control.ControlTest
[INFO] Running spoon.test.filters.FilterTest
2018-06-13 20:35:16,252 INFO spoon.Launcher - Spoon version 6.3.0-SNAPSHOT
2018-06-13 20:35:16,253 INFO spoon.Launcher - running Spoon...
2018-06-13 20:35:16,253 INFO spoon.Launcher - start processing...
2018-06-13 20:35:16,308 INFO spoon.Launcher - end of processing: 
2018-06-13 20:35:16,309 INFO spoon.Launcher - no errors, no warnings
2018-06-13 20:35:16,533 INFO spoon.Launcher - Spoon version 6.3.0-SNAPSHOT
2018-06-13 20:35:16,533 INFO spoon.Launcher - running Spoon...
2018-06-13 20:35:16,533 INFO spoon.Launcher - start processing...
2018-06-13 20:35:16,588 INFO spoon.Launcher - end of processing: 
2018-06-13 20:35:16,588 INFO spoon.Launcher - no errors, no warnings
2018-06-13 20:35:16,780 INFO spoon.Launcher - Spoon version 6.3.0-SNAPSHOT
2018-06-13 20:35:16,780 INFO spoon.Launcher - running Spoon...
2018-06-13 20:35:16,780 INFO spoon.Launcher - start processing...
2018-06-13 20:35:16,835 INFO spoon.Launcher - end of processing: 
2018-06-13 20:35:16,835 INFO spoon.Launcher - no errors, no warnings
2018-06-13 20:35:17,187 INFO spoon.Launcher - Spoon version 6.3.0-SNAPSHOT
2018-06-13 20:35:17,187 INFO spoon.Launcher - running Spoon...
2018-06-13 20:35:17,187 INFO spoon.Launcher - start processing...
2018-06-13 20:35:17,241 INFO spoon.Launcher - end of processing: 
2018-06-13 20:35:17,241 INFO spoon.Launcher - no errors, no warnings
2018-06-13 20:35:17,346 INFO spoon.Launcher - Spoon version 6.3.0-SNAPSHOT
2018-06-13 20:35:17,347 INFO spoon.Launcher - running Spoon...
2018-06-13 20:35:17,347 INFO spoon.Launcher - start processing...
2018-06-13 20:35:17,401 INFO spoon.Launcher - end of processing: 
2018-06-13 20:35:17,401 INFO spoon.Launcher - no errors, no warnings
2018-06-13 20:35:17,908 INFO spoon.Launcher - Spoon version 6.3.0-SNAPSHOT
2018-06-13 20:35:17,908 INFO spoon.Launcher - running Spoon...
2018-06-13 20:35:17,908 INFO spoon.Launcher - start processing...
2018-06-13 20:35:17,962 INFO spoon.Launcher - end of processing: 
2018-06-13 20:35:17,962 INFO spoon.Launcher - no errors, no warnings
2018-06-13 20:35:18,298 INFO spoon.Launcher - Spoon version 6.3.0-SNAPSHOT
2018-06-13 20:35:18,298 INFO spoon.Launcher - running Spoon...
2018-06-13 20:35:18,298 INFO spoon.Launcher - start processing...
2018-06-13 20:35:18,359 INFO spoon.Launcher - end of processing: 
2018-06-13 20:35:18,359 INFO spoon.Launcher - no errors, no warnings
2018-06-13 20:35:18,636 INFO spoon.Launcher - Spoon version 6.3.0-SNAPSHOT
2018-06-13 20:35:18,636 INFO spoon.Launcher - running Spoon...
2018-06-13 20:35:18,636 INFO spoon.Launcher - start processing...
2018-06-13 20:35:18,700 INFO spoon.Launcher - end of processing: 
2018-06-13 20:35:18,700 INFO spoon.Launcher - no errors, no warnings
2018-06-13 20:35:18,757 INFO spoon.Launcher - Spoon version 6.3.0-SNAPSHOT
2018-06-13 20:35:18,758 INFO spoon.Launcher - running Spoon...
2018-06-13 20:35:18,758 INFO spoon.Launcher - start processing...
2018-06-13 20:35:18,819 INFO spoon.Launcher - end of processing: 
2018-06-13 20:35:18,819 INFO spoon.Launcher - no errors, no warnings
2018-06-13 20:35:18,987 INFO spoon.Launcher - Spoon version 6.3.0-SNAPSHOT
2018-06-13 20:35:18,987 INFO spoon.Launcher - running Spoon...
2018-06-13 20:35:18,987 INFO spoon.Launcher - start processing...
2018-06-13 20:35:19,048 INFO spoon.Launcher - end of processing: 
2018-06-13 20:35:19,048 INFO spoon.Launcher - no errors, no warnings
2018-06-13 20:35:19,342 INFO spoon.Launcher - Spoon version 6.3.0-SNAPSHOT
2018-06-13 20:35:19,342 INFO spoon.Launcher - running Spoon...
2018-06-13 20:35:19,343 INFO spoon.Launcher - start processing...
2018-06-13 20:35:19,399 INFO spoon.Launcher - end of processing: 
2018-06-13 20:35:19,400 INFO spoon.Launcher - no errors, no warnings
2018-06-13 20:35:19,449 INFO spoon.Launcher - Spoon version 6.3.0-SNAPSHOT
2018-06-13 20:35:19,449 INFO spoon.Launcher - running Spoon...
2018-06-13 20:35:19,449 INFO spoon.Launcher - start processing...
2018-06-13 20:35:19,503 INFO spoon.Launcher - end of processing: 
2018-06-13 20:35:19,503 INFO spoon.Launcher - no errors, no warnings
2018-06-13 20:35:19,918 INFO spoon.Launcher - Spoon version 6.3.0-SNAPSHOT
2018-06-13 20:35:19,918 INFO spoon.Launcher - running Spoon...
2018-06-13 20:35:19,919 INFO spoon.Launcher - start processing...
2018-06-13 20:35:19,973 INFO spoon.Launcher - end of processing: 
2018-06-13 20:35:19,973 INFO spoon.Launcher - no errors, no warnings
2018-06-13 20:35:20,022 INFO spoon.Launcher - Spoon version 6.3.0-SNAPSHOT
2018-06-13 20:35:20,022 INFO spoon.Launcher - running Spoon...
2018-06-13 20:35:20,022 INFO spoon.Launcher - start processing...
2018-06-13 20:35:20,109 INFO spoon.Launcher - end of processing: 
2018-06-13 20:35:20,109 INFO spoon.Launcher - no errors, no warnings
2018-06-13 20:35:20,488 INFO spoon.Launcher - Spoon version 6.3.0-SNAPSHOT
2018-06-13 20:35:20,488 INFO spoon.Launcher - running Spoon...
2018-06-13 20:35:20,489 INFO spoon.Launcher - start processing...
2018-06-13 20:35:20,542 INFO spoon.Launcher - end of processing: 
2018-06-13 20:35:20,542 INFO spoon.Launcher - no errors, no warnings
2018-06-13 20:35:20,545 INFO spoon.Launcher - Step filter CtClass only) spoon.reflect.CtModelImpl$CtRootPackage cannot be cast to spoon.reflect.declaration.CtClass
Parameter 1) CtRootPackage: unnamed package
2018-06-13 20:35:20,545 INFO spoon.Launcher - Step filter CtClass only) spoon.support.reflect.declaration.CtPackageImpl cannot be cast to spoon.reflect.declaration.CtClass
Parameter 1) CtPackageImpl: spoon
2018-06-13 20:35:20,545 INFO spoon.Launcher - Step filter CtClass only) spoon.support.reflect.declaration.CtPackageImpl cannot be cast to spoon.reflect.declaration.CtClass
Parameter 1) CtPackageImpl: spoon.test
2018-06-13 20:35:20,546 INFO spoon.Launcher - Step filter CtClass only) spoon.support.reflect.declaration.CtPackageImpl cannot be cast to spoon.reflect.declaration.CtClass
Parameter 1) CtPackageImpl: spoon.test.filters
2018-06-13 20:35:20,546 INFO spoon.Launcher - Step filter CtClass only) spoon.support.reflect.declaration.CtPackageImpl cannot be cast to spoon.reflect.declaration.CtClass
Parameter 1) CtPackageImpl: spoon.test.filters.testclasses
2018-06-13 20:35:20,546 INFO spoon.Launcher - Step filter CtClass only) spoon.support.reflect.reference.CtTypeReferenceImpl cannot be cast to spoon.reflect.declaration.CtClass
Parameter 1) CtTypeReferenceImpl: spoon.test.filters.testclasses.ITostada
2018-06-13 20:35:20,546 INFO spoon.Launcher - Step filter CtClass only) spoon.support.reflect.reference.CtPackageReferenceImpl cannot be cast to spoon.reflect.declaration.CtClass
Parameter 1) CtPackageReferenceImpl: spoon.test.filters.testclasses
2018-06-13 20:35:20,546 INFO spoon.Launcher - Step filter CtClass only) spoon.support.reflect.declaration.CtConstructorImpl cannot be cast to spoon.reflect.declaration.CtClass
Parameter 1) CtConstructorImpl: AbstractTostada() {
}
2018-06-13 20:35:20,547 INFO spoon.Launcher - Step filter CtClass only) spoon.support.reflect.code.CtBlockImpl cannot be cast to spoon.reflect.declaration.CtClass
Parameter 1) CtBlockImpl: {
}
2018-06-13 20:35:20,547 INFO spoon.Launcher - Step filter CtClass only) spoon.support.reflect.code.CtInvocationImpl cannot be cast to spoon.reflect.declaration.CtClass
Parameter 1) CtInvocationImpl: super()
2018-06-13 20:35:20,547 INFO spoon.Launcher - Step filter CtClass only) spoon.support.reflect.reference.CtExecutableReferenceImpl cannot be cast to spoon.reflect.declaration.CtClass
Parameter 1) CtExecutableReferenceImpl: java.lang.Object()
2018-06-13 20:35:20,547 INFO spoon.Launcher - Step filter CtClass only) spoon.support.reflect.reference.CtTypeReferenceImpl cannot be cast to spoon.reflect.declaration.CtClass
Parameter 1) CtTypeReferenceImpl: java.lang.Object
2018-06-13 20:35:20,547 INFO spoon.Launcher - Step filter CtClass only) spoon.support.reflect.reference.CtPackageReferenceImpl cannot be cast to spoon.reflect.declaration.CtClass
Parameter 1) CtPackageReferenceImpl: java.lang
2018-06-13 20:35:20,547 INFO spoon.Launcher - Step filter CtClass only) spoon.support.reflect.reference.CtTypeReferenceImpl cannot be cast to spoon.reflect.declaration.CtClass
Parameter 1) CtTypeReferenceImpl: java.lang.Object
2018-06-13 20:35:20,547 INFO spoon.Launcher - Step filter CtClass only) spoon.support.reflect.reference.CtPackageReferenceImpl cannot be cast to spoon.reflect.declaration.CtClass
Parameter 1) CtPackageReferenceImpl: java.lang
2018-06-13 20:35:20,548 INFO spoon.Launcher - Step filter CtClass only) spoon.support.reflect.declaration.CtMethodImpl cannot be cast to spoon.reflect.declaration.CtClass
Parameter 1) CtMethodImpl: @java.lang.Override
public spoon.test.filters.testclasses.ITostada make() {
    return new spoon.test.filters.testclasses.Tostada() {
        @java.lang.Override
        public void prepare() {
            super.prepare();
        }

        @java.lang.Override
        public spoon.test.filters.testclasses.ITostada make() {
            return super.make();
        }
    };
}
2018-06-13 20:35:20,548 INFO spoon.Launcher - Step filter CtClass only) spoon.support.reflect.declaration.CtAnnotationImpl cannot be cast to spoon.reflect.declaration.CtClass
Parameter 1) CtAnnotationImpl: @java.lang.Override
2018-06-13 20:35:20,548 INFO spoon.Launcher - Step filter CtClass only) spoon.support.reflect.reference.CtTypeReferenceImpl cannot be cast to spoon.reflect.declaration.CtClass
Parameter 1) CtTypeReferenceImpl: java.lang.Override
2018-06-13 20:35:20,548 INFO spoon.Launcher - Step filter CtClass only) spoon.support.reflect.reference.CtPackageReferenceImpl cannot be cast to spoon.reflect.declaration.CtClass
Parameter 1) CtPackageReferenceImpl: java.lang
2018-06-13 20:35:20,548 INFO spoon.Launcher - Step filter CtClass only) spoon.support.reflect.reference.CtTypeReferenceImpl cannot be cast to spoon.reflect.declaration.CtClass
Parameter 1) CtTypeReferenceImpl: java.lang.Override
2018-06-13 20:35:20,548 INFO spoon.Launcher - Step filter CtClass only) spoon.support.reflect.reference.CtPackageReferenceImpl cannot be cast to spoon.reflect.declaration.CtClass
Parameter 1) CtPackageReferenceImpl: java.lang
2018-06-13 20:35:20,549 INFO spoon.Launcher - Step filter CtClass only) spoon.support.reflect.reference.CtTypeReferenceImpl cannot be cast to spoon.reflect.declaration.CtClass
Parameter 1) CtTypeReferenceImpl: spoon.test.filters.testclasses.ITostada
2018-06-13 20:35:20,549 INFO spoon.Launcher - Step filter CtClass only) spoon.support.reflect.reference.CtPackageReferenceImpl cannot be cast to spoon.reflect.declaration.CtClass
Parameter 1) CtPackageReferenceImpl: spoon.test.filters.testclasses
2018-06-13 20:35:20,549 INFO spoon.Launcher - Step filter CtClass only) spoon.support.reflect.code.CtBlockImpl cannot be cast to spoon.reflect.declaration.CtClass
Parameter 1) CtBlockImpl: {
    return new spoon.test.filters.testclasses.Tostada() {
        @java.lang.Override
        public void prepare() {
            super.prepare();
        }

        @java.lang.Override
        public spoon.test.filters.testclasses.ITostada make() {
            return super.make();
        }
    };
}
2018-06-13 20:35:20,549 INFO spoon.Launcher - Step filter CtClass only) spoon.support.reflect.code.CtReturnImpl cannot be cast to spoon.reflect.declaration.CtClass
Parameter 1) CtReturnImpl: return new spoon.test.filters.testclasses.Tostada() {
    @java.lang.Override
    public void prepare() {
        super.prepare();
    }

    @java.lang.Override
    public spoon.test.filters.testclasses.ITostada make() {
        return super.make();
    }
}
2018-06-13 20:35:20,549 INFO spoon.Launcher - Step filter CtClass only) spoon.support.reflect.code.CtNewClassImpl cannot be cast to spoon.reflect.declaration.CtClass
Parameter 1) CtNewClassImpl: new spoon.test.filters.testclasses.Tostada() {
    @java.lang.Override
    public void prepare() {
        super.prepare();
    }

    @java.lang.Override
    public spoon.test.filters.testclasses.ITostada make() {
        return super.make();
    }
}
2018-06-13 20:35:20,550 INFO spoon.Launcher - Step filter CtClass only) spoon.support.reflect.reference.CtExecutableReferenceImpl cannot be cast to spoon.reflect.declaration.CtClass
Parameter 1) CtExecutableReferenceImpl: spoon.test.filters.testclasses.AbstractTostada$1()
2018-06-13 20:35:20,551 INFO spoon.Launcher - Step filter CtClass only) spoon.support.reflect.reference.CtTypeReferenceImpl cannot be cast to spoon.reflect.declaration.CtClass
Parameter 1) CtTypeReferenceImpl: spoon.test.filters.testclasses.AbstractTostada.1
2018-06-13 20:35:20,551 INFO spoon.Launcher - Step filter CtClass only) spoon.support.reflect.reference.CtTypeReferenceImpl cannot be cast to spoon.reflect.declaration.CtClass
Parameter 1) CtTypeReferenceImpl: spoon.test.filters.testclasses.AbstractTostada
2018-06-13 20:35:20,551 INFO spoon.Launcher - Step filter CtClass only) spoon.support.reflect.reference.CtPackageReferenceImpl cannot be cast to spoon.reflect.declaration.CtClass
Parameter 1) CtPackageReferenceImpl: spoon.test.filters.testclasses
2018-06-13 20:35:20,551 INFO spoon.Launcher - Step filter CtClass only) spoon.support.reflect.reference.CtTypeReferenceImpl cannot be cast to spoon.reflect.declaration.CtClass
Parameter 1) CtTypeReferenceImpl: spoon.test.filters.testclasses.Tostada
2018-06-13 20:35:20,551 INFO spoon.Launcher - Step filter CtClass only) spoon.support.reflect.reference.CtPackageReferenceImpl cannot be cast to spoon.reflect.declaration.CtClass
Parameter 1) CtPackageReferenceImpl: spoon.test.filters.testclasses
2018-06-13 20:35:20,551 INFO spoon.Launcher - Step filter CtClass only) spoon.support.reflect.reference.CtTypeReferenceImpl cannot be cast to spoon.reflect.declaration.CtClass
Parameter 1) CtTypeReferenceImpl: spoon.test.filters.testclasses.Tostada
2018-06-13 20:35:20,552 INFO spoon.Launcher - Step filter CtClass only) spoon.support.reflect.reference.CtPackageReferenceImpl cannot be cast to spoon.reflect.declaration.CtClass
Parameter 1) CtPackageReferenceImpl: spoon.test.filters.testclasses
2018-06-13 20:35:20,552 INFO spoon.Launcher - Step filter CtClass only) spoon.support.reflect.declaration.CtConstructorImpl cannot be cast to spoon.reflect.declaration.CtClass
Parameter 1) CtConstructorImpl: 1() {
}
2018-06-13 20:35:20,552 INFO spoon.Launcher - Step filter CtClass only) spoon.support.reflect.code.CtBlockImpl cannot be cast to spoon.reflect.declaration.CtClass
Parameter 1) CtBlockImpl: {
}
2018-06-13 20:35:20,552 INFO spoon.Launcher - Step filter CtClass only) spoon.support.reflect.code.CtInvocationImpl cannot be cast to spoon.reflect.declaration.CtClass
Parameter 1) CtInvocationImpl: super()
2018-06-13 20:35:20,552 INFO spoon.Launcher - Step filter CtClass only) spoon.support.reflect.reference.CtExecutableReferenceImpl cannot be cast to spoon.reflect.declaration.CtClass
Parameter 1) CtExecutableReferenceImpl: spoon.test.filters.testclasses.Tostada()
2018-06-13 20:35:20,552 INFO spoon.Launcher - Step filter CtClass only) spoon.support.reflect.reference.CtTypeReferenceImpl cannot be cast to spoon.reflect.declaration.CtClass
Parameter 1) CtTypeReferenceImpl: spoon.test.filters.testclasses.Tostada
2018-06-13 20:35:20,553 INFO spoon.Launcher - Step filter CtClass only) spoon.support.reflect.reference.CtPackageReferenceImpl cannot be cast to spoon.reflect.declaration.CtClass
Parameter 1) CtPackageReferenceImpl: spoon.test.filters.testclasses
2018-06-13 20:35:20,553 INFO spoon.Launcher - Step filter CtClass only) spoon.support.reflect.reference.CtTypeReferenceImpl cannot be cast to spoon.reflect.declaration.CtClass
Parameter 1) CtTypeReferenceImpl: spoon.test.filters.testclasses.Tostada
2018-06-13 20:35:20,553 INFO spoon.Launcher - Step filter CtClass only) spoon.support.reflect.reference.CtPackageReferenceImpl cannot be cast to spoon.reflect.declaration.CtClass
Parameter 1) CtPackageReferenceImpl: spoon.test.filters.testclasses
2018-06-13 20:35:20,553 INFO spoon.Launcher - Step filter CtClass only) spoon.support.reflect.declaration.CtMethodImpl cannot be cast to spoon.reflect.declaration.CtClass
Parameter 1) CtMethodImpl: @java.lang.Override
public void prepare() {
    super.prepare();
}
2018-06-13 20:35:20,553 INFO spoon.Launcher - Step filter CtClass only) spoon.support.reflect.declaration.CtAnnotationImpl cannot be cast to spoon.reflect.declaration.CtClass
Parameter 1) CtAnnotationImpl: @java.lang.Override
2018-06-13 20:35:20,553 INFO spoon.Launcher - Step filter CtClass only) spoon.support.reflect.reference.CtTypeReferenceImpl cannot be cast to spoon.reflect.declaration.CtClass
Parameter 1) CtTypeReferenceImpl: java.lang.Override
2018-06-13 20:35:20,553 INFO spoon.Launcher - Step filter CtClass only) spoon.support.reflect.reference.CtPackageReferenceImpl cannot be cast to spoon.reflect.declaration.CtClass
Parameter 1) CtPackageReferenceImpl: java.lang
2018-06-13 20:35:20,553 INFO spoon.Launcher - Step filter CtClass only) spoon.support.reflect.reference.CtTypeReferenceImpl cannot be cast to spoon.reflect.declaration.CtClass
Parameter 1) CtTypeReferenceImpl: java.lang.Override
2018-06-13 20:35:20,554 INFO spoon.Launcher - Step filter CtClass only) spoon.support.reflect.reference.CtPackageReferenceImpl cannot be cast to spoon.reflect.declaration.CtClass
Parameter 1) CtPackageReferenceImpl: java.lang
2018-06-13 20:35:20,554 INFO spoon.Launcher - Step filter CtClass only) spoon.support.reflect.reference.CtTypeReferenceImpl cannot be cast to spoon.reflect.declaration.CtClass
Parameter 1) CtTypeReferenceImpl: void
2018-06-13 20:35:20,554 INFO spoon.Launcher - Step filter CtClass only) spoon.support.reflect.code.CtBlockImpl cannot be cast to spoon.reflect.declaration.CtClass
Parameter 1) CtBlockImpl: {
    super.prepare();
}
2018-06-13 20:35:20,555 INFO spoon.Launcher - Step filter CtClass only) spoon.support.reflect.code.CtInvocationImpl cannot be cast to spoon.reflect.declaration.CtClass
Parameter 1) CtInvocationImpl: super.prepare()
2018-06-13 20:35:20,555 INFO spoon.Launcher - Step filter CtClass only) spoon.support.reflect.code.CtSuperAccessImpl cannot be cast to spoon.reflect.declaration.CtClass
Parameter 1) CtSuperAccessImpl: super
2018-06-13 20:35:20,556 INFO spoon.Launcher - Step filter CtClass only) spoon.support.reflect.reference.CtLocalVariableReferenceImpl cannot be cast to spoon.reflect.declaration.CtClass
Parameter 1) CtLocalVariableReferenceImpl: 
2018-06-13 20:35:20,556 INFO spoon.Launcher - Step filter CtClass only) spoon.support.reflect.reference.CtTypeReferenceImpl cannot be cast to spoon.reflect.declaration.CtClass
Parameter 1) CtTypeReferenceImpl: spoon.test.filters.testclasses.Tostada
2018-06-13 20:35:20,556 INFO spoon.Launcher - Step filter CtClass only) spoon.support.reflect.reference.CtPackageReferenceImpl cannot be cast to spoon.reflect.declaration.CtClass
Parameter 1) CtPackageReferenceImpl: spoon.test.filters.testclasses
2018-06-13 20:35:20,556 INFO spoon.Launcher - Step filter CtClass only) spoon.support.reflect.reference.CtExecutableReferenceImpl cannot be cast to spoon.reflect.declaration.CtClass
Parameter 1) CtExecutableReferenceImpl: prepare()
2018-06-13 20:35:20,556 INFO spoon.Launcher - Step filter CtClass only) spoon.support.reflect.reference.CtTypeReferenceImpl cannot be cast to spoon.reflect.declaration.CtClass
Parameter 1) CtTypeReferenceImpl: spoon.test.filters.testclasses.Tostada
2018-06-13 20:35:20,557 INFO spoon.Launcher - Step filter CtClass only) spoon.support.reflect.reference.CtPackageReferenceImpl cannot be cast to spoon.reflect.declaration.CtClass
Parameter 1) CtPackageReferenceImpl: spoon.test.filters.testclasses
2018-06-13 20:35:20,557 INFO spoon.Launcher - Step filter CtClass only) spoon.support.reflect.reference.CtTypeReferenceImpl cannot be cast to spoon.reflect.declaration.CtClass
Parameter 1) CtTypeReferenceImpl: void
2018-06-13 20:35:20,557 INFO spoon.Launcher - Step filter CtClass only) spoon.support.reflect.declaration.CtMethodImpl cannot be cast to spoon.reflect.declaration.CtClass
Parameter 1) CtMethodImpl: @java.lang.Override
public spoon.test.filters.testclasses.ITostada make() {
    return super.make();
}
2018-06-13 20:35:20,558 INFO spoon.Launcher - Step filter CtClass only) spoon.support.reflect.declaration.CtAnnotationImpl cannot be cast to spoon.reflect.declaration.CtClass
Parameter 1) CtAnnotationImpl: @java.lang.Override
2018-06-13 20:35:20,558 INFO spoon.Launcher - Step filter CtClass only) spoon.support.reflect.reference.CtTypeReferenceImpl cannot be cast to spoon.reflect.declaration.CtClass
Parameter 1) CtTypeReferenceImpl: java.lang.Override
2018-06-13 20:35:20,558 INFO spoon.Launcher - Step filter CtClass only) spoon.support.reflect.reference.CtPackageReferenceImpl cannot be cast to spoon.reflect.declaration.CtClass
Parameter 1) CtPackageReferenceImpl: java.lang
2018-06-13 20:35:20,558 INFO spoon.Launcher - Step filter CtClass only) spoon.support.reflect.reference.CtTypeReferenceImpl cannot be cast to spoon.reflect.declaration.CtClass
Parameter 1) CtTypeReferenceImpl: java.lang.Override
2018-06-13 20:35:20,558 INFO spoon.Launcher - Step filter CtClass only) spoon.support.reflect.reference.CtPackageReferenceImpl cannot be cast to spoon.reflect.declaration.CtClass
Parameter 1) CtPackageReferenceImpl: java.lang
2018-06-13 20:35:20,559 INFO spoon.Launcher - Step filter CtClass only) spoon.support.reflect.reference.CtTypeReferenceImpl cannot be cast to spoon.reflect.declaration.CtClass
Parameter 1) CtTypeReferenceImpl: spoon.test.filters.testclasses.ITostada
2018-06-13 20:35:20,559 INFO spoon.Launcher - Step filter CtClass only) spoon.support.reflect.reference.CtPackageReferenceImpl cannot be cast to spoon.reflect.declaration.CtClass
Parameter 1) CtPackageReferenceImpl: spoon.test.filters.testclasses
2018-06-13 20:35:20,559 INFO spoon.Launcher - Step filter CtClass only) spoon.support.reflect.code.CtBlockImpl cannot be cast to spoon.reflect.declaration.CtClass
Parameter 1) CtBlockImpl: {
    return super.make();
}
2018-06-13 20:35:20,559 INFO spoon.Launcher - Step filter CtClass only) spoon.support.reflect.code.CtReturnImpl cannot be cast to spoon.reflect.declaration.CtClass
Parameter 1) CtReturnImpl: return super.make()
2018-06-13 20:35:20,560 INFO spoon.Launcher - Step filter CtClass only) spoon.support.reflect.code.CtInvocationImpl cannot be cast to spoon.reflect.declaration.CtClass
Parameter 1) CtInvocationImpl: super.make()
2018-06-13 20:35:20,560 INFO spoon.Launcher - Step filter CtClass only) spoon.support.reflect.code.CtSuperAccessImpl cannot be cast to spoon.reflect.declaration.CtClass
Parameter 1) CtSuperAccessImpl: super
2018-06-13 20:35:20,560 INFO spoon.Launcher - Step filter CtClass only) spoon.support.reflect.reference.CtLocalVariableReferenceImpl cannot be cast to spoon.reflect.declaration.CtClass
Parameter 1) CtLocalVariableReferenceImpl: 
2018-06-13 20:35:20,560 INFO spoon.Launcher - Step filter CtClass only) spoon.support.reflect.reference.CtTypeReferenceImpl cannot be cast to spoon.reflect.declaration.CtClass
Parameter 1) CtTypeReferenceImpl: spoon.test.filters.testclasses.Tostada
2018-06-13 20:35:20,561 INFO spoon.Launcher - Step filter CtClass only) spoon.support.reflect.reference.CtPackageReferenceImpl cannot be cast to spoon.reflect.declaration.CtClass
Parameter 1) CtPackageReferenceImpl: spoon.test.filters.testclasses
2018-06-13 20:35:20,561 INFO spoon.Launcher - Step filter CtClass only) spoon.support.reflect.reference.CtExecutableReferenceImpl cannot be cast to spoon.reflect.declaration.CtClass
Parameter 1) CtExecutableReferenceImpl: make()
2018-06-13 20:35:20,561 INFO spoon.Launcher - Step filter CtClass only) spoon.support.reflect.reference.CtTypeReferenceImpl cannot be cast to spoon.reflect.declaration.CtClass
Parameter 1) CtTypeReferenceImpl: spoon.test.filters.testclasses.Tostada
2018-06-13 20:35:20,561 INFO spoon.Launcher - Step filter CtClass only) spoon.support.reflect.reference.CtPackageReferenceImpl cannot be cast to spoon.reflect.declaration.CtClass
Parameter 1) CtPackageReferenceImpl: spoon.test.filters.testclasses
2018-06-13 20:35:20,562 INFO spoon.Launcher - Step filter CtClass only) spoon.support.reflect.reference.CtTypeReferenceImpl cannot be cast to spoon.reflect.declaration.CtClass
Parameter 1) CtTypeReferenceImpl: spoon.test.filters.testclasses.ITostada
2018-06-13 20:35:20,562 INFO spoon.Launcher - Step filter CtClass only) spoon.support.reflect.reference.CtPackageReferenceImpl cannot be cast to spoon.reflect.declaration.CtClass
Parameter 1) CtPackageReferenceImpl: spoon.test.filters.testclasses
2018-06-13 20:35:20,562 INFO spoon.Launcher - Step filter CtClass only) spoon.support.reflect.declaration.CtMethodImpl cannot be cast to spoon.reflect.declaration.CtClass
Parameter 1) CtMethodImpl: public abstract void prepare();
2018-06-13 20:35:20,562 INFO spoon.Launcher - Step filter CtClass only) spoon.support.reflect.reference.CtTypeReferenceImpl cannot be cast to spoon.reflect.declaration.CtClass
Parameter 1) CtTypeReferenceImpl: void
2018-06-13 20:35:20,562 INFO spoon.Launcher - Step filter CtClass only) spoon.support.reflect.declaration.CtMethodImpl cannot be cast to spoon.reflect.declaration.CtClass
Parameter 1) CtMethodImpl: public void honey() {
}
2018-06-13 20:35:20,563 INFO spoon.Launcher - Step filter CtClass only) spoon.support.reflect.reference.CtTypeReferenceImpl cannot be cast to spoon.reflect.declaration.CtClass
Parameter 1) CtTypeReferenceImpl: void
2018-06-13 20:35:20,563 INFO spoon.Launcher - Step filter CtClass only) spoon.support.reflect.code.CtBlockImpl cannot be cast to spoon.reflect.declaration.CtClass
Parameter 1) CtBlockImpl: {
}
2018-06-13 20:35:20,563 INFO spoon.Launcher - Step filter CtClass only) spoon.support.reflect.reference.CtTypeReferenceImpl cannot be cast to spoon.reflect.declaration.CtClass
Parameter 1) CtTypeReferenceImpl: spoon.test.filters.testclasses.AbstractTostada
2018-06-13 20:35:20,563 INFO spoon.Launcher - Step filter CtClass only) spoon.support.reflect.reference.CtPackageReferenceImpl cannot be cast to spoon.reflect.declaration.CtClass
Parameter 1) CtPackageReferenceImpl: spoon.test.filters.testclasses
2018-06-13 20:35:20,564 INFO spoon.Launcher - Step filter CtClass only) spoon.support.reflect.declaration.CtConstructorImpl cannot be cast to spoon.reflect.declaration.CtClass
Parameter 1) CtConstructorImpl: Antojito() {
}
2018-06-13 20:35:20,564 INFO spoon.Launcher - Step filter CtClass only) spoon.support.reflect.code.CtBlockImpl cannot be cast to spoon.reflect.declaration.CtClass
Parameter 1) CtBlockImpl: {
}
2018-06-13 20:35:20,564 INFO spoon.Launcher - Step filter CtClass only) spoon.support.reflect.code.CtInvocationImpl cannot be cast to spoon.reflect.declaration.CtClass
Parameter 1) CtInvocationImpl: super()
2018-06-13 20:35:20,564 INFO spoon.Launcher - Step filter CtClass only) spoon.support.reflect.reference.CtExecutableReferenceImpl cannot be cast to spoon.reflect.declaration.CtClass
Parameter 1) CtExecutableReferenceImpl: spoon.test.filters.testclasses.AbstractTostada()
2018-06-13 20:35:20,564 INFO spoon.Launcher - Step filter CtClass only) spoon.support.reflect.reference.CtTypeReferenceImpl cannot be cast to spoon.reflect.declaration.CtClass
Parameter 1) CtTypeReferenceImpl: spoon.test.filters.testclasses.AbstractTostada
2018-06-13 20:35:20,565 INFO spoon.Launcher - Step filter CtClass only) spoon.support.reflect.reference.CtPackageReferenceImpl cannot be cast to spoon.reflect.declaration.CtClass
Parameter 1) CtPackageReferenceImpl: spoon.test.filters.testclasses
2018-06-13 20:35:20,565 INFO spoon.Launcher - Step filter CtClass only) spoon.support.reflect.reference.CtTypeReferenceImpl cannot be cast to spoon.reflect.declaration.CtClass
Parameter 1) CtTypeReferenceImpl: spoon.test.filters.testclasses.AbstractTostada
2018-06-13 20:35:20,565 INFO spoon.Launcher - Step filter CtClass only) spoon.support.reflect.reference.CtPackageReferenceImpl cannot be cast to spoon.reflect.declaration.CtClass
Parameter 1) CtPackageReferenceImpl: spoon.test.filters.testclasses
2018-06-13 20:35:20,566 INFO spoon.Launcher - Step filter CtClass only) spoon.support.reflect.declaration.CtMethodImpl cannot be cast to spoon.reflect.declaration.CtClass
Parameter 1) CtMethodImpl: @java.lang.Override
public void prepare() {
    java.lang.System.out.println("Antojito");
}
2018-06-13 20:35:20,566 INFO spoon.Launcher - Step filter CtClass only) spoon.support.reflect.declaration.CtAnnotationImpl cannot be cast to spoon.reflect.declaration.CtClass
Parameter 1) CtAnnotationImpl: @java.lang.Override
2018-06-13 20:35:20,566 INFO spoon.Launcher - Step filter CtClass only) spoon.support.reflect.reference.CtTypeReferenceImpl cannot be cast to spoon.reflect.declaration.CtClass
Parameter 1) CtTypeReferenceImpl: java.lang.Override
2018-06-13 20:35:20,566 INFO spoon.Launcher - Step filter CtClass only) spoon.support.reflect.reference.CtPackageReferenceImpl cannot be cast to spoon.reflect.declaration.CtClass
Parameter 1) CtPackageReferenceImpl: java.lang
2018-06-13 20:35:20,566 INFO spoon.Launcher - Step filter CtClass only) spoon.support.reflect.reference.CtTypeReferenceImpl cannot be cast to spoon.reflect.declaration.CtClass
Parameter 1) CtTypeReferenceImpl: java.lang.Override
2018-06-13 20:35:20,566 INFO spoon.Launcher - Step filter CtClass only) spoon.support.reflect.reference.CtPackageReferenceImpl cannot be cast to spoon.reflect.declaration.CtClass
Parameter 1) CtPackageReferenceImpl: java.lang
2018-06-13 20:35:20,567 INFO spoon.Launcher - Step filter CtClass only) spoon.support.reflect.reference.CtTypeReferenceImpl cannot be cast to spoon.reflect.declaration.CtClass
Parameter 1) CtTypeReferenceImpl: void
2018-06-13 20:35:20,567 INFO spoon.Launcher - Step filter CtClass only) spoon.support.reflect.code.CtBlockImpl cannot be cast to spoon.reflect.declaration.CtClass
Parameter 1) CtBlockImpl: {
    java.lang.System.out.println("Antojito");
}
2018-06-13 20:35:20,567 INFO spoon.Launcher - Step filter CtClass only) spoon.support.reflect.code.CtInvocationImpl cannot be cast to spoon.reflect.declaration.CtClass
Parameter 1) CtInvocationImpl: java.lang.System.out.println("Antojito")
2018-06-13 20:35:20,568 INFO spoon.Launcher - Step filter CtClass only) spoon.support.reflect.code.CtFieldReadImpl cannot be cast to spoon.reflect.declaration.CtClass
Parameter 1) CtFieldReadImpl: java.lang.System.out
2018-06-13 20:35:20,568 INFO spoon.Launcher - Step filter CtClass only) spoon.support.reflect.code.CtTypeAccessImpl cannot be cast to spoon.reflect.declaration.CtClass
Parameter 1) CtTypeAccessImpl: java.lang.System
2018-06-13 20:35:20,568 INFO spoon.Launcher - Step filter CtClass only) spoon.support.reflect.reference.CtTypeReferenceImpl cannot be cast to spoon.reflect.declaration.CtClass
Parameter 1) CtTypeReferenceImpl: java.lang.System
2018-06-13 20:35:20,568 INFO spoon.Launcher - Step filter CtClass only) spoon.support.reflect.reference.CtPackageReferenceImpl cannot be cast to spoon.reflect.declaration.CtClass
Parameter 1) CtPackageReferenceImpl: java.lang
2018-06-13 20:35:20,568 INFO spoon.Launcher - Step filter CtClass only) spoon.support.reflect.reference.CtFieldReferenceImpl cannot be cast to spoon.reflect.declaration.CtClass
Parameter 1) CtFieldReferenceImpl: java.lang.System.out
2018-06-13 20:35:20,569 INFO spoon.Launcher - Step filter CtClass only) spoon.support.reflect.reference.CtTypeReferenceImpl cannot be cast to spoon.reflect.declaration.CtClass
Parameter 1) CtTypeReferenceImpl: java.lang.System
2018-06-13 20:35:20,569 INFO spoon.Launcher - Step filter CtClass only) spoon.support.reflect.reference.CtPackageReferenceImpl cannot be cast to spoon.reflect.declaration.CtClass
Parameter 1) CtPackageReferenceImpl: java.lang
2018-06-13 20:35:20,569 INFO spoon.Launcher - Step filter CtClass only) spoon.support.reflect.reference.CtTypeReferenceImpl cannot be cast to spoon.reflect.declaration.CtClass
Parameter 1) CtTypeReferenceImpl: java.io.PrintStream
2018-06-13 20:35:20,569 INFO spoon.Launcher - Step filter CtClass only) spoon.support.reflect.reference.CtPackageReferenceImpl cannot be cast to spoon.reflect.declaration.CtClass
Parameter 1) CtPackageReferenceImpl: java.io
2018-06-13 20:35:20,569 INFO spoon.Launcher - Step filter CtClass only) spoon.support.reflect.reference.CtExecutableReferenceImpl cannot be cast to spoon.reflect.declaration.CtClass
Parameter 1) CtExecutableReferenceImpl: println(java.lang.String)
2018-06-13 20:35:20,570 INFO spoon.Launcher - Step filter CtClass only) spoon.support.reflect.reference.CtTypeReferenceImpl cannot be cast to spoon.reflect.declaration.CtClass
Parameter 1) CtTypeReferenceImpl: java.io.PrintStream
2018-06-13 20:35:20,570 INFO spoon.Launcher - Step filter CtClass only) spoon.support.reflect.reference.CtPackageReferenceImpl cannot be cast to spoon.reflect.declaration.CtClass
Parameter 1) CtPackageReferenceImpl: java.io
2018-06-13 20:35:20,570 INFO spoon.Launcher - Step filter CtClass only) spoon.support.reflect.reference.CtTypeReferenceImpl cannot be cast to spoon.reflect.declaration.CtClass
Parameter 1) CtTypeReferenceImpl: void
2018-06-13 20:35:20,570 INFO spoon.Launcher - Step filter CtClass only) spoon.support.reflect.reference.CtTypeReferenceImpl cannot be cast to spoon.reflect.declaration.CtClass
Parameter 1) CtTypeReferenceImpl: java.lang.String
2018-06-13 20:35:20,570 INFO spoon.Launcher - Step filter CtClass only) spoon.support.reflect.reference.CtPackageReferenceImpl cannot be cast to spoon.reflect.declaration.CtClass
Parameter 1) CtPackageReferenceImpl: java.lang
2018-06-13 20:35:20,571 INFO spoon.Launcher - Step filter CtClass only) spoon.support.reflect.code.CtLiteralImpl cannot be cast to spoon.reflect.declaration.CtClass
Parameter 1) CtLiteralImpl: "Antojito"
2018-06-13 20:35:20,571 INFO spoon.Launcher - Step filter CtClass only) spoon.support.reflect.reference.CtTypeReferenceImpl cannot be cast to spoon.reflect.declaration.CtClass
Parameter 1) CtTypeReferenceImpl: java.lang.String
2018-06-13 20:35:20,571 INFO spoon.Launcher - Step filter CtClass only) spoon.support.reflect.reference.CtPackageReferenceImpl cannot be cast to spoon.reflect.declaration.CtClass
Parameter 1) CtPackageReferenceImpl: java.lang
2018-06-13 20:35:20,571 INFO spoon.Launcher - Step filter CtClass only) spoon.support.reflect.declaration.CtMethodImpl cannot be cast to spoon.reflect.declaration.CtClass
Parameter 1) CtMethodImpl: public void prepare(java.lang.String ingredient) {
}
2018-06-13 20:35:20,571 INFO spoon.Launcher - Step filter CtClass only) spoon.support.reflect.reference.CtTypeReferenceImpl cannot be cast to spoon.reflect.declaration.CtClass
Parameter 1) CtTypeReferenceImpl: void
2018-06-13 20:35:20,572 INFO spoon.Launcher - Step filter CtClass only) spoon.support.reflect.declaration.CtParameterImpl cannot be cast to spoon.reflect.declaration.CtClass
Parameter 1) CtParameterImpl: java.lang.String ingredient
2018-06-13 20:35:20,572 INFO spoon.Launcher - Step filter CtClass only) spoon.support.reflect.reference.CtTypeReferenceImpl cannot be cast to spoon.reflect.declaration.CtClass
Parameter 1) CtTypeReferenceImpl: java.lang.String
2018-06-13 20:35:20,572 INFO spoon.Launcher - Step filter CtClass only) spoon.support.reflect.reference.CtPackageReferenceImpl cannot be cast to spoon.reflect.declaration.CtClass
Parameter 1) CtPackageReferenceImpl: java.lang
2018-06-13 20:35:20,572 INFO spoon.Launcher - Step filter CtClass only) spoon.support.reflect.code.CtBlockImpl cannot be cast to spoon.reflect.declaration.CtClass
Parameter 1) CtBlockImpl: {
}
2018-06-13 20:35:20,572 INFO spoon.Launcher - Step filter CtClass only) spoon.support.reflect.reference.CtTypeReferenceImpl cannot be cast to spoon.reflect.declaration.CtClass
Parameter 1) CtTypeReferenceImpl: java.util.ArrayList
2018-06-13 20:35:20,573 INFO spoon.Launcher - Step filter CtClass only) spoon.support.reflect.reference.CtPackageReferenceImpl cannot be cast to spoon.reflect.declaration.CtClass
Parameter 1) CtPackageReferenceImpl: java.util
2018-06-13 20:35:20,573 INFO spoon.Launcher - Step filter CtClass only) spoon.support.reflect.declaration.CtFieldImpl cannot be cast to spoon.reflect.declaration.CtClass
Parameter 1) CtFieldImpl: private int myfield = 0;
2018-06-13 20:35:20,573 INFO spoon.Launcher - Step filter CtClass only) spoon.support.reflect.reference.CtTypeReferenceImpl cannot be cast to spoon.reflect.declaration.CtClass
Parameter 1) CtTypeReferenceImpl: int
2018-06-13 20:35:20,573 INFO spoon.Launcher - Step filter CtClass only) spoon.support.reflect.code.CtLiteralImpl cannot be cast to spoon.reflect.declaration.CtClass
Parameter 1) CtLiteralImpl: 0
2018-06-13 20:35:20,573 INFO spoon.Launcher - Step filter CtClass only) spoon.support.reflect.reference.CtTypeReferenceImpl cannot be cast to spoon.reflect.declaration.CtClass
Parameter 1) CtTypeReferenceImpl: int
2018-06-13 20:35:20,574 INFO spoon.Launcher - Step filter CtClass only) spoon.support.reflect.declaration.CtConstructorImpl cannot be cast to spoon.reflect.declaration.CtClass
Parameter 1) CtConstructorImpl: FieldAccessFilterTacos() {
    super();
    this.myfield = 0;
}
2018-06-13 20:35:20,574 INFO spoon.Launcher - Step filter CtClass only) spoon.support.reflect.code.CtBlockImpl cannot be cast to spoon.reflect.declaration.CtClass
Parameter 1) CtBlockImpl: {
    super();
    this.myfield = 0;
}
2018-06-13 20:35:20,574 INFO spoon.Launcher - Step filter CtClass only) spoon.support.reflect.code.CtInvocationImpl cannot be cast to spoon.reflect.declaration.CtClass
Parameter 1) CtInvocationImpl: super()
2018-06-13 20:35:20,575 INFO spoon.Launcher - Step filter CtClass only) spoon.support.reflect.reference.CtExecutableReferenceImpl cannot be cast to spoon.reflect.declaration.CtClass
Parameter 1) CtExecutableReferenceImpl: java.util.ArrayList()
2018-06-13 20:35:20,575 INFO spoon.Launcher - Step filter CtClass only) spoon.support.reflect.reference.CtTypeReferenceImpl cannot be cast to spoon.reflect.declaration.CtClass
Parameter 1) CtTypeReferenceImpl: java.util.ArrayList
2018-06-13 20:35:20,575 INFO spoon.Launcher - Step filter CtClass only) spoon.support.reflect.reference.CtPackageReferenceImpl cannot be cast to spoon.reflect.declaration.CtClass
Parameter 1) CtPackageReferenceImpl: java.util
2018-06-13 20:35:20,575 INFO spoon.Launcher - Step filter CtClass only) spoon.support.reflect.reference.CtTypeReferenceImpl cannot be cast to spoon.reflect.declaration.CtClass
Parameter 1) CtTypeReferenceImpl: java.util.ArrayList
2018-06-13 20:35:20,575 INFO spoon.Launcher - Step filter CtClass only) spoon.support.reflect.reference.CtPackageReferenceImpl cannot be cast to spoon.reflect.declaration.CtClass
Parameter 1) CtPackageReferenceImpl: java.util
2018-06-13 20:35:20,575 INFO spoon.Launcher - Step filter CtClass only) spoon.support.reflect.code.CtAssignmentImpl cannot be cast to spoon.reflect.declaration.CtClass
Parameter 1) CtAssignmentImpl: this.myfield = 0
2018-06-13 20:35:20,576 INFO spoon.Launcher - Step filter CtClass only) spoon.support.reflect.reference.CtTypeReferenceImpl cannot be cast to spoon.reflect.declaration.CtClass
Parameter 1) CtTypeReferenceImpl: int
2018-06-13 20:35:20,576 INFO spoon.Launcher - Step filter CtClass only) spoon.support.reflect.code.CtFieldWriteImpl cannot be cast to spoon.reflect.declaration.CtClass
Parameter 1) CtFieldWriteImpl: this.myfield
2018-06-13 20:35:20,576 INFO spoon.Launcher - Step filter CtClass only) spoon.support.reflect.code.CtThisAccessImpl cannot be cast to spoon.reflect.declaration.CtClass
Parameter 1) CtThisAccessImpl: this
2018-06-13 20:35:20,576 INFO spoon.Launcher - Step filter CtClass only) spoon.support.reflect.reference.CtTypeReferenceImpl cannot be cast to spoon.reflect.declaration.CtClass
Parameter 1) CtTypeReferenceImpl: spoon.test.filters.testclasses.FieldAccessFilterTacos
2018-06-13 20:35:20,576 INFO spoon.Launcher - Step filter CtClass only) spoon.support.reflect.reference.CtPackageReferenceImpl cannot be cast to spoon.reflect.declaration.CtClass
Parameter 1) CtPackageReferenceImpl: spoon.test.filters.testclasses
2018-06-13 20:35:20,577 INFO spoon.Launcher - Step filter CtClass only) spoon.support.reflect.code.CtTypeAccessImpl cannot be cast to spoon.reflect.declaration.CtClass
Parameter 1) CtTypeAccessImpl: spoon.test.filters.testclasses.FieldAccessFilterTacos
2018-06-13 20:35:20,577 INFO spoon.Launcher - Step filter CtClass only) spoon.support.reflect.reference.CtTypeReferenceImpl cannot be cast to spoon.reflect.declaration.CtClass
Parameter 1) CtTypeReferenceImpl: spoon.test.filters.testclasses.FieldAccessFilterTacos
2018-06-13 20:35:20,577 INFO spoon.Launcher - Step filter CtClass only) spoon.support.reflect.reference.CtPackageReferenceImpl cannot be cast to spoon.reflect.declaration.CtClass
Parameter 1) CtPackageReferenceImpl: spoon.test.filters.testclasses
2018-06-13 20:35:20,577 INFO spoon.Launcher - Step filter CtClass only) spoon.support.reflect.reference.CtFieldReferenceImpl cannot be cast to spoon.reflect.declaration.CtClass
Parameter 1) CtFieldReferenceImpl: myfield
2018-06-13 20:35:20,577 INFO spoon.Launcher - Step filter CtClass only) spoon.support.reflect.reference.CtTypeReferenceImpl cannot be cast to spoon.reflect.declaration.CtClass
Parameter 1) CtTypeReferenceImpl: spoon.test.filters.testclasses.FieldAccessFilterTacos
2018-06-13 20:35:20,577 INFO spoon.Launcher - Step filter CtClass only) spoon.support.reflect.reference.CtPackageReferenceImpl cannot be cast to spoon.reflect.declaration.CtClass
Parameter 1) CtPackageReferenceImpl: spoon.test.filters.testclasses
2018-06-13 20:35:20,578 INFO spoon.Launcher - Step filter CtClass only) spoon.support.reflect.reference.CtTypeReferenceImpl cannot be cast to spoon.reflect.declaration.CtClass
Parameter 1) CtTypeReferenceImpl: int
2018-06-13 20:35:20,578 INFO spoon.Launcher - Step filter CtClass only) spoon.support.reflect.code.CtLiteralImpl cannot be cast to spoon.reflect.declaration.CtClass
Parameter 1) CtLiteralImpl: 0
2018-06-13 20:35:20,578 INFO spoon.Launcher - Step filter CtClass only) spoon.support.reflect.reference.CtTypeReferenceImpl cannot be cast to spoon.reflect.declaration.CtClass
Parameter 1) CtTypeReferenceImpl: int
2018-06-13 20:35:20,579 INFO spoon.Launcher - Step filter CtClass only) spoon.support.reflect.declaration.CtMethodImpl cannot be cast to spoon.reflect.declaration.CtClass
Parameter 1) CtMethodImpl: public void m() {
    myfield = super.size();
    java.lang.Object o = super.get(myfield);
}
2018-06-13 20:35:20,579 INFO spoon.Launcher - Step filter CtClass only) spoon.support.reflect.reference.CtTypeReferenceImpl cannot be cast to spoon.reflect.declaration.CtClass
Parameter 1) CtTypeReferenceImpl: void
2018-06-13 20:35:20,579 INFO spoon.Launcher - Step filter CtClass only) spoon.support.reflect.code.CtBlockImpl cannot be cast to spoon.reflect.declaration.CtClass
Parameter 1) CtBlockImpl: {
    myfield = super.size();
    java.lang.Object o = super.get(myfield);
}
2018-06-13 20:35:20,579 INFO spoon.Launcher - Step filter CtClass only) spoon.support.reflect.code.CtAssignmentImpl cannot be cast to spoon.reflect.declaration.CtClass
Parameter 1) CtAssignmentImpl: myfield = super.size()
2018-06-13 20:35:20,580 INFO spoon.Launcher - Step filter CtClass only) spoon.support.reflect.reference.CtTypeReferenceImpl cannot be cast to spoon.reflect.declaration.CtClass
Parameter 1) CtTypeReferenceImpl: int
2018-06-13 20:35:20,580 INFO spoon.Launcher - Step filter CtClass only) spoon.support.reflect.code.CtFieldWriteImpl cannot be cast to spoon.reflect.declaration.CtClass
Parameter 1) CtFieldWriteImpl: myfield
2018-06-13 20:35:20,580 INFO spoon.Launcher - Step filter CtClass only) spoon.support.reflect.code.CtThisAccessImpl cannot be cast to spoon.reflect.declaration.CtClass
Parameter 1) CtThisAccessImpl: 
2018-06-13 20:35:20,580 INFO spoon.Launcher - Step filter CtClass only) spoon.support.reflect.reference.CtTypeReferenceImpl cannot be cast to spoon.reflect.declaration.CtClass
Parameter 1) CtTypeReferenceImpl: spoon.test.filters.testclasses.FieldAccessFilterTacos
2018-06-13 20:35:20,580 INFO spoon.Launcher - Step filter CtClass only) spoon.support.reflect.reference.CtPackageReferenceImpl cannot be cast to spoon.reflect.declaration.CtClass
Parameter 1) CtPackageReferenceImpl: spoon.test.filters.testclasses
2018-06-13 20:35:20,581 INFO spoon.Launcher - Step filter CtClass only) spoon.support.reflect.code.CtTypeAccessImpl cannot be cast to spoon.reflect.declaration.CtClass
Parameter 1) CtTypeAccessImpl: spoon.test.filters.testclasses.FieldAccessFilterTacos
2018-06-13 20:35:20,581 INFO spoon.Launcher - Step filter CtClass only) spoon.support.reflect.reference.CtTypeReferenceImpl cannot be cast to spoon.reflect.declaration.CtClass
Parameter 1) CtTypeReferenceImpl: spoon.test.filters.testclasses.FieldAccessFilterTacos
2018-06-13 20:35:20,581 INFO spoon.Launcher - Step filter CtClass only) spoon.support.reflect.reference.CtPackageReferenceImpl cannot be cast to spoon.reflect.declaration.CtClass
Parameter 1) CtPackageReferenceImpl: spoon.test.filters.testclasses
2018-06-13 20:35:20,581 INFO spoon.Launcher - Step filter CtClass only) spoon.support.reflect.reference.CtFieldReferenceImpl cannot be cast to spoon.reflect.declaration.CtClass
Parameter 1) CtFieldReferenceImpl: myfield
2018-06-13 20:35:20,581 INFO spoon.Launcher - Step filter CtClass only) spoon.support.reflect.reference.CtTypeReferenceImpl cannot be cast to spoon.reflect.declaration.CtClass
Parameter 1) CtTypeReferenceImpl: spoon.test.filters.testclasses.FieldAccessFilterTacos
2018-06-13 20:35:20,581 INFO spoon.Launcher - Step filter CtClass only) spoon.support.reflect.reference.CtPackageReferenceImpl cannot be cast to spoon.reflect.declaration.CtClass
Parameter 1) CtPackageReferenceImpl: spoon.test.filters.testclasses
2018-06-13 20:35:20,581 INFO spoon.Launcher - Step filter CtClass only) spoon.support.reflect.reference.CtTypeReferenceImpl cannot be cast to spoon.reflect.declaration.CtClass
Parameter 1) CtTypeReferenceImpl: int
2018-06-13 20:35:20,582 INFO spoon.Launcher - Step filter CtClass only) spoon.support.reflect.code.CtInvocationImpl cannot be cast to spoon.reflect.declaration.CtClass
Parameter 1) CtInvocationImpl: super.size()
2018-06-13 20:35:20,582 INFO spoon.Launcher - Step filter CtClass only) spoon.support.reflect.code.CtSuperAccessImpl cannot be cast to spoon.reflect.declaration.CtClass
Parameter 1) CtSuperAccessImpl: super
2018-06-13 20:35:20,582 INFO spoon.Launcher - Step filter CtClass only) spoon.support.reflect.reference.CtLocalVariableReferenceImpl cannot be cast to spoon.reflect.declaration.CtClass
Parameter 1) CtLocalVariableReferenceImpl: 
2018-06-13 20:35:20,583 INFO spoon.Launcher - Step filter CtClass only) spoon.support.reflect.reference.CtTypeReferenceImpl cannot be cast to spoon.reflect.declaration.CtClass
Parameter 1) CtTypeReferenceImpl: java.util.ArrayList
2018-06-13 20:35:20,583 INFO spoon.Launcher - Step filter CtClass only) spoon.support.reflect.reference.CtPackageReferenceImpl cannot be cast to spoon.reflect.declaration.CtClass
Parameter 1) CtPackageReferenceImpl: java.util
2018-06-13 20:35:20,583 INFO spoon.Launcher - Step filter CtClass only) spoon.support.reflect.reference.CtExecutableReferenceImpl cannot be cast to spoon.reflect.declaration.CtClass
Parameter 1) CtExecutableReferenceImpl: size()
2018-06-13 20:35:20,583 INFO spoon.Launcher - Step filter CtClass only) spoon.support.reflect.reference.CtTypeReferenceImpl cannot be cast to spoon.reflect.declaration.CtClass
Parameter 1) CtTypeReferenceImpl: java.util.ArrayList
2018-06-13 20:35:20,585 INFO spoon.Launcher - Step filter CtClass only) spoon.support.reflect.reference.CtPackageReferenceImpl cannot be cast to spoon.reflect.declaration.CtClass
Parameter 1) CtPackageReferenceImpl: java.util
2018-06-13 20:35:20,586 INFO spoon.Launcher - Step filter CtClass only) spoon.support.reflect.reference.CtTypeReferenceImpl cannot be cast to spoon.reflect.declaration.CtClass
Parameter 1) CtTypeReferenceImpl: int
2018-06-13 20:35:20,586 INFO spoon.Launcher - Step filter CtClass only) spoon.support.reflect.code.CtLocalVariableImpl cannot be cast to spoon.reflect.declaration.CtClass
Parameter 1) CtLocalVariableImpl: java.lang.Object o = super.get(myfield)
2018-06-13 20:35:20,586 INFO spoon.Launcher - Step filter CtClass only) spoon.support.reflect.reference.CtTypeReferenceImpl cannot be cast to spoon.reflect.declaration.CtClass
Parameter 1) CtTypeReferenceImpl: java.lang.Object
2018-06-13 20:35:20,586 INFO spoon.Launcher - Step filter CtClass only) spoon.support.reflect.reference.CtPackageReferenceImpl cannot be cast to spoon.reflect.declaration.CtClass
Parameter 1) CtPackageReferenceImpl: java.lang
2018-06-13 20:35:20,586 INFO spoon.Launcher - Step filter CtClass only) spoon.support.reflect.code.CtInvocationImpl cannot be cast to spoon.reflect.declaration.CtClass
Parameter 1) CtInvocationImpl: super.get(myfield)
2018-06-13 20:35:20,586 INFO spoon.Launcher - Step filter CtClass only) spoon.support.reflect.code.CtSuperAccessImpl cannot be cast to spoon.reflect.declaration.CtClass
Parameter 1) CtSuperAccessImpl: super
2018-06-13 20:35:20,587 INFO spoon.Launcher - Step filter CtClass only) spoon.support.reflect.reference.CtLocalVariableReferenceImpl cannot be cast to spoon.reflect.declaration.CtClass
Parameter 1) CtLocalVariableReferenceImpl: 
2018-06-13 20:35:20,587 INFO spoon.Launcher - Step filter CtClass only) spoon.support.reflect.reference.CtTypeReferenceImpl cannot be cast to spoon.reflect.declaration.CtClass
Parameter 1) CtTypeReferenceImpl: java.util.ArrayList
2018-06-13 20:35:20,587 INFO spoon.Launcher - Step filter CtClass only) spoon.support.reflect.reference.CtPackageReferenceImpl cannot be cast to spoon.reflect.declaration.CtClass
Parameter 1) CtPackageReferenceImpl: java.util
2018-06-13 20:35:20,587 INFO spoon.Launcher - Step filter CtClass only) spoon.support.reflect.reference.CtExecutableReferenceImpl cannot be cast to spoon.reflect.declaration.CtClass
Parameter 1) CtExecutableReferenceImpl: get(int)
2018-06-13 20:35:20,587 INFO spoon.Launcher - Step filter CtClass only) spoon.support.reflect.reference.CtTypeReferenceImpl cannot be cast to spoon.reflect.declaration.CtClass
Parameter 1) CtTypeReferenceImpl: java.util.ArrayList
2018-06-13 20:35:20,587 INFO spoon.Launcher - Step filter CtClass only) spoon.support.reflect.reference.CtPackageReferenceImpl cannot be cast to spoon.reflect.declaration.CtClass
Parameter 1) CtPackageReferenceImpl: java.util
2018-06-13 20:35:20,587 INFO spoon.Launcher - Step filter CtClass only) spoon.support.reflect.reference.CtTypeReferenceImpl cannot be cast to spoon.reflect.declaration.CtClass
Parameter 1) CtTypeReferenceImpl: java.lang.Object
2018-06-13 20:35:20,587 INFO spoon.Launcher - Step filter CtClass only) spoon.support.reflect.reference.CtPackageReferenceImpl cannot be cast to spoon.reflect.declaration.CtClass
Parameter 1) CtPackageReferenceImpl: java.lang
2018-06-13 20:35:20,587 INFO spoon.Launcher - Step filter CtClass only) spoon.support.reflect.reference.CtTypeReferenceImpl cannot be cast to spoon.reflect.declaration.CtClass
Parameter 1) CtTypeReferenceImpl: int
2018-06-13 20:35:20,587 INFO spoon.Launcher - Step filter CtClass only) spoon.support.reflect.code.CtFieldReadImpl cannot be cast to spoon.reflect.declaration.CtClass
Parameter 1) CtFieldReadImpl: myfield
2018-06-13 20:35:20,587 INFO spoon.Launcher - Step filter CtClass only) spoon.support.reflect.code.CtThisAccessImpl cannot be cast to spoon.reflect.declaration.CtClass
Parameter 1) CtThisAccessImpl: 
2018-06-13 20:35:20,588 INFO spoon.Launcher - Step filter CtClass only) spoon.support.reflect.reference.CtTypeReferenceImpl cannot be cast to spoon.reflect.declaration.CtClass
Parameter 1) CtTypeReferenceImpl: spoon.test.filters.testclasses.FieldAccessFilterTacos
2018-06-13 20:35:20,588 INFO spoon.Launcher - Step filter CtClass only) spoon.support.reflect.reference.CtPackageReferenceImpl cannot be cast to spoon.reflect.declaration.CtClass
Parameter 1) CtPackageReferenceImpl: spoon.test.filters.testclasses
2018-06-13 20:35:20,588 INFO spoon.Launcher - Step filter CtClass only) spoon.support.reflect.code.CtTypeAccessImpl cannot be cast to spoon.reflect.declaration.CtClass
Parameter 1) CtTypeAccessImpl: spoon.test.filters.testclasses.FieldAccessFilterTacos
2018-06-13 20:35:20,588 INFO spoon.Launcher - Step filter CtClass only) spoon.support.reflect.reference.CtTypeReferenceImpl cannot be cast to spoon.reflect.declaration.CtClass
Parameter 1) CtTypeReferenceImpl: spoon.test.filters.testclasses.FieldAccessFilterTacos
2018-06-13 20:35:20,588 INFO spoon.Launcher - Step filter CtClass only) spoon.support.reflect.reference.CtPackageReferenceImpl cannot be cast to spoon.reflect.declaration.CtClass
Parameter 1) CtPackageReferenceImpl: spoon.test.filters.testclasses
2018-06-13 20:35:20,588 INFO spoon.Launcher - Step filter CtClass only) spoon.support.reflect.reference.CtFieldReferenceImpl cannot be cast to spoon.reflect.declaration.CtClass
Parameter 1) CtFieldReferenceImpl: myfield
2018-06-13 20:35:20,588 INFO spoon.Launcher - Step filter CtClass only) spoon.support.reflect.reference.CtTypeReferenceImpl cannot be cast to spoon.reflect.declaration.CtClass
Parameter 1) CtTypeReferenceImpl: spoon.test.filters.testclasses.FieldAccessFilterTacos
2018-06-13 20:35:20,588 INFO spoon.Launcher - Step filter CtClass only) spoon.support.reflect.reference.CtPackageReferenceImpl cannot be cast to spoon.reflect.declaration.CtClass
Parameter 1) CtPackageReferenceImpl: spoon.test.filters.testclasses
2018-06-13 20:35:20,588 INFO spoon.Launcher - Step filter CtClass only) spoon.support.reflect.reference.CtTypeReferenceImpl cannot be cast to spoon.reflect.declaration.CtClass
Parameter 1) CtTypeReferenceImpl: int
2018-06-13 20:35:20,588 INFO spoon.Launcher - Step filter CtClass only) spoon.support.reflect.declaration.CtInterfaceImpl cannot be cast to spoon.reflect.declaration.CtClass
Parameter 1) CtInterfaceImpl: interface Foo {}
2018-06-13 20:35:20,588 INFO spoon.Launcher - Step filter CtClass only) spoon.support.reflect.declaration.CtInterfaceImpl cannot be cast to spoon.reflect.declaration.CtClass
Parameter 1) CtInterfaceImpl: interface Honey {
    void honey();
}
2018-06-13 20:35:20,589 INFO spoon.Launcher - Step filter CtClass only) spoon.support.reflect.declaration.CtMethodImpl cannot be cast to spoon.reflect.declaration.CtClass
Parameter 1) CtMethodImpl: void honey();
2018-06-13 20:35:20,589 INFO spoon.Launcher - Step filter CtClass only) spoon.support.reflect.reference.CtTypeReferenceImpl cannot be cast to spoon.reflect.declaration.CtClass
Parameter 1) CtTypeReferenceImpl: void
2018-06-13 20:35:20,589 INFO spoon.Launcher - Step filter CtClass only) spoon.support.reflect.declaration.CtInterfaceImpl cannot be cast to spoon.reflect.declaration.CtClass
Parameter 1) CtInterfaceImpl: public interface ITostada extends spoon.test.filters.testclasses.Foo {
    spoon.test.filters.testclasses.ITostada make();
}
2018-06-13 20:35:20,589 INFO spoon.Launcher - Step filter CtClass only) spoon.support.reflect.reference.CtTypeReferenceImpl cannot be cast to spoon.reflect.declaration.CtClass
Parameter 1) CtTypeReferenceImpl: spoon.test.filters.testclasses.Foo
2018-06-13 20:35:20,589 INFO spoon.Launcher - Step filter CtClass only) spoon.support.reflect.reference.CtPackageReferenceImpl cannot be cast to spoon.reflect.declaration.CtClass
Parameter 1) CtPackageReferenceImpl: spoon.test.filters.testclasses
2018-06-13 20:35:20,589 INFO spoon.Launcher - Step filter CtClass only) spoon.support.reflect.declaration.CtMethodImpl cannot be cast to spoon.reflect.declaration.CtClass
Parameter 1) CtMethodImpl: spoon.test.filters.testclasses.ITostada make();
2018-06-13 20:35:20,589 INFO spoon.Launcher - Step filter CtClass only) spoon.support.reflect.reference.CtTypeReferenceImpl cannot be cast to spoon.reflect.declaration.CtClass
Parameter 1) CtTypeReferenceImpl: spoon.test.filters.testclasses.ITostada
2018-06-13 20:35:20,589 INFO spoon.Launcher - Step filter CtClass only) spoon.support.reflect.reference.CtPackageReferenceImpl cannot be cast to spoon.reflect.declaration.CtClass
Parameter 1) CtPackageReferenceImpl: spoon.test.filters.testclasses
2018-06-13 20:35:20,589 INFO spoon.Launcher - Step filter CtClass only) spoon.support.reflect.reference.CtTypeReferenceImpl cannot be cast to spoon.reflect.declaration.CtClass
Parameter 1) CtTypeReferenceImpl: spoon.test.filters.testclasses.Tostada
2018-06-13 20:35:20,589 INFO spoon.Launcher - Step filter CtClass only) spoon.support.reflect.reference.CtPackageReferenceImpl cannot be cast to spoon.reflect.declaration.CtClass
Parameter 1) CtPackageReferenceImpl: spoon.test.filters.testclasses
2018-06-13 20:35:20,589 INFO spoon.Launcher - Step filter CtClass only) spoon.support.reflect.declaration.CtConstructorImpl cannot be cast to spoon.reflect.declaration.CtClass
Parameter 1) CtConstructorImpl: SubTostada() {
}
2018-06-13 20:35:20,590 INFO spoon.Launcher - Step filter CtClass only) spoon.support.reflect.code.CtBlockImpl cannot be cast to spoon.reflect.declaration.CtClass
Parameter 1) CtBlockImpl: {
}
2018-06-13 20:35:20,590 INFO spoon.Launcher - Step filter CtClass only) spoon.support.reflect.code.CtInvocationImpl cannot be cast to spoon.reflect.declaration.CtClass
Parameter 1) CtInvocationImpl: super()
2018-06-13 20:35:20,590 INFO spoon.Launcher - Step filter CtClass only) spoon.support.reflect.reference.CtExecutableReferenceImpl cannot be cast to spoon.reflect.declaration.CtClass
Parameter 1) CtExecutableReferenceImpl: spoon.test.filters.testclasses.Tostada()
2018-06-13 20:35:20,590 INFO spoon.Launcher - Step filter CtClass only) spoon.support.reflect.reference.CtTypeReferenceImpl cannot be cast to spoon.reflect.declaration.CtClass
Parameter 1) CtTypeReferenceImpl: spoon.test.filters.testclasses.Tostada
2018-06-13 20:35:20,590 INFO spoon.Launcher - Step filter CtClass only) spoon.support.reflect.reference.CtPackageReferenceImpl cannot be cast to spoon.reflect.declaration.CtClass
Parameter 1) CtPackageReferenceImpl: spoon.test.filters.testclasses
2018-06-13 20:35:20,590 INFO spoon.Launcher - Step filter CtClass only) spoon.support.reflect.reference.CtTypeReferenceImpl cannot be cast to spoon.reflect.declaration.CtClass
Parameter 1) CtTypeReferenceImpl: spoon.test.filters.testclasses.Tostada
2018-06-13 20:35:20,590 INFO spoon.Launcher - Step filter CtClass only) spoon.support.reflect.reference.CtPackageReferenceImpl cannot be cast to spoon.reflect.declaration.CtClass
Parameter 1) CtPackageReferenceImpl: spoon.test.filters.testclasses
2018-06-13 20:35:20,590 INFO spoon.Launcher - Step filter CtClass only) spoon.support.reflect.declaration.CtMethodImpl cannot be cast to spoon.reflect.declaration.CtClass
Parameter 1) CtMethodImpl: @java.lang.Override
public void prepare() {
    java.lang.System.out.println("SubTostada");
    super.prepare();
}
2018-06-13 20:35:20,590 INFO spoon.Launcher - Step filter CtClass only) spoon.support.reflect.declaration.CtAnnotationImpl cannot be cast to spoon.reflect.declaration.CtClass
Parameter 1) CtAnnotationImpl: @java.lang.Override
2018-06-13 20:35:20,590 INFO spoon.Launcher - Step filter CtClass only) spoon.support.reflect.reference.CtTypeReferenceImpl cannot be cast to spoon.reflect.declaration.CtClass
Parameter 1) CtTypeReferenceImpl: java.lang.Override
2018-06-13 20:35:20,591 INFO spoon.Launcher - Step filter CtClass only) spoon.support.reflect.reference.CtPackageReferenceImpl cannot be cast to spoon.reflect.declaration.CtClass
Parameter 1) CtPackageReferenceImpl: java.lang
2018-06-13 20:35:20,591 INFO spoon.Launcher - Step filter CtClass only) spoon.support.reflect.reference.CtTypeReferenceImpl cannot be cast to spoon.reflect.declaration.CtClass
Parameter 1) CtTypeReferenceImpl: java.lang.Override
2018-06-13 20:35:20,591 INFO spoon.Launcher - Step filter CtClass only) spoon.support.reflect.reference.CtPackageReferenceImpl cannot be cast to spoon.reflect.declaration.CtClass
Parameter 1) CtPackageReferenceImpl: java.lang
2018-06-13 20:35:20,591 INFO spoon.Launcher - Step filter CtClass only) spoon.support.reflect.reference.CtTypeReferenceImpl cannot be cast to spoon.reflect.declaration.CtClass
Parameter 1) CtTypeReferenceImpl: void
2018-06-13 20:35:20,591 INFO spoon.Launcher - Step filter CtClass only) spoon.support.reflect.code.CtBlockImpl cannot be cast to spoon.reflect.declaration.CtClass
Parameter 1) CtBlockImpl: {
    java.lang.System.out.println("SubTostada");
    super.prepare();
}
2018-06-13 20:35:20,591 INFO spoon.Launcher - Step filter CtClass only) spoon.support.reflect.code.CtInvocationImpl cannot be cast to spoon.reflect.declaration.CtClass
Parameter 1) CtInvocationImpl: java.lang.System.out.println("SubTostada")
2018-06-13 20:35:20,591 INFO spoon.Launcher - Step filter CtClass only) spoon.support.reflect.code.CtFieldReadImpl cannot be cast to spoon.reflect.declaration.CtClass
Parameter 1) CtFieldReadImpl: java.lang.System.out
2018-06-13 20:35:20,591 INFO spoon.Launcher - Step filter CtClass only) spoon.support.reflect.code.CtTypeAccessImpl cannot be cast to spoon.reflect.declaration.CtClass
Parameter 1) CtTypeAccessImpl: java.lang.System
2018-06-13 20:35:20,591 INFO spoon.Launcher - Step filter CtClass only) spoon.support.reflect.reference.CtTypeReferenceImpl cannot be cast to spoon.reflect.declaration.CtClass
Parameter 1) CtTypeReferenceImpl: java.lang.System
2018-06-13 20:35:20,592 INFO spoon.Launcher - Step filter CtClass only) spoon.support.reflect.reference.CtPackageReferenceImpl cannot be cast to spoon.reflect.declaration.CtClass
Parameter 1) CtPackageReferenceImpl: java.lang
2018-06-13 20:35:20,592 INFO spoon.Launcher - Step filter CtClass only) spoon.support.reflect.reference.CtFieldReferenceImpl cannot be cast to spoon.reflect.declaration.CtClass
Parameter 1) CtFieldReferenceImpl: java.lang.System.out
2018-06-13 20:35:20,592 INFO spoon.Launcher - Step filter CtClass only) spoon.support.reflect.reference.CtTypeReferenceImpl cannot be cast to spoon.reflect.declaration.CtClass
Parameter 1) CtTypeReferenceImpl: java.lang.System
2018-06-13 20:35:20,592 INFO spoon.Launcher - Step filter CtClass only) spoon.support.reflect.reference.CtPackageReferenceImpl cannot be cast to spoon.reflect.declaration.CtClass
Parameter 1) CtPackageReferenceImpl: java.lang
2018-06-13 20:35:20,592 INFO spoon.Launcher - Step filter CtClass only) spoon.support.reflect.reference.CtTypeReferenceImpl cannot be cast to spoon.reflect.declaration.CtClass
Parameter 1) CtTypeReferenceImpl: java.io.PrintStream
2018-06-13 20:35:20,592 INFO spoon.Launcher - Step filter CtClass only) spoon.support.reflect.reference.CtPackageReferenceImpl cannot be cast to spoon.reflect.declaration.CtClass
Parameter 1) CtPackageReferenceImpl: java.io
2018-06-13 20:35:20,592 INFO spoon.Launcher - Step filter CtClass only) spoon.support.reflect.reference.CtExecutableReferenceImpl cannot be cast to spoon.reflect.declaration.CtClass
Parameter 1) CtExecutableReferenceImpl: println(java.lang.String)
2018-06-13 20:35:20,592 INFO spoon.Launcher - Step filter CtClass only) spoon.support.reflect.reference.CtTypeReferenceImpl cannot be cast to spoon.reflect.declaration.CtClass
Parameter 1) CtTypeReferenceImpl: java.io.PrintStream
2018-06-13 20:35:20,592 INFO spoon.Launcher - Step filter CtClass only) spoon.support.reflect.reference.CtPackageReferenceImpl cannot be cast to spoon.reflect.declaration.CtClass
Parameter 1) CtPackageReferenceImpl: java.io
2018-06-13 20:35:20,592 INFO spoon.Launcher - Step filter CtClass only) spoon.support.reflect.reference.CtTypeReferenceImpl cannot be cast to spoon.reflect.declaration.CtClass
Parameter 1) CtTypeReferenceImpl: void
2018-06-13 20:35:20,592 INFO spoon.Launcher - Step filter CtClass only) spoon.support.reflect.reference.CtTypeReferenceImpl cannot be cast to spoon.reflect.declaration.CtClass
Parameter 1) CtTypeReferenceImpl: java.lang.String
2018-06-13 20:35:20,592 INFO spoon.Launcher - Step filter CtClass only) spoon.support.reflect.reference.CtPackageReferenceImpl cannot be cast to spoon.reflect.declaration.CtClass
Parameter 1) CtPackageReferenceImpl: java.lang
2018-06-13 20:35:20,592 INFO spoon.Launcher - Step filter CtClass only) spoon.support.reflect.code.CtLiteralImpl cannot be cast to spoon.reflect.declaration.CtClass
Parameter 1) CtLiteralImpl: "SubTostada"
2018-06-13 20:35:20,593 INFO spoon.Launcher - Step filter CtClass only) spoon.support.reflect.reference.CtTypeReferenceImpl cannot be cast to spoon.reflect.declaration.CtClass
Parameter 1) CtTypeReferenceImpl: java.lang.String
2018-06-13 20:35:20,593 INFO spoon.Launcher - Step filter CtClass only) spoon.support.reflect.reference.CtPackageReferenceImpl cannot be cast to spoon.reflect.declaration.CtClass
Parameter 1) CtPackageReferenceImpl: java.lang
2018-06-13 20:35:20,593 INFO spoon.Launcher - Step filter CtClass only) spoon.support.reflect.code.CtInvocationImpl cannot be cast to spoon.reflect.declaration.CtClass
Parameter 1) CtInvocationImpl: super.prepare()
2018-06-13 20:35:20,593 INFO spoon.Launcher - Step filter CtClass only) spoon.support.reflect.code.CtSuperAccessImpl cannot be cast to spoon.reflect.declaration.CtClass
Parameter 1) CtSuperAccessImpl: super
2018-06-13 20:35:20,593 INFO spoon.Launcher - Step filter CtClass only) spoon.support.reflect.reference.CtLocalVariableReferenceImpl cannot be cast to spoon.reflect.declaration.CtClass
Parameter 1) CtLocalVariableReferenceImpl: 
2018-06-13 20:35:20,593 INFO spoon.Launcher - Step filter CtClass only) spoon.support.reflect.reference.CtTypeReferenceImpl cannot be cast to spoon.reflect.declaration.CtClass
Parameter 1) CtTypeReferenceImpl: spoon.test.filters.testclasses.Tostada
2018-06-13 20:35:20,593 INFO spoon.Launcher - Step filter CtClass only) spoon.support.reflect.reference.CtPackageReferenceImpl cannot be cast to spoon.reflect.declaration.CtClass
Parameter 1) CtPackageReferenceImpl: spoon.test.filters.testclasses
2018-06-13 20:35:20,594 INFO spoon.Launcher - Step filter CtClass only) spoon.support.reflect.reference.CtExecutableReferenceImpl cannot be cast to spoon.reflect.declaration.CtClass
Parameter 1) CtExecutableReferenceImpl: prepare()
2018-06-13 20:35:20,594 INFO spoon.Launcher - Step filter CtClass only) spoon.support.reflect.reference.CtTypeReferenceImpl cannot be cast to spoon.reflect.declaration.CtClass
Parameter 1) CtTypeReferenceImpl: spoon.test.filters.testclasses.Tostada
2018-06-13 20:35:20,594 INFO spoon.Launcher - Step filter CtClass only) spoon.support.reflect.reference.CtPackageReferenceImpl cannot be cast to spoon.reflect.declaration.CtClass
Parameter 1) CtPackageReferenceImpl: spoon.test.filters.testclasses
2018-06-13 20:35:20,594 INFO spoon.Launcher - Step filter CtClass only) spoon.support.reflect.reference.CtTypeReferenceImpl cannot be cast to spoon.reflect.declaration.CtClass
Parameter 1) CtTypeReferenceImpl: void
2018-06-13 20:35:20,594 INFO spoon.Launcher - Step filter CtClass only) spoon.support.reflect.reference.CtTypeReferenceImpl cannot be cast to spoon.reflect.declaration.CtClass
Parameter 1) CtTypeReferenceImpl: spoon.test.filters.testclasses.ITostada
2018-06-13 20:35:20,594 INFO spoon.Launcher - Step filter CtClass only) spoon.support.reflect.reference.CtPackageReferenceImpl cannot be cast to spoon.reflect.declaration.CtClass
Parameter 1) CtPackageReferenceImpl: spoon.test.filters.testclasses
2018-06-13 20:35:20,594 INFO spoon.Launcher - Step filter CtClass only) spoon.support.reflect.declaration.CtConstructorImpl cannot be cast to spoon.reflect.declaration.CtClass
Parameter 1) CtConstructorImpl: Tacos() {
}
2018-06-13 20:35:20,594 INFO spoon.Launcher - Step filter CtClass only) spoon.support.reflect.code.CtBlockImpl cannot be cast to spoon.reflect.declaration.CtClass
Parameter 1) CtBlockImpl: {
}
2018-06-13 20:35:20,594 INFO spoon.Launcher - Step filter CtClass only) spoon.support.reflect.code.CtInvocationImpl cannot be cast to spoon.reflect.declaration.CtClass
Parameter 1) CtInvocationImpl: super()
2018-06-13 20:35:20,595 INFO spoon.Launcher - Step filter CtClass only) spoon.support.reflect.reference.CtExecutableReferenceImpl cannot be cast to spoon.reflect.declaration.CtClass
Parameter 1) CtExecutableReferenceImpl: java.lang.Object()
2018-06-13 20:35:20,595 INFO spoon.Launcher - Step filter CtClass only) spoon.support.reflect.reference.CtTypeReferenceImpl cannot be cast to spoon.reflect.declaration.CtClass
Parameter 1) CtTypeReferenceImpl: java.lang.Object
2018-06-13 20:35:20,595 INFO spoon.Launcher - Step filter CtClass only) spoon.support.reflect.reference.CtPackageReferenceImpl cannot be cast to spoon.reflect.declaration.CtClass
Parameter 1) CtPackageReferenceImpl: java.lang
2018-06-13 20:35:20,595 INFO spoon.Launcher - Step filter CtClass only) spoon.support.reflect.reference.CtTypeReferenceImpl cannot be cast to spoon.reflect.declaration.CtClass
Parameter 1) CtTypeReferenceImpl: java.lang.Object
2018-06-13 20:35:20,595 INFO spoon.Launcher - Step filter CtClass only) spoon.support.reflect.reference.CtPackageReferenceImpl cannot be cast to spoon.reflect.declaration.CtClass
Parameter 1) CtPackageReferenceImpl: java.lang
2018-06-13 20:35:20,595 INFO spoon.Launcher - Step filter CtClass only) spoon.support.reflect.declaration.CtMethodImpl cannot be cast to spoon.reflect.declaration.CtClass
Parameter 1) CtMethodImpl: @java.lang.Override
public spoon.test.filters.testclasses.ITostada make() {
    return null;
}
2018-06-13 20:35:20,595 INFO spoon.Launcher - Step filter CtClass only) spoon.support.reflect.declaration.CtAnnotationImpl cannot be cast to spoon.reflect.declaration.CtClass
Parameter 1) CtAnnotationImpl: @java.lang.Override
2018-06-13 20:35:20,595 INFO spoon.Launcher - Step filter CtClass only) spoon.support.reflect.reference.CtTypeReferenceImpl cannot be cast to spoon.reflect.declaration.CtClass
Parameter 1) CtTypeReferenceImpl: java.lang.Override
2018-06-13 20:35:20,595 INFO spoon.Launcher - Step filter CtClass only) spoon.support.reflect.reference.CtPackageReferenceImpl cannot be cast to spoon.reflect.declaration.CtClass
Parameter 1) CtPackageReferenceImpl: java.lang
2018-06-13 20:35:20,595 INFO spoon.Launcher - Step filter CtClass only) spoon.support.reflect.reference.CtTypeReferenceImpl cannot be cast to spoon.reflect.declaration.CtClass
Parameter 1) CtTypeReferenceImpl: java.lang.Override
2018-06-13 20:35:20,595 INFO spoon.Launcher - Step filter CtClass only) spoon.support.reflect.reference.CtPackageReferenceImpl cannot be cast to spoon.reflect.declaration.CtClass
Parameter 1) CtPackageReferenceImpl: java.lang
2018-06-13 20:35:20,595 INFO spoon.Launcher - Step filter CtClass only) spoon.support.reflect.reference.CtTypeReferenceImpl cannot be cast to spoon.reflect.declaration.CtClass
Parameter 1) CtTypeReferenceImpl: spoon.test.filters.testclasses.ITostada
2018-06-13 20:35:20,595 INFO spoon.Launcher - Step filter CtClass only) spoon.support.reflect.reference.CtPackageReferenceImpl cannot be cast to spoon.reflect.declaration.CtClass
Parameter 1) CtPackageReferenceImpl: spoon.test.filters.testclasses
2018-06-13 20:35:20,596 INFO spoon.Launcher - Step filter CtClass only) spoon.support.reflect.code.CtBlockImpl cannot be cast to spoon.reflect.declaration.CtClass
Parameter 1) CtBlockImpl: {
    return null;
}
2018-06-13 20:35:20,596 INFO spoon.Launcher - Step filter CtClass only) spoon.support.reflect.code.CtReturnImpl cannot be cast to spoon.reflect.declaration.CtClass
Parameter 1) CtReturnImpl: return null
2018-06-13 20:35:20,596 INFO spoon.Launcher - Step filter CtClass only) spoon.support.reflect.code.CtLiteralImpl cannot be cast to spoon.reflect.declaration.CtClass
Parameter 1) CtLiteralImpl: null
2018-06-13 20:35:20,596 INFO spoon.Launcher - Step filter CtClass only) spoon.support.reflect.reference.CtTypeReferenceImpl cannot be cast to spoon.reflect.declaration.CtClass
Parameter 1) CtTypeReferenceImpl: <nulltype>
2018-06-13 20:35:20,596 INFO spoon.Launcher - Step filter CtClass only) spoon.support.reflect.declaration.CtMethodImpl cannot be cast to spoon.reflect.declaration.CtClass
Parameter 1) CtMethodImpl: public void prepare() {
    final java.util.ArrayList<java.lang.String> strings = new java.util.ArrayList<java.lang.String>();
    strings.size();
}
2018-06-13 20:35:20,596 INFO spoon.Launcher - Step filter CtClass only) spoon.support.reflect.reference.CtTypeReferenceImpl cannot be cast to spoon.reflect.declaration.CtClass
Parameter 1) CtTypeReferenceImpl: void
2018-06-13 20:35:20,596 INFO spoon.Launcher - Step filter CtClass only) spoon.support.reflect.code.CtBlockImpl cannot be cast to spoon.reflect.declaration.CtClass
Parameter 1) CtBlockImpl: {
    final java.util.ArrayList<java.lang.String> strings = new java.util.ArrayList<java.lang.String>();
    strings.size();
}
2018-06-13 20:35:20,596 INFO spoon.Launcher - Step filter CtClass only) spoon.support.reflect.code.CtLocalVariableImpl cannot be cast to spoon.reflect.declaration.CtClass
Parameter 1) CtLocalVariableImpl: final java.util.ArrayList<java.lang.String> strings = new java.util.ArrayList<java.lang.String>()
2018-06-13 20:35:20,596 INFO spoon.Launcher - Step filter CtClass only) spoon.support.reflect.reference.CtTypeReferenceImpl cannot be cast to spoon.reflect.declaration.CtClass
Parameter 1) CtTypeReferenceImpl: java.util.ArrayList<java.lang.String>
2018-06-13 20:35:20,597 INFO spoon.Launcher - Step filter CtClass only) spoon.support.reflect.reference.CtPackageReferenceImpl cannot be cast to spoon.reflect.declaration.CtClass
Parameter 1) CtPackageReferenceImpl: java.util
2018-06-13 20:35:20,597 INFO spoon.Launcher - Step filter CtClass only) spoon.support.reflect.reference.CtTypeReferenceImpl cannot be cast to spoon.reflect.declaration.CtClass
Parameter 1) CtTypeReferenceImpl: java.lang.String
2018-06-13 20:35:20,597 INFO spoon.Launcher - Step filter CtClass only) spoon.support.reflect.reference.CtPackageReferenceImpl cannot be cast to spoon.reflect.declaration.CtClass
Parameter 1) CtPackageReferenceImpl: java.lang
2018-06-13 20:35:20,597 INFO spoon.Launcher - Step filter CtClass only) spoon.support.reflect.code.CtConstructorCallImpl cannot be cast to spoon.reflect.declaration.CtClass
Parameter 1) CtConstructorCallImpl: new java.util.ArrayList<java.lang.String>()
2018-06-13 20:35:20,597 INFO spoon.Launcher - Step filter CtClass only) spoon.support.reflect.reference.CtExecutableReferenceImpl cannot be cast to spoon.reflect.declaration.CtClass
Parameter 1) CtExecutableReferenceImpl: java.util.ArrayList()
2018-06-13 20:35:20,597 INFO spoon.Launcher - Step filter CtClass only) spoon.support.reflect.reference.CtTypeReferenceImpl cannot be cast to spoon.reflect.declaration.CtClass
Parameter 1) CtTypeReferenceImpl: java.util.ArrayList
2018-06-13 20:35:20,597 INFO spoon.Launcher - Step filter CtClass only) spoon.support.reflect.reference.CtPackageReferenceImpl cannot be cast to spoon.reflect.declaration.CtClass
Parameter 1) CtPackageReferenceImpl: java.util
2018-06-13 20:35:20,597 INFO spoon.Launcher - Step filter CtClass only) spoon.support.reflect.reference.CtTypeReferenceImpl cannot be cast to spoon.reflect.declaration.CtClass
Parameter 1) CtTypeReferenceImpl: java.util.ArrayList<java.lang.String>
2018-06-13 20:35:20,597 INFO spoon.Launcher - Step filter CtClass only) spoon.support.reflect.reference.CtPackageReferenceImpl cannot be cast to spoon.reflect.declaration.CtClass
Parameter 1) CtPackageReferenceImpl: java.util
2018-06-13 20:35:20,597 INFO spoon.Launcher - Step filter CtClass only) spoon.support.reflect.reference.CtTypeReferenceImpl cannot be cast to spoon.reflect.declaration.CtClass
Parameter 1) CtTypeReferenceImpl: java.lang.String
2018-06-13 20:35:20,597 INFO spoon.Launcher - Step filter CtClass only) spoon.support.reflect.reference.CtPackageReferenceImpl cannot be cast to spoon.reflect.declaration.CtClass
Parameter 1) CtPackageReferenceImpl: java.lang
2018-06-13 20:35:20,597 INFO spoon.Launcher - Step filter CtClass only) spoon.support.reflect.code.CtInvocationImpl cannot be cast to spoon.reflect.declaration.CtClass
Parameter 1) CtInvocationImpl: strings.size()
2018-06-13 20:35:20,597 INFO spoon.Launcher - Step filter CtClass only) spoon.support.reflect.code.CtVariableReadImpl cannot be cast to spoon.reflect.declaration.CtClass
Parameter 1) CtVariableReadImpl: strings
2018-06-13 20:35:20,597 INFO spoon.Launcher - Step filter CtClass only) spoon.support.reflect.reference.CtLocalVariableReferenceImpl cannot be cast to spoon.reflect.declaration.CtClass
Parameter 1) CtLocalVariableReferenceImpl: strings
2018-06-13 20:35:20,598 INFO spoon.Launcher - Step filter CtClass only) spoon.support.reflect.reference.CtTypeReferenceImpl cannot be cast to spoon.reflect.declaration.CtClass
Parameter 1) CtTypeReferenceImpl: java.util.ArrayList<java.lang.String>
2018-06-13 20:35:20,598 INFO spoon.Launcher - Step filter CtClass only) spoon.support.reflect.reference.CtPackageReferenceImpl cannot be cast to spoon.reflect.declaration.CtClass
Parameter 1) CtPackageReferenceImpl: java.util
2018-06-13 20:35:20,598 INFO spoon.Launcher - Step filter CtClass only) spoon.support.reflect.reference.CtTypeReferenceImpl cannot be cast to spoon.reflect.declaration.CtClass
Parameter 1) CtTypeReferenceImpl: java.lang.String
2018-06-13 20:35:20,598 INFO spoon.Launcher - Step filter CtClass only) spoon.support.reflect.reference.CtPackageReferenceImpl cannot be cast to spoon.reflect.declaration.CtClass
Parameter 1) CtPackageReferenceImpl: java.lang
2018-06-13 20:35:20,598 INFO spoon.Launcher - Step filter CtClass only) spoon.support.reflect.reference.CtExecutableReferenceImpl cannot be cast to spoon.reflect.declaration.CtClass
Parameter 1) CtExecutableReferenceImpl: size()
2018-06-13 20:35:20,598 INFO spoon.Launcher - Step filter CtClass only) spoon.support.reflect.reference.CtTypeReferenceImpl cannot be cast to spoon.reflect.declaration.CtClass
Parameter 1) CtTypeReferenceImpl: java.util.ArrayList
2018-06-13 20:35:20,598 INFO spoon.Launcher - Step filter CtClass only) spoon.support.reflect.reference.CtPackageReferenceImpl cannot be cast to spoon.reflect.declaration.CtClass
Parameter 1) CtPackageReferenceImpl: java.util
2018-06-13 20:35:20,598 INFO spoon.Launcher - Step filter CtClass only) spoon.support.reflect.reference.CtTypeReferenceImpl cannot be cast to spoon.reflect.declaration.CtClass
Parameter 1) CtTypeReferenceImpl: int
2018-06-13 20:35:20,598 INFO spoon.Launcher - Step 6) Skipped element, because CtFunction#accept(input) returned false
Parameter 1) CtMethodImpl: void honey();
2018-06-13 20:35:20,598 INFO spoon.Launcher - Step filter CtClass only) spoon.support.reflect.reference.CtTypeReferenceImpl cannot be cast to spoon.reflect.declaration.CtClass
Parameter 1) CtTypeReferenceImpl: spoon.test.filters.testclasses.AbstractTostada
2018-06-13 20:35:20,598 INFO spoon.Launcher - Step filter CtClass only) spoon.support.reflect.reference.CtPackageReferenceImpl cannot be cast to spoon.reflect.declaration.CtClass
Parameter 1) CtPackageReferenceImpl: spoon.test.filters.testclasses
2018-06-13 20:35:20,599 INFO spoon.Launcher - Step filter CtClass only) spoon.support.reflect.reference.CtTypeReferenceImpl cannot be cast to spoon.reflect.declaration.CtClass
Parameter 1) CtTypeReferenceImpl: spoon.test.filters.testclasses.Honey
2018-06-13 20:35:20,599 INFO spoon.Launcher - Step filter CtClass only) spoon.support.reflect.reference.CtPackageReferenceImpl cannot be cast to spoon.reflect.declaration.CtClass
Parameter 1) CtPackageReferenceImpl: spoon.test.filters.testclasses
2018-06-13 20:35:20,599 INFO spoon.Launcher - Step filter CtClass only) spoon.support.reflect.declaration.CtConstructorImpl cannot be cast to spoon.reflect.declaration.CtClass
Parameter 1) CtConstructorImpl: Tostada() {
}
2018-06-13 20:35:20,599 INFO spoon.Launcher - Step filter CtClass only) spoon.support.reflect.code.CtBlockImpl cannot be cast to spoon.reflect.declaration.CtClass
Parameter 1) CtBlockImpl: {
}
2018-06-13 20:35:20,599 INFO spoon.Launcher - Step filter CtClass only) spoon.support.reflect.code.CtInvocationImpl cannot be cast to spoon.reflect.declaration.CtClass
Parameter 1) CtInvocationImpl: super()
2018-06-13 20:35:20,599 INFO spoon.Launcher - Step filter CtClass only) spoon.support.reflect.reference.CtExecutableReferenceImpl cannot be cast to spoon.reflect.declaration.CtClass
Parameter 1) CtExecutableReferenceImpl: spoon.test.filters.testclasses.AbstractTostada()
2018-06-13 20:35:20,599 INFO spoon.Launcher - Step filter CtClass only) spoon.support.reflect.reference.CtTypeReferenceImpl cannot be cast to spoon.reflect.declaration.CtClass
Parameter 1) CtTypeReferenceImpl: spoon.test.filters.testclasses.AbstractTostada
2018-06-13 20:35:20,599 INFO spoon.Launcher - Step filter CtClass only) spoon.support.reflect.reference.CtPackageReferenceImpl cannot be cast to spoon.reflect.declaration.CtClass
Parameter 1) CtPackageReferenceImpl: spoon.test.filters.testclasses
2018-06-13 20:35:20,599 INFO spoon.Launcher - Step filter CtClass only) spoon.support.reflect.reference.CtTypeReferenceImpl cannot be cast to spoon.reflect.declaration.CtClass
Parameter 1) CtTypeReferenceImpl: spoon.test.filters.testclasses.AbstractTostada
2018-06-13 20:35:20,599 INFO spoon.Launcher - Step filter CtClass only) spoon.support.reflect.reference.CtPackageReferenceImpl cannot be cast to spoon.reflect.declaration.CtClass
Parameter 1) CtPackageReferenceImpl: spoon.test.filters.testclasses
2018-06-13 20:35:20,599 INFO spoon.Launcher - Step filter CtClass only) spoon.support.reflect.declaration.CtMethodImpl cannot be cast to spoon.reflect.declaration.CtClass
Parameter 1) CtMethodImpl: @java.lang.Override
public spoon.test.filters.testclasses.ITostada make() {
    return new spoon.test.filters.testclasses.Tostada() {
        @java.lang.Override
        public void prepare() {
            int a = 3;
            super.prepare();
        }
    };
}
2018-06-13 20:35:20,599 INFO spoon.Launcher - Step filter CtClass only) spoon.support.reflect.declaration.CtAnnotationImpl cannot be cast to spoon.reflect.declaration.CtClass
Parameter 1) CtAnnotationImpl: @java.lang.Override
2018-06-13 20:35:20,600 INFO spoon.Launcher - Step filter CtClass only) spoon.support.reflect.reference.CtTypeReferenceImpl cannot be cast to spoon.reflect.declaration.CtClass
Parameter 1) CtTypeReferenceImpl: java.lang.Override
2018-06-13 20:35:20,600 INFO spoon.Launcher - Step filter CtClass only) spoon.support.reflect.reference.CtPackageReferenceImpl cannot be cast to spoon.reflect.declaration.CtClass
Parameter 1) CtPackageReferenceImpl: java.lang
2018-06-13 20:35:20,600 INFO spoon.Launcher - Step filter CtClass only) spoon.support.reflect.reference.CtTypeReferenceImpl cannot be cast to spoon.reflect.declaration.CtClass
Parameter 1) CtTypeReferenceImpl: java.lang.Override
2018-06-13 20:35:20,600 INFO spoon.Launcher - Step filter CtClass only) spoon.support.reflect.reference.CtPackageReferenceImpl cannot be cast to spoon.reflect.declaration.CtClass
Parameter 1) CtPackageReferenceImpl: java.lang
2018-06-13 20:35:20,600 INFO spoon.Launcher - Step filter CtClass only) spoon.support.reflect.reference.CtTypeReferenceImpl cannot be cast to spoon.reflect.declaration.CtClass
Parameter 1) CtTypeReferenceImpl: spoon.test.filters.testclasses.ITostada
2018-06-13 20:35:20,600 INFO spoon.Launcher - Step filter CtClass only) spoon.support.reflect.reference.CtPackageReferenceImpl cannot be cast to spoon.reflect.declaration.CtClass
Parameter 1) CtPackageReferenceImpl: spoon.test.filters.testclasses
2018-06-13 20:35:20,600 INFO spoon.Launcher - Step filter CtClass only) spoon.support.reflect.code.CtBlockImpl cannot be cast to spoon.reflect.declaration.CtClass
Parameter 1) CtBlockImpl: {
    return new spoon.test.filters.testclasses.Tostada() {
        @java.lang.Override
        public void prepare() {
            int a = 3;
            super.prepare();
        }
    };
}
2018-06-13 20:35:20,600 INFO spoon.Launcher - Step filter CtClass only) spoon.support.reflect.code.CtReturnImpl cannot be cast to spoon.reflect.declaration.CtClass
Parameter 1) CtReturnImpl: return new spoon.test.filters.testclasses.Tostada() {
    @java.lang.Override
    public void prepare() {
        int a = 3;
        super.prepare();
    }
}
2018-06-13 20:35:20,600 INFO spoon.Launcher - Step filter CtClass only) spoon.support.reflect.code.CtNewClassImpl cannot be cast to spoon.reflect.declaration.CtClass
Parameter 1) CtNewClassImpl: new spoon.test.filters.testclasses.Tostada() {
    @java.lang.Override
    public void prepare() {
        int a = 3;
        super.prepare();
    }
}
2018-06-13 20:35:20,600 INFO spoon.Launcher - Step filter CtClass only) spoon.support.reflect.reference.CtExecutableReferenceImpl cannot be cast to spoon.reflect.declaration.CtClass
Parameter 1) CtExecutableReferenceImpl: spoon.test.filters.testclasses.Tostada$1()
2018-06-13 20:35:20,601 INFO spoon.Launcher - Step filter CtClass only) spoon.support.reflect.reference.CtTypeReferenceImpl cannot be cast to spoon.reflect.declaration.CtClass
Parameter 1) CtTypeReferenceImpl: spoon.test.filters.testclasses.Tostada.1
2018-06-13 20:35:20,601 INFO spoon.Launcher - Step filter CtClass only) spoon.support.reflect.reference.CtTypeReferenceImpl cannot be cast to spoon.reflect.declaration.CtClass
Parameter 1) CtTypeReferenceImpl: spoon.test.filters.testclasses.Tostada
2018-06-13 20:35:20,601 INFO spoon.Launcher - Step filter CtClass only) spoon.support.reflect.reference.CtPackageReferenceImpl cannot be cast to spoon.reflect.declaration.CtClass
Parameter 1) CtPackageReferenceImpl: spoon.test.filters.testclasses
2018-06-13 20:35:20,601 INFO spoon.Launcher - Step filter CtClass only) spoon.support.reflect.reference.CtTypeReferenceImpl cannot be cast to spoon.reflect.declaration.CtClass
Parameter 1) CtTypeReferenceImpl: spoon.test.filters.testclasses.Tostada
2018-06-13 20:35:20,601 INFO spoon.Launcher - Step filter CtClass only) spoon.support.reflect.reference.CtPackageReferenceImpl cannot be cast to spoon.reflect.declaration.CtClass
Parameter 1) CtPackageReferenceImpl: spoon.test.filters.testclasses
2018-06-13 20:35:20,602 INFO spoon.Launcher - Step filter CtClass only) spoon.support.reflect.reference.CtTypeReferenceImpl cannot be cast to spoon.reflect.declaration.CtClass
Parameter 1) CtTypeReferenceImpl: spoon.test.filters.testclasses.Tostada
2018-06-13 20:35:20,602 INFO spoon.Launcher - Step filter CtClass only) spoon.support.reflect.reference.CtPackageReferenceImpl cannot be cast to spoon.reflect.declaration.CtClass
Parameter 1) CtPackageReferenceImpl: spoon.test.filters.testclasses
2018-06-13 20:35:20,602 INFO spoon.Launcher - Step filter CtClass only) spoon.support.reflect.declaration.CtConstructorImpl cannot be cast to spoon.reflect.declaration.CtClass
Parameter 1) CtConstructorImpl: 1() {
}
2018-06-13 20:35:20,602 INFO spoon.Launcher - Step filter CtClass only) spoon.support.reflect.code.CtBlockImpl cannot be cast to spoon.reflect.declaration.CtClass
Parameter 1) CtBlockImpl: {
}
2018-06-13 20:35:20,602 INFO spoon.Launcher - Step filter CtClass only) spoon.support.reflect.code.CtInvocationImpl cannot be cast to spoon.reflect.declaration.CtClass
Parameter 1) CtInvocationImpl: super()
2018-06-13 20:35:20,602 INFO spoon.Launcher - Step filter CtClass only) spoon.support.reflect.reference.CtExecutableReferenceImpl cannot be cast to spoon.reflect.declaration.CtClass
Parameter 1) CtExecutableReferenceImpl: spoon.test.filters.testclasses.Tostada()
2018-06-13 20:35:20,602 INFO spoon.Launcher - Step filter CtClass only) spoon.support.reflect.reference.CtTypeReferenceImpl cannot be cast to spoon.reflect.declaration.CtClass
Parameter 1) CtTypeReferenceImpl: spoon.test.filters.testclasses.Tostada
2018-06-13 20:35:20,602 INFO spoon.Launcher - Step filter CtClass only) spoon.support.reflect.reference.CtPackageReferenceImpl cannot be cast to spoon.reflect.declaration.CtClass
Parameter 1) CtPackageReferenceImpl: spoon.test.filters.testclasses
2018-06-13 20:35:20,602 INFO spoon.Launcher - Step filter CtClass only) spoon.support.reflect.reference.CtTypeReferenceImpl cannot be cast to spoon.reflect.declaration.CtClass
Parameter 1) CtTypeReferenceImpl: spoon.test.filters.testclasses.Tostada
2018-06-13 20:35:20,602 INFO spoon.Launcher - Step filter CtClass only) spoon.support.reflect.reference.CtPackageReferenceImpl cannot be cast to spoon.reflect.declaration.CtClass
Parameter 1) CtPackageReferenceImpl: spoon.test.filters.testclasses
2018-06-13 20:35:20,602 INFO spoon.Launcher - Step filter CtClass only) spoon.support.reflect.declaration.CtMethodImpl cannot be cast to spoon.reflect.declaration.CtClass
Parameter 1) CtMethodImpl: @java.lang.Override
public void prepare() {
    int a = 3;
    super.prepare();
}
2018-06-13 20:35:20,602 INFO spoon.Launcher - Step filter CtClass only) spoon.support.reflect.declaration.CtAnnotationImpl cannot be cast to spoon.reflect.declaration.CtClass
Parameter 1) CtAnnotationImpl: @java.lang.Override
2018-06-13 20:35:20,602 INFO spoon.Launcher - Step filter CtClass only) spoon.support.reflect.reference.CtTypeReferenceImpl cannot be cast to spoon.reflect.declaration.CtClass
Parameter 1) CtTypeReferenceImpl: java.lang.Override
2018-06-13 20:35:20,603 INFO spoon.Launcher - Step filter CtClass only) spoon.support.reflect.reference.CtPackageReferenceImpl cannot be cast to spoon.reflect.declaration.CtClass
Parameter 1) CtPackageReferenceImpl: java.lang
2018-06-13 20:35:20,603 INFO spoon.Launcher - Step filter CtClass only) spoon.support.reflect.reference.CtTypeReferenceImpl cannot be cast to spoon.reflect.declaration.CtClass
Parameter 1) CtTypeReferenceImpl: java.lang.Override
2018-06-13 20:35:20,603 INFO spoon.Launcher - Step filter CtClass only) spoon.support.reflect.reference.CtPackageReferenceImpl cannot be cast to spoon.reflect.declaration.CtClass
Parameter 1) CtPackageReferenceImpl: java.lang
2018-06-13 20:35:20,603 INFO spoon.Launcher - Step filter CtClass only) spoon.support.reflect.reference.CtTypeReferenceImpl cannot be cast to spoon.reflect.declaration.CtClass
Parameter 1) CtTypeReferenceImpl: void
2018-06-13 20:35:20,603 INFO spoon.Launcher - Step filter CtClass only) spoon.support.reflect.code.CtBlockImpl cannot be cast to spoon.reflect.declaration.CtClass
Parameter 1) CtBlockImpl: {
    int a = 3;
    super.prepare();
}
2018-06-13 20:35:20,603 INFO spoon.Launcher - Step filter CtClass only) spoon.support.reflect.code.CtLocalVariableImpl cannot be cast to spoon.reflect.declaration.CtClass
Parameter 1) CtLocalVariableImpl: int a = 3
2018-06-13 20:35:20,603 INFO spoon.Launcher - Step filter CtClass only) spoon.support.reflect.reference.CtTypeReferenceImpl cannot be cast to spoon.reflect.declaration.CtClass
Parameter 1) CtTypeReferenceImpl: int
2018-06-13 20:35:20,603 INFO spoon.Launcher - Step filter CtClass only) spoon.support.reflect.code.CtLiteralImpl cannot be cast to spoon.reflect.declaration.CtClass
Parameter 1) CtLiteralImpl: 3
2018-06-13 20:35:20,603 INFO spoon.Launcher - Step filter CtClass only) spoon.support.reflect.reference.CtTypeReferenceImpl cannot be cast to spoon.reflect.declaration.CtClass
Parameter 1) CtTypeReferenceImpl: int
2018-06-13 20:35:20,603 INFO spoon.Launcher - Step filter CtClass only) spoon.support.reflect.code.CtInvocationImpl cannot be cast to spoon.reflect.declaration.CtClass
Parameter 1) CtInvocationImpl: super.prepare()
2018-06-13 20:35:20,603 INFO spoon.Launcher - Step filter CtClass only) spoon.support.reflect.code.CtSuperAccessImpl cannot be cast to spoon.reflect.declaration.CtClass
Parameter 1) CtSuperAccessImpl: super
2018-06-13 20:35:20,603 INFO spoon.Launcher - Step filter CtClass only) spoon.support.reflect.reference.CtLocalVariableReferenceImpl cannot be cast to spoon.reflect.declaration.CtClass
Parameter 1) CtLocalVariableReferenceImpl: 
2018-06-13 20:35:20,603 INFO spoon.Launcher - Step filter CtClass only) spoon.support.reflect.reference.CtTypeReferenceImpl cannot be cast to spoon.reflect.declaration.CtClass
Parameter 1) CtTypeReferenceImpl: spoon.test.filters.testclasses.Tostada
2018-06-13 20:35:20,603 INFO spoon.Launcher - Step filter CtClass only) spoon.support.reflect.reference.CtPackageReferenceImpl cannot be cast to spoon.reflect.declaration.CtClass
Parameter 1) CtPackageReferenceImpl: spoon.test.filters.testclasses
2018-06-13 20:35:20,604 INFO spoon.Launcher - Step filter CtClass only) spoon.support.reflect.reference.CtExecutableReferenceImpl cannot be cast to spoon.reflect.declaration.CtClass
Parameter 1) CtExecutableReferenceImpl: prepare()
2018-06-13 20:35:20,604 INFO spoon.Launcher - Step filter CtClass only) spoon.support.reflect.reference.CtTypeReferenceImpl cannot be cast to spoon.reflect.declaration.CtClass
Parameter 1) CtTypeReferenceImpl: spoon.test.filters.testclasses.Tostada
2018-06-13 20:35:20,604 INFO spoon.Launcher - Step filter CtClass only) spoon.support.reflect.reference.CtPackageReferenceImpl cannot be cast to spoon.reflect.declaration.CtClass
Parameter 1) CtPackageReferenceImpl: spoon.test.filters.testclasses
2018-06-13 20:35:20,604 INFO spoon.Launcher - Step filter CtClass only) spoon.support.reflect.reference.CtTypeReferenceImpl cannot be cast to spoon.reflect.declaration.CtClass
Parameter 1) CtTypeReferenceImpl: void
2018-06-13 20:35:20,604 INFO spoon.Launcher - Step filter CtClass only) spoon.support.reflect.declaration.CtMethodImpl cannot be cast to spoon.reflect.declaration.CtClass
Parameter 1) CtMethodImpl: @java.lang.Override
public void prepare() {
}
2018-06-13 20:35:20,604 INFO spoon.Launcher - Step filter CtClass only) spoon.support.reflect.declaration.CtAnnotationImpl cannot be cast to spoon.reflect.declaration.CtClass
Parameter 1) CtAnnotationImpl: @java.lang.Override
2018-06-13 20:35:20,604 INFO spoon.Launcher - Step filter CtClass only) spoon.support.reflect.reference.CtTypeReferenceImpl cannot be cast to spoon.reflect.declaration.CtClass
Parameter 1) CtTypeReferenceImpl: java.lang.Override
2018-06-13 20:35:20,604 INFO spoon.Launcher - Step filter CtClass only) spoon.support.reflect.reference.CtPackageReferenceImpl cannot be cast to spoon.reflect.declaration.CtClass
Parameter 1) CtPackageReferenceImpl: java.lang
2018-06-13 20:35:20,604 INFO spoon.Launcher - Step filter CtClass only) spoon.support.reflect.reference.CtTypeReferenceImpl cannot be cast to spoon.reflect.declaration.CtClass
Parameter 1) CtTypeReferenceImpl: java.lang.Override
2018-06-13 20:35:20,604 INFO spoon.Launcher - Step filter CtClass only) spoon.support.reflect.reference.CtPackageReferenceImpl cannot be cast to spoon.reflect.declaration.CtClass
Parameter 1) CtPackageReferenceImpl: java.lang
2018-06-13 20:35:20,604 INFO spoon.Launcher - Step filter CtClass only) spoon.support.reflect.reference.CtTypeReferenceImpl cannot be cast to spoon.reflect.declaration.CtClass
Parameter 1) CtTypeReferenceImpl: void
2018-06-13 20:35:20,604 INFO spoon.Launcher - Step filter CtClass only) spoon.support.reflect.code.CtBlockImpl cannot be cast to spoon.reflect.declaration.CtClass
Parameter 1) CtBlockImpl: {
}
2018-06-13 20:35:20,604 INFO spoon.Launcher - Step filter CtClass only) spoon.support.reflect.declaration.CtMethodImpl cannot be cast to spoon.reflect.declaration.CtClass
Parameter 1) CtMethodImpl: @java.lang.Override
public java.lang.String toString() {
    return "";
}
2018-06-13 20:35:20,604 INFO spoon.Launcher - Step filter CtClass only) spoon.support.reflect.declaration.CtAnnotationImpl cannot be cast to spoon.reflect.declaration.CtClass
Parameter 1) CtAnnotationImpl: @java.lang.Override
2018-06-13 20:35:20,605 INFO spoon.Launcher - Step filter CtClass only) spoon.support.reflect.reference.CtTypeReferenceImpl cannot be cast to spoon.reflect.declaration.CtClass
Parameter 1) CtTypeReferenceImpl: java.lang.Override
2018-06-13 20:35:20,605 INFO spoon.Launcher - Step filter CtClass only) spoon.support.reflect.reference.CtPackageReferenceImpl cannot be cast to spoon.reflect.declaration.CtClass
Parameter 1) CtPackageReferenceImpl: java.lang
2018-06-13 20:35:20,605 INFO spoon.Launcher - Step filter CtClass only) spoon.support.reflect.reference.CtTypeReferenceImpl cannot be cast to spoon.reflect.declaration.CtClass
Parameter 1) CtTypeReferenceImpl: java.lang.Override
2018-06-13 20:35:20,605 INFO spoon.Launcher - Step filter CtClass only) spoon.support.reflect.reference.CtPackageReferenceImpl cannot be cast to spoon.reflect.declaration.CtClass
Parameter 1) CtPackageReferenceImpl: java.lang
2018-06-13 20:35:20,605 INFO spoon.Launcher - Step filter CtClass only) spoon.support.reflect.reference.CtTypeReferenceImpl cannot be cast to spoon.reflect.declaration.CtClass
Parameter 1) CtTypeReferenceImpl: java.lang.String
2018-06-13 20:35:20,605 INFO spoon.Launcher - Step filter CtClass only) spoon.support.reflect.reference.CtPackageReferenceImpl cannot be cast to spoon.reflect.declaration.CtClass
Parameter 1) CtPackageReferenceImpl: java.lang
2018-06-13 20:35:20,605 INFO spoon.Launcher - Step filter CtClass only) spoon.support.reflect.code.CtBlockImpl cannot be cast to spoon.reflect.declaration.CtClass
Parameter 1) CtBlockImpl: {
    return "";
}
2018-06-13 20:35:20,605 INFO spoon.Launcher - Step filter CtClass only) spoon.support.reflect.code.CtReturnImpl cannot be cast to spoon.reflect.declaration.CtClass
Parameter 1) CtReturnImpl: return ""
2018-06-13 20:35:20,605 INFO spoon.Launcher - Step filter CtClass only) spoon.support.reflect.code.CtLiteralImpl cannot be cast to spoon.reflect.declaration.CtClass
Parameter 1) CtLiteralImpl: ""
2018-06-13 20:35:20,605 INFO spoon.Launcher - Step filter CtClass only) spoon.support.reflect.reference.CtTypeReferenceImpl cannot be cast to spoon.reflect.declaration.CtClass
Parameter 1) CtTypeReferenceImpl: java.lang.String
2018-06-13 20:35:20,605 INFO spoon.Launcher - Step filter CtClass only) spoon.support.reflect.reference.CtPackageReferenceImpl cannot be cast to spoon.reflect.declaration.CtClass
Parameter 1) CtPackageReferenceImpl: java.lang
2018-06-13 20:35:20,605 INFO spoon.Launcher - Step filter CtClass only) spoon.support.reflect.declaration.CtMethodImpl cannot be cast to spoon.reflect.declaration.CtClass
Parameter 1) CtMethodImpl: @java.lang.Override
public void honey() {
}
2018-06-13 20:35:20,605 INFO spoon.Launcher - Step filter CtClass only) spoon.support.reflect.declaration.CtAnnotationImpl cannot be cast to spoon.reflect.declaration.CtClass
Parameter 1) CtAnnotationImpl: @java.lang.Override
2018-06-13 20:35:20,605 INFO spoon.Launcher - Step filter CtClass only) spoon.support.reflect.reference.CtTypeReferenceImpl cannot be cast to spoon.reflect.declaration.CtClass
Parameter 1) CtTypeReferenceImpl: java.lang.Override
2018-06-13 20:35:20,605 INFO spoon.Launcher - Step filter CtClass only) spoon.support.reflect.reference.CtPackageReferenceImpl cannot be cast to spoon.reflect.declaration.CtClass
Parameter 1) CtPackageReferenceImpl: java.lang
2018-06-13 20:35:20,606 INFO spoon.Launcher - Step filter CtClass only) spoon.support.reflect.reference.CtTypeReferenceImpl cannot be cast to spoon.reflect.declaration.CtClass
Parameter 1) CtTypeReferenceImpl: java.lang.Override
2018-06-13 20:35:20,606 INFO spoon.Launcher - Step filter CtClass only) spoon.support.reflect.reference.CtPackageReferenceImpl cannot be cast to spoon.reflect.declaration.CtClass
Parameter 1) CtPackageReferenceImpl: java.lang
2018-06-13 20:35:20,606 INFO spoon.Launcher - Step filter CtClass only) spoon.support.reflect.reference.CtTypeReferenceImpl cannot be cast to spoon.reflect.declaration.CtClass
Parameter 1) CtTypeReferenceImpl: void
2018-06-13 20:35:20,606 INFO spoon.Launcher - Step filter CtClass only) spoon.support.reflect.code.CtBlockImpl cannot be cast to spoon.reflect.declaration.CtClass
Parameter 1) CtBlockImpl: {
}
2018-06-13 20:35:20,606 INFO spoon.Launcher - Step filter CtClass only) spoon.support.reflect.declaration.CtMethodImpl cannot be cast to spoon.reflect.declaration.CtClass
Parameter 1) CtMethodImpl: public void foo() {
}
2018-06-13 20:35:20,606 INFO spoon.Launcher - Step filter CtClass only) spoon.support.reflect.reference.CtTypeReferenceImpl cannot be cast to spoon.reflect.declaration.CtClass
Parameter 1) CtTypeReferenceImpl: void
2018-06-13 20:35:20,606 INFO spoon.Launcher - Step filter CtClass only) spoon.support.reflect.code.CtBlockImpl cannot be cast to spoon.reflect.declaration.CtClass
Parameter 1) CtBlockImpl: {
}
[INFO] Tests run: 43, Failures: 0, Errors: 0, Skipped: 0, Time elapsed: 4.567 s - in spoon.test.filters.FilterTest
[INFO] Running spoon.test.filters.CUFilterTest
[INFO] Tests run: 3, Failures: 0, Errors: 0, Skipped: 0, Time elapsed: 0.139 s - in spoon.test.filters.CUFilterTest
[INFO] Running spoon.test.method_overriding.MethodOverriddingTest
[INFO] Tests run: 4, Failures: 0, Errors: 0, Skipped: 0, Time elapsed: 0.165 s - in spoon.test.method_overriding.MethodOverriddingTest
[INFO] Running spoon.test.varargs.VarArgsTest
[INFO] Tests run: 1, Failures: 0, Errors: 0, Skipped: 0, Time elapsed: 0.044 s - in spoon.test.varargs.VarArgsTest
[INFO] Running spoon.test.OutputTypeTest
[INFO] Tests run: 1, Failures: 0, Errors: 0, Skipped: 0, Time elapsed: 0 s - in spoon.test.OutputTypeTest
[INFO] Running spoon.test.modifiers.TestModifiers
[INFO] Tests run: 6, Failures: 0, Errors: 0, Skipped: 0, Time elapsed: 0.432 s - in spoon.test.modifiers.TestModifiers
[INFO] Running spoon.test.serializable.SourcePositionTest
[INFO] Tests run: 1, Failures: 0, Errors: 0, Skipped: 0, Time elapsed: 0.079 s - in spoon.test.serializable.SourcePositionTest
[INFO] Running spoon.test.serializable.SerializableTest
[INFO] Tests run: 3, Failures: 0, Errors: 0, Skipped: 0, Time elapsed: 0.167 s - in spoon.test.serializable.SerializableTest
[INFO] Running spoon.test.staticFieldAccess.StaticAccessTest
[INFO] Tests run: 2, Failures: 0, Errors: 0, Skipped: 0, Time elapsed: 0.15 s - in spoon.test.staticFieldAccess.StaticAccessTest
[INFO] Running spoon.test.main.MainTest
[INFO] Tests run: 13, Failures: 0, Errors: 0, Skipped: 0, Time elapsed: 185.111 s - in spoon.test.main.MainTest
[INFO] Running spoon.test.eval.EvalTest
[INFO] Tests run: 9, Failures: 0, Errors: 0, Skipped: 0, Time elapsed: 0.537 s - in spoon.test.eval.EvalTest
[INFO] Running spoon.test.snippets.SnippetTest
[INFO] Tests run: 6, Failures: 0, Errors: 0, Skipped: 0, Time elapsed: 0.322 s - in spoon.test.snippets.SnippetTest
[INFO] Running spoon.test.reflect.visitor.ReferenceQueryTest
[INFO] Tests run: 1, Failures: 0, Errors: 0, Skipped: 0, Time elapsed: 0.04 s - in spoon.test.reflect.visitor.ReferenceQueryTest
[INFO] Running spoon.test.field.FieldTest
[INFO] Tests run: 5, Failures: 0, Errors: 0, Skipped: 0, Time elapsed: 0.164 s - in spoon.test.field.FieldTest
[INFO] Running spoon.test.method.MethodTest
[INFO] Tests run: 5, Failures: 0, Errors: 0, Skipped: 0, Time elapsed: 0.193 s - in spoon.test.method.MethodTest
[INFO] Running spoon.test.literal.LiteralTest
2018-06-13 20:38:28,477 ERROR spoon.support.compiler.jdt.JDTTreeBuilder - Could not find declaration for variable Longs at (/root/workspace/INRIA/spoon/391881615/src/test/resources/noclasspath/SecondaryIndexManager.java:611)
[INFO] Tests run: 5, Failures: 0, Errors: 0, Skipped: 0, Time elapsed: 0.586 s - in spoon.test.literal.LiteralTest
[INFO] Running spoon.test.model.BlockTest
[INFO] Tests run: 2, Failures: 0, Errors: 0, Skipped: 0, Time elapsed: 0.094 s - in spoon.test.model.BlockTest
[INFO] Running spoon.test.model.AnonymousExecutableTest
[INFO] Tests run: 1, Failures: 0, Errors: 0, Skipped: 0, Time elapsed: 0.048 s - in spoon.test.model.AnonymousExecutableTest
[INFO] Running spoon.test.model.IncrementalLauncherTest
[INFO] Tests run: 5, Failures: 0, Errors: 0, Skipped: 0, Time elapsed: 3.238 s - in spoon.test.model.IncrementalLauncherTest
[INFO] Running spoon.test.model.SwitchCaseTest
[INFO] Tests run: 2, Failures: 0, Errors: 0, Skipped: 0, Time elapsed: 0.083 s - in spoon.test.model.SwitchCaseTest
[INFO] Running spoon.test.model.TypeTest
[INFO] Tests run: 8, Failures: 0, Errors: 0, Skipped: 0, Time elapsed: 0.372 s - in spoon.test.model.TypeTest
[INFO] Running spoon.test.trycatch.TryCatchTest
[INFO] Tests run: 12, Failures: 0, Errors: 0, Skipped: 0, Time elapsed: 0.687 s - in spoon.test.trycatch.TryCatchTest
[INFO] Running spoon.test.signature.SignatureTest
[INFO] Tests run: 8, Failures: 0, Errors: 0, Skipped: 0, Time elapsed: 0.609 s - in spoon.test.signature.SignatureTest
[INFO] Running spoon.test.invocations.InvocationTest
[INFO] Tests run: 3, Failures: 0, Errors: 0, Skipped: 0, Time elapsed: 0.149 s - in spoon.test.invocations.InvocationTest
[INFO] Running spoon.test.logging.LogTest
2018-06-13 20:38:34,203 DEBUG spoon.Launcher - destination: /root/workspace/INRIA/spoon/391881615/spooned-classes
2018-06-13 20:38:34,203 DEBUG spoon.Launcher - source classpath: null
2018-06-13 20:38:34,203 DEBUG spoon.Launcher - template classpath: []
2018-06-13 20:38:34,203 INFO spoon.Launcher - Log info
2018-06-13 20:38:34,203 WARN spoon.Launcher - Log warn
2018-06-13 20:38:34,203 ERROR spoon.Launcher - Log error
2018-06-13 20:38:34,203 DEBUG spoon.Launcher - Log debug
2018-06-13 20:38:34,204 DEBUG spoon.Launcher - destination: /root/workspace/INRIA/spoon/391881615/spooned-classes
2018-06-13 20:38:34,204 DEBUG spoon.Launcher - source classpath: null
2018-06-13 20:38:34,204 DEBUG spoon.Launcher - template classpath: []
2018-06-13 20:38:34,204 INFO spoon.Launcher - Log info
2018-06-13 20:38:34,204 WARN spoon.Launcher - Log warn
2018-06-13 20:38:34,204 ERROR spoon.Launcher - Log error
2018-06-13 20:38:34,204 DEBUG spoon.Launcher - Log debug
2018-06-13 20:38:34,205 INFO spoon.Launcher - Log info
2018-06-13 20:38:34,205 WARN spoon.Launcher - Log warn
2018-06-13 20:38:34,205 ERROR spoon.Launcher - Log error
2018-06-13 20:38:34,206 WARN spoon.Launcher - Log warn
2018-06-13 20:38:34,206 ERROR spoon.Launcher - Log error
2018-06-13 20:38:34,206 ERROR spoon.Launcher - Log error
[INFO] Tests run: 6, Failures: 0, Errors: 0, Skipped: 0, Time elapsed: 0.003 s - in spoon.test.logging.LogTest
[INFO] Running spoon.test.sourcePosition.SourcePositionTest
[INFO] Tests run: 3, Failures: 0, Errors: 0, Skipped: 0, Time elapsed: 0.122 s - in spoon.test.sourcePosition.SourcePositionTest
[INFO] Running spoon.test.ctClass.CtClassTest
2018-06-13 20:38:34,791 ERROR spoon.Launcher - cannot load class: daikon.Runtime
spoon.support.SpoonClassNotFoundException: cannot load class: daikon.Runtime
	at spoon.support.reflect.reference.CtTypeReferenceImpl.findClass(CtTypeReferenceImpl.java:160)
	at spoon.support.reflect.reference.CtTypeReferenceImpl.getActualClass(CtTypeReferenceImpl.java:142)
	at spoon.support.reflect.reference.CtFieldReferenceImpl.getActualField(CtFieldReferenceImpl.java:65)
	at spoon.support.reflect.reference.CtFieldReferenceImpl.getModifiers(CtFieldReferenceImpl.java:223)
	at spoon.reflect.visitor.DefaultJavaPrettyPrinter.isInitializeStaticFinalField(DefaultJavaPrettyPrinter.java:889)
	at spoon.reflect.visitor.DefaultJavaPrettyPrinter.printCtFieldAccess(DefaultJavaPrettyPrinter.java:836)
	at spoon.reflect.visitor.DefaultJavaPrettyPrinter.visitCtFieldWrite(DefaultJavaPrettyPrinter.java:795)
	at spoon.support.reflect.code.CtFieldWriteImpl.accept(CtFieldWriteImpl.java:27)
	at spoon.reflect.visitor.DefaultJavaPrettyPrinter.scan(DefaultJavaPrettyPrinter.java:343)
	at spoon.reflect.visitor.DefaultJavaPrettyPrinter.visitCtAssignment(DefaultJavaPrettyPrinter.java:491)
	at spoon.support.reflect.code.CtAssignmentImpl.accept(CtAssignmentImpl.java:55)
	at spoon.reflect.visitor.DefaultJavaPrettyPrinter.scan(DefaultJavaPrettyPrinter.java:343)
	at spoon.reflect.visitor.ElementPrinterHelper.writeStatement(ElementPrinterHelper.java:181)
	at spoon.reflect.visitor.DefaultJavaPrettyPrinter.visitCtBlock(DefaultJavaPrettyPrinter.java:523)
	at spoon.support.reflect.code.CtBlockImpl.accept(CtBlockImpl.java:67)
	at spoon.reflect.visitor.DefaultJavaPrettyPrinter.scan(DefaultJavaPrettyPrinter.java:343)
	at spoon.reflect.visitor.DefaultJavaPrettyPrinter.visitCtAnonymousExecutable(DefaultJavaPrettyPrinter.java:442)
	at spoon.support.reflect.declaration.CtAnonymousExecutableImpl.accept(CtAnonymousExecutableImpl.java:46)
	at spoon.reflect.visitor.DefaultJavaPrettyPrinter.scan(DefaultJavaPrettyPrinter.java:343)
	at spoon.reflect.visitor.ElementPrinterHelper.writeElementList(ElementPrinterHelper.java:195)
	at spoon.reflect.visitor.DefaultJavaPrettyPrinter.visitCtClass(DefaultJavaPrettyPrinter.java:615)
	at spoon.support.reflect.declaration.CtClassImpl.accept(CtClassImpl.java:68)
	at spoon.reflect.visitor.DefaultJavaPrettyPrinter.scan(DefaultJavaPrettyPrinter.java:343)
	at spoon.reflect.visitor.DefaultJavaPrettyPrinter.calculate(DefaultJavaPrettyPrinter.java:1954)
	at spoon.support.JavaOutputProcessor.createJavaFile(JavaOutputProcessor.java:133)
	at spoon.support.JavaOutputProcessor.process(JavaOutputProcessor.java:171)
	at spoon.support.JavaOutputProcessor.process(JavaOutputProcessor.java:45)
	at spoon.support.visitor.ProcessingVisitor.scan(ProcessingVisitor.java:74)
	at spoon.reflect.visitor.CtScanner.scan(CtScanner.java:174)
	at spoon.reflect.visitor.CtScanner.scan(CtScanner.java:148)
	at spoon.reflect.visitor.CtScanner.visitCtPackage(CtScanner.java:650)
	at spoon.support.reflect.declaration.CtPackageImpl.accept(CtPackageImpl.java:102)
	at spoon.reflect.visitor.CtScanner.scan(CtScanner.java:182)
	at spoon.support.visitor.ProcessingVisitor.scan(ProcessingVisitor.java:77)
	at spoon.reflect.visitor.CtScanner.scan(CtScanner.java:174)
	at spoon.reflect.visitor.CtScanner.scan(CtScanner.java:148)
	at spoon.reflect.visitor.CtScanner.visitCtPackage(CtScanner.java:649)
	at spoon.support.reflect.declaration.CtPackageImpl.accept(CtPackageImpl.java:102)
	at spoon.reflect.visitor.CtScanner.scan(CtScanner.java:182)
	at spoon.support.visitor.ProcessingVisitor.scan(ProcessingVisitor.java:77)
	at spoon.reflect.visitor.CtScanner.scan(CtScanner.java:174)
	at spoon.reflect.visitor.CtScanner.visitCtModule(CtScanner.java:925)
	at spoon.reflect.factory.ModuleFactory$CtUnnamedModule.accept(ModuleFactory.java:105)
	at spoon.reflect.visitor.CtScanner.scan(CtScanner.java:182)
	at spoon.support.visitor.ProcessingVisitor.scan(ProcessingVisitor.java:77)
	at spoon.support.QueueProcessingManager.process(QueueProcessingManager.java:119)
	at spoon.support.compiler.jdt.JDTBasedSpoonCompiler.generateProcessedSourceFilesUsingTypes(JDTBasedSpoonCompiler.java:497)
	at spoon.support.compiler.jdt.JDTBasedSpoonCompiler.generateProcessedSourceFiles(JDTBasedSpoonCompiler.java:208)
	at spoon.Launcher.prettyprint(Launcher.java:725)
	at spoon.Launcher.run(Launcher.java:663)
	at spoon.test.ctClass.CtClassTest.testParentOfTheEnclosingClassOfStaticClass(CtClassTest.java:106)
	at sun.reflect.NativeMethodAccessorImpl.invoke0(Native Method)
	at sun.reflect.NativeMethodAccessorImpl.invoke(NativeMethodAccessorImpl.java:62)
	at sun.reflect.DelegatingMethodAccessorImpl.invoke(DelegatingMethodAccessorImpl.java:43)
	at java.lang.reflect.Method.invoke(Method.java:498)
	at org.junit.runners.model.FrameworkMethod$1.runReflectiveCall(FrameworkMethod.java:50)
	at org.junit.internal.runners.model.ReflectiveCallable.run(ReflectiveCallable.java:12)
	at org.junit.runners.model.FrameworkMethod.invokeExplosively(FrameworkMethod.java:47)
	at org.junit.internal.runners.statements.InvokeMethod.evaluate(InvokeMethod.java:17)
	at org.junit.runners.ParentRunner.runLeaf(ParentRunner.java:325)
	at org.junit.runners.BlockJUnit4ClassRunner.runChild(BlockJUnit4ClassRunner.java:78)
	at org.junit.runners.BlockJUnit4ClassRunner.runChild(BlockJUnit4ClassRunner.java:57)
	at org.junit.runners.ParentRunner$3.run(ParentRunner.java:290)
	at org.junit.runners.ParentRunner$1.schedule(ParentRunner.java:71)
	at org.junit.runners.ParentRunner.runChildren(ParentRunner.java:288)
	at org.junit.runners.ParentRunner.access$000(ParentRunner.java:58)
	at org.junit.runners.ParentRunner$2.evaluate(ParentRunner.java:268)
	at org.junit.runners.ParentRunner.run(ParentRunner.java:363)
	at org.apache.maven.surefire.junit4.JUnit4Provider.execute(JUnit4Provider.java:369)
	at org.apache.maven.surefire.junit4.JUnit4Provider.executeWithRerun(JUnit4Provider.java:275)
	at org.apache.maven.surefire.junit4.JUnit4Provider.executeTestSet(JUnit4Provider.java:239)
	at org.apache.maven.surefire.junit4.JUnit4Provider.invoke(JUnit4Provider.java:160)
	at org.apache.maven.surefire.booter.ForkedBooter.invokeProviderInSameClassLoader(ForkedBooter.java:373)
	at org.apache.maven.surefire.booter.ForkedBooter.runSuitesInProcess(ForkedBooter.java:334)
	at org.apache.maven.surefire.booter.ForkedBooter.execute(ForkedBooter.java:119)
	at org.apache.maven.surefire.booter.ForkedBooter.main(ForkedBooter.java:407)
Caused by: java.lang.ClassNotFoundException: daikon.Runtime
	at java.net.URLClassLoader.findClass(URLClassLoader.java:381)
	at java.lang.ClassLoader.loadClass(ClassLoader.java:424)
	at java.lang.ClassLoader.loadClass(ClassLoader.java:357)
	at spoon.support.reflect.reference.CtTypeReferenceImpl.findClass(CtTypeReferenceImpl.java:158)
	... 75 more
[INFO] Tests run: 8, Failures: 0, Errors: 0, Skipped: 0, Time elapsed: 2.639 s - in spoon.test.ctClass.CtClassTest
[INFO] Running spoon.test.change.ChangeCollectorTest
[INFO] Tests run: 1, Failures: 0, Errors: 0, Skipped: 0, Time elapsed: 0.038 s - in spoon.test.change.ChangeCollectorTest
[INFO] Running spoon.test.ctCase.SwitchCaseTest
[INFO] Tests run: 2, Failures: 0, Errors: 0, Skipped: 0, Time elapsed: 0.075 s - in spoon.test.ctCase.SwitchCaseTest
[INFO] Running spoon.test.labels.TestLabels
[INFO] Tests run: 1, Failures: 0, Errors: 0, Skipped: 0, Time elapsed: 0.04 s - in spoon.test.labels.TestLabels
[INFO] Running spoon.test.lambda.LambdaTest
2018-06-13 20:38:38,328 ERROR spoon.support.compiler.jdt.JDTTreeBuilder - Could not find declaration for variable Strings at (/root/workspace/INRIA/spoon/391881615/src/test/resources/noclasspath/lambdas/TypeAccessInLambda.java:6)
[INFO] Tests run: 23, Failures: 0, Errors: 0, Skipped: 0, Time elapsed: 1.681 s - in spoon.test.lambda.LambdaTest
[INFO] Running spoon.test.initializers.InitializerTest
[INFO] Tests run: 2, Failures: 0, Errors: 0, Skipped: 0, Time elapsed: 0.078 s - in spoon.test.initializers.InitializerTest
[INFO] Running spoon.test.constructor.ConstructorTest
[INFO] Tests run: 7, Failures: 0, Errors: 0, Skipped: 0, Time elapsed: 0.506 s - in spoon.test.constructor.ConstructorTest
[INFO] Running spoon.test.limits.utils.InternalTest
[INFO] Tests run: 2, Failures: 0, Errors: 0, Skipped: 0, Time elapsed: 0.09 s - in spoon.test.limits.utils.InternalTest
[INFO] Running spoon.test.query_function.VariableReferencesTest
2018-06-13 20:38:39,518 INFO spoon.Launcher - Spoon version 6.3.0-SNAPSHOT
2018-06-13 20:38:39,518 INFO spoon.Launcher - running Spoon...
2018-06-13 20:38:39,518 INFO spoon.Launcher - start processing...
2018-06-13 20:38:39,576 INFO spoon.Launcher - end of processing: 
2018-06-13 20:38:39,576 INFO spoon.Launcher - no errors, no warnings
2018-06-13 20:38:39,608 INFO spoon.Launcher - Spoon version 6.3.0-SNAPSHOT
2018-06-13 20:38:39,608 INFO spoon.Launcher - running Spoon...
2018-06-13 20:38:39,608 INFO spoon.Launcher - start processing...
2018-06-13 20:38:39,666 INFO spoon.Launcher - end of processing: 
2018-06-13 20:38:39,666 INFO spoon.Launcher - no errors, no warnings
2018-06-13 20:38:39,706 INFO spoon.Launcher - Spoon version 6.3.0-SNAPSHOT
2018-06-13 20:38:39,706 INFO spoon.Launcher - running Spoon...
2018-06-13 20:38:39,706 INFO spoon.Launcher - start processing...
2018-06-13 20:38:39,765 INFO spoon.Launcher - end of processing: 
2018-06-13 20:38:39,765 INFO spoon.Launcher - no errors, no warnings
2018-06-13 20:38:39,769 INFO spoon.Launcher - Spoon version 6.3.0-SNAPSHOT
2018-06-13 20:38:39,769 INFO spoon.Launcher - running Spoon...
2018-06-13 20:38:39,769 INFO spoon.Launcher - start processing...
2018-06-13 20:38:39,827 INFO spoon.Launcher - end of processing: 
2018-06-13 20:38:39,827 INFO spoon.Launcher - no errors, no warnings
2018-06-13 20:38:39,864 INFO spoon.Launcher - Spoon version 6.3.0-SNAPSHOT
2018-06-13 20:38:39,864 INFO spoon.Launcher - running Spoon...
2018-06-13 20:38:39,864 INFO spoon.Launcher - start processing...
2018-06-13 20:38:39,921 INFO spoon.Launcher - end of processing: 
2018-06-13 20:38:39,922 INFO spoon.Launcher - no errors, no warnings
2018-06-13 20:38:39,931 INFO spoon.Launcher - Spoon version 6.3.0-SNAPSHOT
2018-06-13 20:38:39,931 INFO spoon.Launcher - running Spoon...
2018-06-13 20:38:39,931 INFO spoon.Launcher - start processing...
2018-06-13 20:38:40,055 INFO spoon.Launcher - end of processing: 
2018-06-13 20:38:40,055 INFO spoon.Launcher - no errors, no warnings
2018-06-13 20:38:40,062 INFO spoon.Launcher - Spoon version 6.3.0-SNAPSHOT
2018-06-13 20:38:40,062 INFO spoon.Launcher - running Spoon...
2018-06-13 20:38:40,062 INFO spoon.Launcher - start processing...
2018-06-13 20:38:40,121 INFO spoon.Launcher - end of processing: 
2018-06-13 20:38:40,122 INFO spoon.Launcher - no errors, no warnings
2018-06-13 20:38:40,164 INFO spoon.Launcher - Spoon version 6.3.0-SNAPSHOT
2018-06-13 20:38:40,164 INFO spoon.Launcher - running Spoon...
2018-06-13 20:38:40,164 INFO spoon.Launcher - start processing...
2018-06-13 20:38:40,214 INFO spoon.Launcher - end of processing: 
2018-06-13 20:38:40,214 INFO spoon.Launcher - no errors, no warnings
[INFO] Tests run: 8, Failures: 0, Errors: 0, Skipped: 0, Time elapsed: 0.749 s - in spoon.test.query_function.VariableReferencesTest
[INFO] Running spoon.test.query_function.testclasses.VariableReferencesModelTest
[INFO] Tests run: 15, Failures: 0, Errors: 0, Skipped: 0, Time elapsed: 0 s - in spoon.test.query_function.testclasses.VariableReferencesModelTest
[INFO] Running spoon.test.jar.JarTest
[INFO] Tests run: 3, Failures: 0, Errors: 0, Skipped: 0, Time elapsed: 0.116 s - in spoon.test.jar.JarTest
[INFO] Running spoon.test.ctBlock.TestCtBlock
[INFO] Tests run: 3, Failures: 0, Errors: 0, Skipped: 0, Time elapsed: 0.12 s - in spoon.test.ctBlock.TestCtBlock
[INFO] Running spoon.test.support.ResourceTest
[INFO] Tests run: 4, Failures: 0, Errors: 0, Skipped: 0, Time elapsed: 0.174 s - in spoon.test.support.ResourceTest
[INFO] Running spoon.test.type.TypeTest
[INFO] Tests run: 13, Failures: 0, Errors: 0, Skipped: 0, Time elapsed: 0.662 s - in spoon.test.type.TypeTest
[INFO] Running spoon.test.ctBodyHolder.CtBodyHolderTest
[INFO] Tests run: 6, Failures: 0, Errors: 0, Skipped: 0, Time elapsed: 0.356 s - in spoon.test.ctBodyHolder.CtBodyHolderTest
[INFO] Running spoon.test.comparison.EqualTest
[INFO] Tests run: 5, Failures: 0, Errors: 0, Skipped: 0, Time elapsed: 0.244 s - in spoon.test.comparison.EqualTest
[INFO] Running spoon.test.role.TestCtRole
[INFO] Tests run: 3, Failures: 0, Errors: 0, Skipped: 0, Time elapsed: 0 s - in spoon.test.role.TestCtRole
[INFO] Running spoon.test.parameters.ParameterTest
2018-06-13 20:38:42,125 ERROR spoon.support.compiler.jdt.JDTTreeBuilder - Could not find declaration for variable typeRatingFilters at (/root/workspace/INRIA/spoon/391881615/src/test/resources/noclasspath/Tacos.java:4)
[INFO] Tests run: 3, Failures: 0, Errors: 0, Skipped: 0, Time elapsed: 0.149 s - in spoon.test.parameters.ParameterTest
[INFO] Running spoon.test.architecture.SpoonArchitectureEnforcerTest
[INFO] Tests run: 8, Failures: 0, Errors: 0, Skipped: 0, Time elapsed: 30.939 s - in spoon.test.architecture.SpoonArchitectureEnforcerTest
[INFO] Running spoon.support.compiler.jdt.JDTBasedSpoonCompilerTest
[INFO] Tests run: 1, Failures: 0, Errors: 0, Skipped: 0, Time elapsed: 1.486 s - in spoon.support.compiler.jdt.JDTBasedSpoonCompilerTest
[INFO] Running spoon.support.compiler.jdt.JDTBuilderTest
[INFO] Tests run: 1, Failures: 0, Errors: 0, Skipped: 0, Time elapsed: 0 s - in spoon.support.compiler.jdt.JDTBuilderTest
[INFO] Running spoon.support.compiler.jdt.JDTBatchCompilerTest
[INFO] Tests run: 1, Failures: 0, Errors: 0, Skipped: 0, Time elapsed: 0.095 s - in spoon.support.compiler.jdt.JDTBatchCompilerTest
[INFO] Running spoon.support.compiler.jdt.ExtendedStringLiteralTest
[INFO] Tests run: 1, Failures: 0, Errors: 0, Skipped: 0, Time elapsed: 0.123 s - in spoon.support.compiler.jdt.ExtendedStringLiteralTest
[INFO] Running spoon.support.compiler.classpath.ComputeClasspathTest
[INFO] Tests run: 1, Failures: 0, Errors: 0, Skipped: 0, Time elapsed: 0 s - in spoon.support.compiler.classpath.ComputeClasspathTest
[INFO] Running spoon.support.visitor.java.JavaReflectionTreeBuilderTest
[INFO] Tests run: 18, Failures: 0, Errors: 0, Skipped: 0, Time elapsed: 2.344 s - in spoon.support.visitor.java.JavaReflectionTreeBuilderTest
[INFO] Running spoon.testing.CtPackageAssertTest
[INFO] Tests run: 4, Failures: 0, Errors: 0, Skipped: 0, Time elapsed: 0.143 s - in spoon.testing.CtPackageAssertTest
[INFO] Running spoon.testing.FileAssertTest
[INFO] Tests run: 2, Failures: 0, Errors: 0, Skipped: 0, Time elapsed: 0.188 s - in spoon.testing.FileAssertTest
[INFO] Running spoon.testing.AbstractAssertTest
[INFO] Tests run: 4, Failures: 0, Errors: 0, Skipped: 0, Time elapsed: 0.388 s - in spoon.testing.AbstractAssertTest
[INFO] Running spoon.testing.CtElementAssertTest
[INFO] Tests run: 5, Failures: 0, Errors: 0, Skipped: 0, Time elapsed: 0.259 s - in spoon.testing.CtElementAssertTest
[INFO] Running spoon.reflect.visitor.CtIteratorTest
[INFO] Tests run: 1, Failures: 0, Errors: 0, Skipped: 0, Time elapsed: 0.19 s - in spoon.reflect.visitor.CtIteratorTest
[INFO] Running spoon.reflect.visitor.CtScannerTest
[INFO] Tests run: 3, Failures: 0, Errors: 0, Skipped: 0, Time elapsed: 5.604 s - in spoon.reflect.visitor.CtScannerTest
[INFO] Running spoon.reflect.visitor.CtVisitorTest
[INFO] Tests run: 1, Failures: 0, Errors: 0, Skipped: 0, Time elapsed: 1.007 s - in spoon.reflect.visitor.CtVisitorTest
[INFO] Running spoon.reflect.visitor.CtInheritanceScannerTest
[INFO] Tests run: 81, Failures: 0, Errors: 0, Skipped: 0, Time elapsed: 0.393 s - in spoon.reflect.visitor.CtInheritanceScannerTest
[INFO] Running spoon.reflect.visitor.CtInheritanceScannerMethodsTest
[INFO] Tests run: 1, Failures: 0, Errors: 0, Skipped: 0, Time elapsed: 1.011 s - in spoon.reflect.visitor.CtInheritanceScannerMethodsTest
[INFO] Running spoon.reflect.declaration.CtTypeInformationTest
[INFO] Tests run: 4, Failures: 0, Errors: 0, Skipped: 0, Time elapsed: 0.65 s - in spoon.reflect.declaration.CtTypeInformationTest
[INFO] Running spoon.reflect.declaration.UnknownDeclarationTest
[INFO] Tests run: 1, Failures: 0, Errors: 0, Skipped: 0, Time elapsed: 0.045 s - in spoon.reflect.declaration.UnknownDeclarationTest
[INFO] Running spoon.reflect.ast.AstCheckerTest
[ERROR] Tests run: 2, Failures: 1, Errors: 0, Skipped: 0, Time elapsed: 5.453 s <<< FAILURE! - in spoon.reflect.ast.AstCheckerTest
[ERROR] testPushToStackChanges(spoon.reflect.ast.AstCheckerTest)  Time elapsed: 1.044 s  <<< FAILURE!
java.lang.AssertionError: 
setInferred(boolean) on spoon.support.reflect.code.CtLocalVariableImpl

	at spoon.reflect.ast.AstCheckerTest.testPushToStackChanges(AstCheckerTest.java:105)

[INFO] Running spoon.reflect.ast.CloneTest
[INFO] Tests run: 5, Failures: 0, Errors: 0, Skipped: 0, Time elapsed: 14.409 s - in spoon.reflect.ast.CloneTest
[INFO] Running spoon.processing.CtGenerationTest
[ERROR] Tests run: 4, Failures: 1, Errors: 0, Skipped: 0, Time elapsed: 50.152 s <<< FAILURE! - in spoon.processing.CtGenerationTest
[ERROR] testGenerateCloneVisitor(spoon.processing.CtGenerationTest)  Time elapsed: 37.111 s  <<< FAILURE!
org.junit.ComparisonFailure: 
CloneBuilder different expected:<...difiers());
        []super.visitCtLocalVa...> but was:<...difiers());
        [((spoon.reflect.code.CtLocalVariable<T>) (other)).setInferred(e.isInferred());
        ]super.visitCtLocalVa...>
	at spoon.processing.CtGenerationTest.testGenerateCloneVisitor(CtGenerationTest.java:136)

[INFO] Running spoon.processing.ProcessingTest
[INFO] Tests run: 2, Failures: 0, Errors: 0, Skipped: 0, Time elapsed: 0.068 s - in spoon.processing.ProcessingTest
[INFO] Running spoon.LauncherTest
[INFO] Tests run: 4, Failures: 0, Errors: 0, Skipped: 0, Time elapsed: 0.199 s - in spoon.LauncherTest
[INFO] Running spoon.MavenLauncherTest
2018-06-13 20:40:37,399 ERROR spoon.Launcher - Dependency not found at /root/.m2/repository/org/pac4j/pac4j-core/3.0.0-SNAPSHOT
2018-06-13 20:40:37,400 ERROR spoon.Launcher - Dependency not found at /root/.m2/repository/org/pac4j/pac4j-cas/3.0.0-SNAPSHOT
2018-06-13 20:40:37,400 ERROR spoon.Launcher - Dependency not found at /root/.m2/repository/org/pac4j/pac4j-saml/3.0.0-SNAPSHOT
2018-06-13 20:40:37,400 ERROR spoon.Launcher - Dependency not found at /root/.m2/repository/org/pac4j/pac4j-oauth/3.0.0-SNAPSHOT
2018-06-13 20:40:37,400 ERROR spoon.Launcher - Dependency not found at /root/.m2/repository/org/pac4j/pac4j-oidc/3.0.0-SNAPSHOT
2018-06-13 20:40:37,400 ERROR spoon.Launcher - Dependency not found at /root/.m2/repository/org/pac4j/pac4j-ldap/3.0.0-SNAPSHOT
2018-06-13 20:40:37,400 ERROR spoon.Launcher - Dependency not found at /root/.m2/repository/org/pac4j/pac4j-http/3.0.0-SNAPSHOT
2018-06-13 20:40:37,400 ERROR spoon.Launcher - Dependency not found at /root/.m2/repository/com/zaxxer/HikariCP/2.6.1
2018-06-13 20:40:37,400 ERROR spoon.Launcher - Dependency not found at /root/.m2/repository/org/pac4j/pac4j-sql/3.0.0-SNAPSHOT
2018-06-13 20:40:37,400 ERROR spoon.Launcher - Dependency not found at /root/.m2/repository/org/springframework/security/spring-security-crypto/4.2.2.RELEASE
2018-06-13 20:40:37,400 ERROR spoon.Launcher - Dependency not found at /root/.m2/repository/org/apache/shiro/shiro-core/1.3.2
2018-06-13 20:40:37,400 ERROR spoon.Launcher - Dependency not found at /root/.m2/repository/org/pac4j/pac4j-core/3.0.0-SNAPSHOT
2018-06-13 20:40:37,400 ERROR spoon.Launcher - Dependency not found at /root/.m2/repository/junit/junit/4.12
2018-06-13 20:40:37,400 ERROR spoon.Launcher - Dependency not found at /root/.m2/repository/ch/qos/logback/logback-classic/1.2.2
2018-06-13 20:40:37,400 ERROR spoon.Launcher - Dependency not found at /root/.m2/repository/org/pac4j/pac4j-ldap/3.0.0-SNAPSHOT
2018-06-13 20:40:37,400 ERROR spoon.Launcher - Dependency not found at /root/.m2/repository/com/unboundid/unboundid-ldapsdk/3.2.1
2018-06-13 20:40:37,401 ERROR spoon.Launcher - Dependency not found at /root/.m2/repository/org/pac4j/pac4j-sql/3.0.0-SNAPSHOT
2018-06-13 20:40:37,401 ERROR spoon.Launcher - Dependency not found at /root/.m2/repository/org/pac4j/pac4j-core/3.0.0-SNAPSHOT
2018-06-13 20:40:37,401 ERROR spoon.Launcher - Dependency not found at /root/.m2/repository/org/pac4j/pac4j-config/3.0.0-SNAPSHOT
2018-06-13 20:40:37,401 ERROR spoon.Launcher - Dependency not found at /root/.m2/repository/org/pac4j/pac4j-oauth/3.0.0-SNAPSHOT
2018-06-13 20:40:37,401 ERROR spoon.Launcher - Dependency not found at /root/.m2/repository/org/pac4j/pac4j-cas/3.0.0-SNAPSHOT
2018-06-13 20:40:37,401 ERROR spoon.Launcher - Dependency not found at /root/.m2/repository/org/pac4j/pac4j-openid/3.0.0-SNAPSHOT
2018-06-13 20:40:37,401 ERROR spoon.Launcher - Dependency not found at /root/.m2/repository/org/pac4j/pac4j-http/3.0.0-SNAPSHOT
2018-06-13 20:40:37,401 ERROR spoon.Launcher - Dependency not found at /root/.m2/repository/org/pac4j/pac4j-saml/3.0.0-SNAPSHOT
2018-06-13 20:40:37,401 ERROR spoon.Launcher - Dependency not found at /root/.m2/repository/org/pac4j/pac4j-gae/3.0.0-SNAPSHOT
2018-06-13 20:40:37,401 ERROR spoon.Launcher - Dependency not found at /root/.m2/repository/org/pac4j/pac4j-oidc/3.0.0-SNAPSHOT
2018-06-13 20:40:37,401 ERROR spoon.Launcher - Dependency not found at /root/.m2/repository/org/pac4j/pac4j-jwt/3.0.0-SNAPSHOT
2018-06-13 20:40:37,401 ERROR spoon.Launcher - Dependency not found at /root/.m2/repository/org/pac4j/pac4j-ldap/3.0.0-SNAPSHOT
2018-06-13 20:40:37,401 ERROR spoon.Launcher - Dependency not found at /root/.m2/repository/org/pac4j/pac4j-sql/3.0.0-SNAPSHOT
2018-06-13 20:40:37,401 ERROR spoon.Launcher - Dependency not found at /root/.m2/repository/org/pac4j/pac4j-mongo/3.0.0-SNAPSHOT
2018-06-13 20:40:37,401 ERROR spoon.Launcher - Dependency not found at /root/.m2/repository/org/pac4j/pac4j-couch/3.0.0-SNAPSHOT
2018-06-13 20:40:37,401 ERROR spoon.Launcher - Dependency not found at /root/.m2/repository/org/pac4j/pac4j-kerberos/3.0.0-SNAPSHOT
2018-06-13 20:40:37,401 ERROR spoon.Launcher - Dependency not found at /root/.m2/repository/org/slf4j/slf4j-api/1.7.25
2018-06-13 20:40:37,401 ERROR spoon.Launcher - Dependency not found at /root/.m2/repository/javax/servlet/javax.servlet-api/3.1.0
2018-06-13 20:40:37,401 ERROR spoon.Launcher - Dependency not found at /root/.m2/repository/com/google/guava/guava/21.0
2018-06-13 20:40:37,402 ERROR spoon.Launcher - Dependency not found at /root/.m2/repository/org/springframework/security/spring-security-crypto/4.2.2.RELEASE
2018-06-13 20:40:37,402 ERROR spoon.Launcher - Dependency not found at /root/.m2/repository/org/apache/shiro/shiro-core/1.3.2
2018-06-13 20:40:37,402 ERROR spoon.Launcher - Dependency not found at /root/.m2/repository/junit/junit/4.12
2018-06-13 20:40:37,402 ERROR spoon.Launcher - Dependency not found at /root/.m2/repository/org/springframework/spring-test/4.3.7.RELEASE
2018-06-13 20:40:37,402 ERROR spoon.Launcher - Dependency not found at /root/.m2/repository/org/slf4j/jcl-over-slf4j/1.7.25
2018-06-13 20:40:37,402 ERROR spoon.Launcher - Dependency not found at /root/.m2/repository/ch/qos/logback/logback-classic/1.2.2
2018-06-13 20:40:37,402 ERROR spoon.Launcher - Dependency not found at /root/.m2/repository/org/mockito/mockito-core/2.7.19
2018-06-13 20:40:37,402 ERROR spoon.Launcher - Dependency not found at /root/.m2/repository/org/pac4j/pac4j-core/3.0.0-SNAPSHOT
2018-06-13 20:40:37,402 ERROR spoon.Launcher - Dependency not found at /root/.m2/repository/org/pac4j/pac4j-cas/3.0.0-SNAPSHOT
2018-06-13 20:40:37,402 ERROR spoon.Launcher - Dependency not found at /root/.m2/repository/org/pac4j/pac4j-saml/3.0.0-SNAPSHOT
2018-06-13 20:40:37,402 ERROR spoon.Launcher - Dependency not found at /root/.m2/repository/org/pac4j/pac4j-oauth/3.0.0-SNAPSHOT
2018-06-13 20:40:37,402 ERROR spoon.Launcher - Dependency not found at /root/.m2/repository/org/pac4j/pac4j-oidc/3.0.0-SNAPSHOT
2018-06-13 20:40:37,402 ERROR spoon.Launcher - Dependency not found at /root/.m2/repository/org/pac4j/pac4j-ldap/3.0.0-SNAPSHOT
2018-06-13 20:40:37,402 ERROR spoon.Launcher - Dependency not found at /root/.m2/repository/org/pac4j/pac4j-http/3.0.0-SNAPSHOT
2018-06-13 20:40:37,402 ERROR spoon.Launcher - Dependency not found at /root/.m2/repository/com/zaxxer/HikariCP/2.6.1
2018-06-13 20:40:37,402 ERROR spoon.Launcher - Dependency not found at /root/.m2/repository/org/pac4j/pac4j-sql/3.0.0-SNAPSHOT
2018-06-13 20:40:37,402 ERROR spoon.Launcher - Dependency not found at /root/.m2/repository/org/springframework/security/spring-security-crypto/4.2.2.RELEASE
2018-06-13 20:40:37,402 ERROR spoon.Launcher - Dependency not found at /root/.m2/repository/org/apache/shiro/shiro-core/1.3.2
2018-06-13 20:40:37,402 ERROR spoon.Launcher - Dependency not found at /root/.m2/repository/org/pac4j/pac4j-core/3.0.0-SNAPSHOT
2018-06-13 20:40:37,402 ERROR spoon.Launcher - Dependency not found at /root/.m2/repository/junit/junit/4.12
2018-06-13 20:40:37,403 ERROR spoon.Launcher - Dependency not found at /root/.m2/repository/ch/qos/logback/logback-classic/1.2.2
2018-06-13 20:40:37,403 ERROR spoon.Launcher - Dependency not found at /root/.m2/repository/org/pac4j/pac4j-ldap/3.0.0-SNAPSHOT
2018-06-13 20:40:37,403 ERROR spoon.Launcher - Dependency not found at /root/.m2/repository/com/unboundid/unboundid-ldapsdk/3.2.1
2018-06-13 20:40:37,403 ERROR spoon.Launcher - Dependency not found at /root/.m2/repository/org/pac4j/pac4j-sql/3.0.0-SNAPSHOT
2018-06-13 20:40:37,403 ERROR spoon.Launcher - Dependency not found at /root/.m2/repository/org/pac4j/pac4j-core/3.0.0-SNAPSHOT
2018-06-13 20:40:37,403 ERROR spoon.Launcher - Dependency not found at /root/.m2/repository/commons-codec/commons-codec/1.10
2018-06-13 20:40:37,403 ERROR spoon.Launcher - Dependency not found at /root/.m2/repository/com/github/scribejava/scribejava-apis/3.3.0
2018-06-13 20:40:37,403 ERROR spoon.Launcher - Dependency not found at /root/.m2/repository/com/fasterxml/jackson/core/jackson-databind/2.8.7
2018-06-13 20:40:37,403 ERROR spoon.Launcher - Dependency not found at /root/.m2/repository/javax/servlet/javax.servlet-api/3.1.0
2018-06-13 20:40:37,403 ERROR spoon.Launcher - Dependency not found at /root/.m2/repository/org/pac4j/pac4j-core/3.0.0-SNAPSHOT
2018-06-13 20:40:37,403 ERROR spoon.Launcher - Dependency not found at /root/.m2/repository/junit/junit/4.12
2018-06-13 20:40:37,403 ERROR spoon.Launcher - Dependency not found at /root/.m2/repository/ch/qos/logback/logback-classic/1.2.2
2018-06-13 20:40:37,403 ERROR spoon.Launcher - Dependency not found at /root/.m2/repository/org/pac4j/pac4j-core/3.0.0-SNAPSHOT
2018-06-13 20:40:37,403 ERROR spoon.Launcher - Dependency not found at /root/.m2/repository/org/jasig/cas/client/cas-client-core/3.4.1
2018-06-13 20:40:37,403 ERROR spoon.Launcher - Dependency not found at /root/.m2/repository/org/jasig/cas/client/cas-client-support-saml/3.4.1
2018-06-13 20:40:37,403 ERROR spoon.Launcher - Dependency not found at /root/.m2/repository/javax/servlet/javax.servlet-api/3.1.0
2018-06-13 20:40:37,403 ERROR spoon.Launcher - Dependency not found at /root/.m2/repository/com/google/guava/guava/21.0
2018-06-13 20:40:37,403 ERROR spoon.Launcher - Dependency not found at /root/.m2/repository/org/pac4j/pac4j-core/3.0.0-SNAPSHOT
2018-06-13 20:40:37,403 ERROR spoon.Launcher - Dependency not found at /root/.m2/repository/junit/junit/4.12
2018-06-13 20:40:37,403 ERROR spoon.Launcher - Dependency not found at /root/.m2/repository/ch/qos/logback/logback-classic/1.2.2
2018-06-13 20:40:37,404 ERROR spoon.Launcher - Dependency not found at /root/.m2/repository/org/pac4j/pac4j-core/3.0.0-SNAPSHOT
2018-06-13 20:40:37,404 ERROR spoon.Launcher - Dependency not found at /root/.m2/repository/org/openid4java/openid4java/1.0.0
2018-06-13 20:40:37,404 ERROR spoon.Launcher - Dependency not found at /root/.m2/repository/org/slf4j/jcl-over-slf4j/1.7.25
2018-06-13 20:40:37,404 ERROR spoon.Launcher - Dependency not found at /root/.m2/repository/xml-apis/xml-apis/2.0.2
2018-06-13 20:40:37,404 ERROR spoon.Launcher - Dependency not found at /root/.m2/repository/javax/servlet/javax.servlet-api/3.1.0
2018-06-13 20:40:37,404 ERROR spoon.Launcher - Dependency not found at /root/.m2/repository/org/pac4j/pac4j-core/3.0.0-SNAPSHOT
2018-06-13 20:40:37,404 ERROR spoon.Launcher - Dependency not found at /root/.m2/repository/junit/junit/4.12
2018-06-13 20:40:37,404 ERROR spoon.Launcher - Dependency not found at /root/.m2/repository/ch/qos/logback/logback-classic/1.2.2
2018-06-13 20:40:37,404 ERROR spoon.Launcher - Dependency not found at /root/.m2/repository/org/pac4j/pac4j-core/3.0.0-SNAPSHOT
2018-06-13 20:40:37,404 ERROR spoon.Launcher - Dependency not found at /root/.m2/repository/commons-codec/commons-codec/1.10
2018-06-13 20:40:37,404 ERROR spoon.Launcher - Dependency not found at /root/.m2/repository/com/fasterxml/jackson/core/jackson-databind/2.8.7
2018-06-13 20:40:37,404 ERROR spoon.Launcher - Dependency not found at /root/.m2/repository/org/pac4j/pac4j-core/3.0.0-SNAPSHOT
2018-06-13 20:40:37,404 ERROR spoon.Launcher - Dependency not found at /root/.m2/repository/junit/junit/4.12
2018-06-13 20:40:37,404 ERROR spoon.Launcher - Dependency not found at /root/.m2/repository/ch/qos/logback/logback-classic/1.2.2
2018-06-13 20:40:37,404 ERROR spoon.Launcher - Dependency not found at /root/.m2/repository/org/mockito/mockito-core/2.7.19
2018-06-13 20:40:37,404 ERROR spoon.Launcher - Dependency not found at /root/.m2/repository/com/google/guava/guava/21.0
2018-06-13 20:40:37,404 ERROR spoon.Launcher - Dependency not found at /root/.m2/repository/org/nanohttpd/nanohttpd/2.3.1
2018-06-13 20:40:37,404 ERROR spoon.Launcher - Dependency not found at /root/.m2/repository/org/pac4j/pac4j-core/3.0.0-SNAPSHOT
2018-06-13 20:40:37,404 ERROR spoon.Launcher - Dependency not found at /root/.m2/repository/org/opensaml/opensaml-core/3.3.0
2018-06-13 20:40:37,405 ERROR spoon.Launcher - Dependency not found at /root/.m2/repository/net/shibboleth/utilities/java-support/7.3.0
2018-06-13 20:40:37,405 ERROR spoon.Launcher - Dependency not found at /root/.m2/repository/org/opensaml/opensaml-saml-api/3.3.0
2018-06-13 20:40:37,405 ERROR spoon.Launcher - Dependency not found at /root/.m2/repository/org/opensaml/opensaml-saml-impl/3.3.0
2018-06-13 20:40:37,405 ERROR spoon.Launcher - Dependency not found at /root/.m2/repository/org/opensaml/opensaml-soap-api/3.3.0
2018-06-13 20:40:37,405 ERROR spoon.Launcher - Dependency not found at /root/.m2/repository/org/opensaml/opensaml-xmlsec-api/3.3.0
2018-06-13 20:40:37,405 ERROR spoon.Launcher - Dependency not found at /root/.m2/repository/org/opensaml/opensaml-security-api/3.3.0
2018-06-13 20:40:37,405 ERROR spoon.Launcher - Dependency not found at /root/.m2/repository/org/opensaml/opensaml-security-impl/3.3.0
2018-06-13 20:40:37,405 ERROR spoon.Launcher - Dependency not found at /root/.m2/repository/org/opensaml/opensaml-profile-api/3.3.0
2018-06-13 20:40:37,405 ERROR spoon.Launcher - Dependency not found at /root/.m2/repository/org/opensaml/opensaml-profile-impl/3.3.0
2018-06-13 20:40:37,405 ERROR spoon.Launcher - Dependency not found at /root/.m2/repository/org/opensaml/opensaml-messaging-api/3.3.0
2018-06-13 20:40:37,405 ERROR spoon.Launcher - Dependency not found at /root/.m2/repository/org/opensaml/opensaml-messaging-impl/3.3.0
2018-06-13 20:40:37,405 ERROR spoon.Launcher - Dependency not found at /root/.m2/repository/org/opensaml/opensaml-xmlsec-impl/3.3.0
2018-06-13 20:40:37,405 ERROR spoon.Launcher - Dependency not found at /root/.m2/repository/com/google/guava/guava/21.0
2018-06-13 20:40:37,405 ERROR spoon.Launcher - Dependency not found at /root/.m2/repository/org/cryptacular/cryptacular/1.1.0
2018-06-13 20:40:37,405 ERROR spoon.Launcher - Dependency not found at /root/.m2/repository/joda-time/joda-time/2.9.2
2018-06-13 20:40:37,405 ERROR spoon.Launcher - Dependency not found at /root/.m2/repository/xalan/xalan/2.7.2
2018-06-13 20:40:37,406 ERROR spoon.Launcher - Dependency not found at /root/.m2/repository/org/apache/velocity/velocity/1.7
2018-06-13 20:40:37,406 ERROR spoon.Launcher - Dependency not found at /root/.m2/repository/commons-collections/commons-collections/3.2.2
2018-06-13 20:40:37,406 ERROR spoon.Launcher - Dependency not found at /root/.m2/repository/org/slf4j/jcl-over-slf4j/1.7.25
2018-06-13 20:40:37,406 ERROR spoon.Launcher - Dependency not found at /root/.m2/repository/javax/servlet/javax.servlet-api/3.1.0
2018-06-13 20:40:37,406 ERROR spoon.Launcher - Dependency not found at /root/.m2/repository/org/springframework/spring-core/4.3.7.RELEASE
2018-06-13 20:40:37,406 ERROR spoon.Launcher - Dependency not found at /root/.m2/repository/org/pac4j/pac4j-core/3.0.0-SNAPSHOT
2018-06-13 20:40:37,406 ERROR spoon.Launcher - Dependency not found at /root/.m2/repository/junit/junit/4.12
2018-06-13 20:40:37,406 ERROR spoon.Launcher - Dependency not found at /root/.m2/repository/ch/qos/logback/logback-classic/1.2.2
2018-06-13 20:40:37,406 ERROR spoon.Launcher - Dependency not found at /root/.m2/repository/org/springframework/spring-test/4.3.7.RELEASE
2018-06-13 20:40:37,406 ERROR spoon.Launcher - Dependency not found at /root/.m2/repository/org/springframework/spring-web/4.3.7.RELEASE
2018-06-13 20:40:37,406 ERROR spoon.Launcher - Dependency not found at /root/.m2/repository/org/mockito/mockito-core/2.7.19
2018-06-13 20:40:37,406 ERROR spoon.Launcher - Dependency not found at /root/.m2/repository/org/pac4j/pac4j-core/3.0.0-SNAPSHOT
2018-06-13 20:40:37,406 ERROR spoon.Launcher - Dependency not found at /root/.m2/repository/com/google/appengine/appengine-api-1.0-sdk/1.9.50
2018-06-13 20:40:37,406 ERROR spoon.Launcher - Dependency not found at /root/.m2/repository/com/google/appengine/appengine-jsr107cache/1.9.50
2018-06-13 20:40:37,406 ERROR spoon.Launcher - Dependency not found at /root/.m2/repository/net/sf/jsr107cache/jsr107cache/1.1
2018-06-13 20:40:37,406 ERROR spoon.Launcher - Dependency not found at /root/.m2/repository/javax/servlet/javax.servlet-api/3.1.0
2018-06-13 20:40:37,406 ERROR spoon.Launcher - Dependency not found at /root/.m2/repository/org/pac4j/pac4j-core/3.0.0-SNAPSHOT
2018-06-13 20:40:37,406 ERROR spoon.Launcher - Dependency not found at /root/.m2/repository/junit/junit/4.12
2018-06-13 20:40:37,406 ERROR spoon.Launcher - Dependency not found at /root/.m2/repository/ch/qos/logback/logback-classic/1.2.2
2018-06-13 20:40:37,407 ERROR spoon.Launcher - Dependency not found at /root/.m2/repository/com/google/appengine/appengine-testing/1.9.50
2018-06-13 20:40:37,407 ERROR spoon.Launcher - Dependency not found at /root/.m2/repository/com/google/appengine/appengine-api-labs/1.9.50
2018-06-13 20:40:37,407 ERROR spoon.Launcher - Dependency not found at /root/.m2/repository/com/google/appengine/appengine-api-stubs/1.9.50
2018-06-13 20:40:37,407 ERROR spoon.Launcher - Dependency not found at /root/.m2/repository/org/pac4j/pac4j-core/3.0.0-SNAPSHOT
2018-06-13 20:40:37,407 ERROR spoon.Launcher - Dependency not found at /root/.m2/repository/com/nimbusds/oauth2-oidc-sdk/5.24.2
2018-06-13 20:40:37,407 ERROR spoon.Launcher - Dependency not found at /root/.m2/repository/com/nimbusds/nimbus-jose-jwt/4.35
2018-06-13 20:40:37,407 ERROR spoon.Launcher - Dependency not found at /root/.m2/repository/org/pac4j/pac4j-core/3.0.0-SNAPSHOT
2018-06-13 20:40:37,407 ERROR spoon.Launcher - Dependency not found at /root/.m2/repository/junit/junit/4.12
2018-06-13 20:40:37,407 ERROR spoon.Launcher - Dependency not found at /root/.m2/repository/ch/qos/logback/logback-classic/1.2.2
2018-06-13 20:40:37,407 ERROR spoon.Launcher - Dependency not found at /root/.m2/repository/org/pac4j/pac4j-core/3.0.0-SNAPSHOT
2018-06-13 20:40:37,407 ERROR spoon.Launcher - Dependency not found at /root/.m2/repository/com/nimbusds/nimbus-jose-jwt/4.35
2018-06-13 20:40:37,407 ERROR spoon.Launcher - Dependency not found at /root/.m2/repository/org/bouncycastle/bcprov-jdk15on/1.56
2018-06-13 20:40:37,407 ERROR spoon.Launcher - Dependency not found at /root/.m2/repository/org/pac4j/pac4j-core/3.0.0-SNAPSHOT
2018-06-13 20:40:37,407 ERROR spoon.Launcher - Dependency not found at /root/.m2/repository/junit/junit/4.12
2018-06-13 20:40:37,407 ERROR spoon.Launcher - Dependency not found at /root/.m2/repository/ch/qos/logback/logback-classic/1.2.2
2018-06-13 20:40:37,407 ERROR spoon.Launcher - Dependency not found at /root/.m2/repository/org/pac4j/pac4j-oauth/3.0.0-SNAPSHOT
2018-06-13 20:40:37,407 ERROR spoon.Launcher - Dependency not found at /root/.m2/repository/org/pac4j/pac4j-core/3.0.0-SNAPSHOT
2018-06-13 20:40:37,407 ERROR spoon.Launcher - Dependency not found at /root/.m2/repository/org/ldaptive/ldaptive/1.2.1
2018-06-13 20:40:37,408 ERROR spoon.Launcher - Dependency not found at /root/.m2/repository/org/pac4j/pac4j-core/3.0.0-SNAPSHOT
2018-06-13 20:40:37,408 ERROR spoon.Launcher - Dependency not found at /root/.m2/repository/junit/junit/4.12
2018-06-13 20:40:37,408 ERROR spoon.Launcher - Dependency not found at /root/.m2/repository/ch/qos/logback/logback-classic/1.2.2
2018-06-13 20:40:37,408 ERROR spoon.Launcher - Dependency not found at /root/.m2/repository/com/unboundid/unboundid-ldapsdk/3.2.1
2018-06-13 20:40:37,408 ERROR spoon.Launcher - Dependency not found at /root/.m2/repository/org/pac4j/pac4j-core/3.0.0-SNAPSHOT
2018-06-13 20:40:37,408 ERROR spoon.Launcher - Dependency not found at /root/.m2/repository/org/jdbi/jdbi/2.78
2018-06-13 20:40:37,408 ERROR spoon.Launcher - Dependency not found at /root/.m2/repository/org/pac4j/pac4j-core/3.0.0-SNAPSHOT
2018-06-13 20:40:37,408 ERROR spoon.Launcher - Dependency not found at /root/.m2/repository/junit/junit/4.12
2018-06-13 20:40:37,408 ERROR spoon.Launcher - Dependency not found at /root/.m2/repository/org/springframework/security/spring-security-crypto/4.2.2.RELEASE
2018-06-13 20:40:37,408 ERROR spoon.Launcher - Dependency not found at /root/.m2/repository/com/h2database/h2/1.4.194
2018-06-13 20:40:37,408 ERROR spoon.Launcher - Dependency not found at /root/.m2/repository/org/pac4j/pac4j-core/3.0.0-SNAPSHOT
2018-06-13 20:40:37,408 ERROR spoon.Launcher - Dependency not found at /root/.m2/repository/org/mongodb/mongo-java-driver/3.4.2
2018-06-13 20:40:37,408 ERROR spoon.Launcher - Dependency not found at /root/.m2/repository/org/pac4j/pac4j-core/3.0.0-SNAPSHOT
2018-06-13 20:40:37,408 ERROR spoon.Launcher - Dependency not found at /root/.m2/repository/junit/junit/4.12
2018-06-13 20:40:37,408 ERROR spoon.Launcher - Dependency not found at /root/.m2/repository/ch/qos/logback/logback-classic/1.2.2
2018-06-13 20:40:37,408 ERROR spoon.Launcher - Dependency not found at /root/.m2/repository/org/apache/shiro/shiro-core/1.3.2
2018-06-13 20:40:37,408 ERROR spoon.Launcher - Dependency not found at /root/.m2/repository/de/flapdoodle/embed/de.flapdoodle.embed.mongo/2.0.0
2018-06-13 20:40:37,408 ERROR spoon.Launcher - Dependency not found at /root/.m2/repository/org/pac4j/pac4j-core/3.0.0-SNAPSHOT
2018-06-13 20:40:37,408 ERROR spoon.Launcher - Dependency not found at /root/.m2/repository/org/ektorp/org.ektorp/1.4.4
2018-06-13 20:40:37,408 ERROR spoon.Launcher - Dependency not found at /root/.m2/repository/com/fasterxml/jackson/core/jackson-databind/2.3.3
2018-06-13 20:40:37,409 ERROR spoon.Launcher - Dependency not found at /root/.m2/repository/org/pac4j/pac4j-core/3.0.0-SNAPSHOT
2018-06-13 20:40:37,409 ERROR spoon.Launcher - Dependency not found at /root/.m2/repository/io/bdrc/mcouch-ektorp/1.0.0
2018-06-13 20:40:37,409 ERROR spoon.Launcher - Dependency not found at /root/.m2/repository/junit/junit/4.12
2018-06-13 20:40:37,409 ERROR spoon.Launcher - Dependency not found at /root/.m2/repository/ch/qos/logback/logback-classic/1.2.2
2018-06-13 20:40:37,409 ERROR spoon.Launcher - Dependency not found at /root/.m2/repository/org/apache/shiro/shiro-core/1.3.2
2018-06-13 20:40:37,409 ERROR spoon.Launcher - Dependency not found at /root/.m2/repository/org/pac4j/pac4j-core/3.0.0-SNAPSHOT
2018-06-13 20:40:37,409 ERROR spoon.Launcher - Dependency not found at /root/.m2/repository/org/springframework/spring-core/4.3.7.RELEASE
2018-06-13 20:40:37,409 ERROR spoon.Launcher - Dependency not found at /root/.m2/repository/org/pac4j/pac4j-core/3.0.0-SNAPSHOT
2018-06-13 20:40:37,409 ERROR spoon.Launcher - Dependency not found at /root/.m2/repository/junit/junit/4.12
2018-06-13 20:40:37,409 ERROR spoon.Launcher - Dependency not found at /root/.m2/repository/ch/qos/logback/logback-classic/1.2.2
2018-06-13 20:40:37,409 ERROR spoon.Launcher - Dependency not found at /root/.m2/repository/org/mockito/mockito-core/2.7.19
2018-06-13 20:40:37,409 ERROR spoon.Launcher - Dependency not found at /root/.m2/repository/javax/servlet/javax.servlet-api/3.1.0
2018-06-13 20:40:37,409 ERROR spoon.Launcher - Dependency not found at /root/.m2/repository/org/apache/kerby/kerby-kdc/1.0.0
2018-06-13 20:40:37,409 ERROR spoon.Launcher - Dependency not found at /root/.m2/repository/org/apache/kerby/kerb-simplekdc/1.0.0
2018-06-13 20:40:37,409 ERROR spoon.Launcher - Dependency not found at /root/.m2/repository/org/apache/kerby/kerb-client/1.0.0
2018-06-13 20:40:37,409 ERROR spoon.Launcher - Dependency not found at /root/.m2/repository/org/apache/kerby/token-provider/1.0.0
2018-06-13 20:40:37,409 ERROR spoon.Launcher - Dependency not found at /root/.m2/repository/org/apache/kerby/integration-test/1.0.0
2018-06-13 20:40:37,422 ERROR spoon.Launcher - Dependency not found at /root/.m2/repository/org/pac4j/pac4j-core/3.0.0-SNAPSHOT
2018-06-13 20:40:37,422 ERROR spoon.Launcher - Dependency not found at /root/.m2/repository/org/pac4j/pac4j-config/3.0.0-SNAPSHOT
2018-06-13 20:40:37,422 ERROR spoon.Launcher - Dependency not found at /root/.m2/repository/org/pac4j/pac4j-oauth/3.0.0-SNAPSHOT
2018-06-13 20:40:37,422 ERROR spoon.Launcher - Dependency not found at /root/.m2/repository/org/pac4j/pac4j-cas/3.0.0-SNAPSHOT
2018-06-13 20:40:37,422 ERROR spoon.Launcher - Dependency not found at /root/.m2/repository/org/pac4j/pac4j-openid/3.0.0-SNAPSHOT
2018-06-13 20:40:37,422 ERROR spoon.Launcher - Dependency not found at /root/.m2/repository/org/pac4j/pac4j-http/3.0.0-SNAPSHOT
2018-06-13 20:40:37,422 ERROR spoon.Launcher - Dependency not found at /root/.m2/repository/org/pac4j/pac4j-saml/3.0.0-SNAPSHOT
2018-06-13 20:40:37,423 ERROR spoon.Launcher - Dependency not found at /root/.m2/repository/org/pac4j/pac4j-gae/3.0.0-SNAPSHOT
2018-06-13 20:40:37,423 ERROR spoon.Launcher - Dependency not found at /root/.m2/repository/org/pac4j/pac4j-oidc/3.0.0-SNAPSHOT
2018-06-13 20:40:37,423 ERROR spoon.Launcher - Dependency not found at /root/.m2/repository/org/pac4j/pac4j-jwt/3.0.0-SNAPSHOT
2018-06-13 20:40:37,423 ERROR spoon.Launcher - Dependency not found at /root/.m2/repository/org/pac4j/pac4j-ldap/3.0.0-SNAPSHOT
2018-06-13 20:40:37,423 ERROR spoon.Launcher - Dependency not found at /root/.m2/repository/org/pac4j/pac4j-sql/3.0.0-SNAPSHOT
2018-06-13 20:40:37,423 ERROR spoon.Launcher - Dependency not found at /root/.m2/repository/org/pac4j/pac4j-mongo/3.0.0-SNAPSHOT
2018-06-13 20:40:37,423 ERROR spoon.Launcher - Dependency not found at /root/.m2/repository/org/pac4j/pac4j-couch/3.0.0-SNAPSHOT
2018-06-13 20:40:37,423 ERROR spoon.Launcher - Dependency not found at /root/.m2/repository/org/pac4j/pac4j-kerberos/3.0.0-SNAPSHOT
2018-06-13 20:40:37,423 ERROR spoon.Launcher - Dependency not found at /root/.m2/repository/org/slf4j/slf4j-api/1.7.25
2018-06-13 20:40:37,423 ERROR spoon.Launcher - Dependency not found at /root/.m2/repository/javax/servlet/javax.servlet-api/3.1.0
2018-06-13 20:40:37,423 ERROR spoon.Launcher - Dependency not found at /root/.m2/repository/com/google/guava/guava/21.0
2018-06-13 20:40:37,423 ERROR spoon.Launcher - Dependency not found at /root/.m2/repository/org/springframework/security/spring-security-crypto/4.2.2.RELEASE
2018-06-13 20:40:37,423 ERROR spoon.Launcher - Dependency not found at /root/.m2/repository/org/apache/shiro/shiro-core/1.3.2
2018-06-13 20:40:37,423 ERROR spoon.Launcher - Dependency not found at /root/.m2/repository/junit/junit/4.12
2018-06-13 20:40:37,423 ERROR spoon.Launcher - Dependency not found at /root/.m2/repository/org/springframework/spring-test/4.3.7.RELEASE
2018-06-13 20:40:37,423 ERROR spoon.Launcher - Dependency not found at /root/.m2/repository/org/slf4j/jcl-over-slf4j/1.7.25
2018-06-13 20:40:37,423 ERROR spoon.Launcher - Dependency not found at /root/.m2/repository/ch/qos/logback/logback-classic/1.2.2
2018-06-13 20:40:37,423 ERROR spoon.Launcher - Dependency not found at /root/.m2/repository/org/mockito/mockito-core/2.7.19
2018-06-13 20:40:37,423 ERROR spoon.Launcher - Dependency not found at /root/.m2/repository/org/pac4j/pac4j-core/3.0.0-SNAPSHOT
2018-06-13 20:40:37,424 ERROR spoon.Launcher - Dependency not found at /root/.m2/repository/org/pac4j/pac4j-cas/3.0.0-SNAPSHOT
2018-06-13 20:40:37,424 ERROR spoon.Launcher - Dependency not found at /root/.m2/repository/org/pac4j/pac4j-saml/3.0.0-SNAPSHOT
2018-06-13 20:40:37,424 ERROR spoon.Launcher - Dependency not found at /root/.m2/repository/org/pac4j/pac4j-oauth/3.0.0-SNAPSHOT
2018-06-13 20:40:37,424 ERROR spoon.Launcher - Dependency not found at /root/.m2/repository/org/pac4j/pac4j-oidc/3.0.0-SNAPSHOT
2018-06-13 20:40:37,424 ERROR spoon.Launcher - Dependency not found at /root/.m2/repository/org/pac4j/pac4j-ldap/3.0.0-SNAPSHOT
2018-06-13 20:40:37,424 ERROR spoon.Launcher - Dependency not found at /root/.m2/repository/org/pac4j/pac4j-http/3.0.0-SNAPSHOT
2018-06-13 20:40:37,424 ERROR spoon.Launcher - Dependency not found at /root/.m2/repository/com/zaxxer/HikariCP/2.6.1
2018-06-13 20:40:37,424 ERROR spoon.Launcher - Dependency not found at /root/.m2/repository/org/pac4j/pac4j-sql/3.0.0-SNAPSHOT
2018-06-13 20:40:37,424 ERROR spoon.Launcher - Dependency not found at /root/.m2/repository/org/springframework/security/spring-security-crypto/4.2.2.RELEASE
2018-06-13 20:40:37,424 ERROR spoon.Launcher - Dependency not found at /root/.m2/repository/org/apache/shiro/shiro-core/1.3.2
2018-06-13 20:40:37,424 ERROR spoon.Launcher - Dependency not found at /root/.m2/repository/org/pac4j/pac4j-core/3.0.0-SNAPSHOT
2018-06-13 20:40:37,424 ERROR spoon.Launcher - Dependency not found at /root/.m2/repository/junit/junit/4.12
2018-06-13 20:40:37,424 ERROR spoon.Launcher - Dependency not found at /root/.m2/repository/ch/qos/logback/logback-classic/1.2.2
2018-06-13 20:40:37,424 ERROR spoon.Launcher - Dependency not found at /root/.m2/repository/org/pac4j/pac4j-ldap/3.0.0-SNAPSHOT
2018-06-13 20:40:37,424 ERROR spoon.Launcher - Dependency not found at /root/.m2/repository/com/unboundid/unboundid-ldapsdk/3.2.1
2018-06-13 20:40:37,424 ERROR spoon.Launcher - Dependency not found at /root/.m2/repository/org/pac4j/pac4j-sql/3.0.0-SNAPSHOT
2018-06-13 20:40:37,424 ERROR spoon.Launcher - Dependency not found at /root/.m2/repository/org/pac4j/pac4j-core/3.0.0-SNAPSHOT
2018-06-13 20:40:37,424 ERROR spoon.Launcher - Dependency not found at /root/.m2/repository/commons-codec/commons-codec/1.10
2018-06-13 20:40:37,424 ERROR spoon.Launcher - Dependency not found at /root/.m2/repository/com/github/scribejava/scribejava-apis/3.3.0
2018-06-13 20:40:37,424 ERROR spoon.Launcher - Dependency not found at /root/.m2/repository/com/fasterxml/jackson/core/jackson-databind/2.8.7
2018-06-13 20:40:37,425 ERROR spoon.Launcher - Dependency not found at /root/.m2/repository/javax/servlet/javax.servlet-api/3.1.0
2018-06-13 20:40:37,425 ERROR spoon.Launcher - Dependency not found at /root/.m2/repository/org/pac4j/pac4j-core/3.0.0-SNAPSHOT
2018-06-13 20:40:37,425 ERROR spoon.Launcher - Dependency not found at /root/.m2/repository/junit/junit/4.12
2018-06-13 20:40:37,425 ERROR spoon.Launcher - Dependency not found at /root/.m2/repository/ch/qos/logback/logback-classic/1.2.2
2018-06-13 20:40:37,425 ERROR spoon.Launcher - Dependency not found at /root/.m2/repository/org/pac4j/pac4j-core/3.0.0-SNAPSHOT
2018-06-13 20:40:37,425 ERROR spoon.Launcher - Dependency not found at /root/.m2/repository/org/jasig/cas/client/cas-client-core/3.4.1
2018-06-13 20:40:37,425 ERROR spoon.Launcher - Dependency not found at /root/.m2/repository/org/jasig/cas/client/cas-client-support-saml/3.4.1
2018-06-13 20:40:37,425 ERROR spoon.Launcher - Dependency not found at /root/.m2/repository/javax/servlet/javax.servlet-api/3.1.0
2018-06-13 20:40:37,425 ERROR spoon.Launcher - Dependency not found at /root/.m2/repository/com/google/guava/guava/21.0
2018-06-13 20:40:37,425 ERROR spoon.Launcher - Dependency not found at /root/.m2/repository/org/pac4j/pac4j-core/3.0.0-SNAPSHOT
2018-06-13 20:40:37,425 ERROR spoon.Launcher - Dependency not found at /root/.m2/repository/junit/junit/4.12
2018-06-13 20:40:37,425 ERROR spoon.Launcher - Dependency not found at /root/.m2/repository/ch/qos/logback/logback-classic/1.2.2
2018-06-13 20:40:37,425 ERROR spoon.Launcher - Dependency not found at /root/.m2/repository/org/pac4j/pac4j-core/3.0.0-SNAPSHOT
2018-06-13 20:40:37,425 ERROR spoon.Launcher - Dependency not found at /root/.m2/repository/org/openid4java/openid4java/1.0.0
2018-06-13 20:40:37,425 ERROR spoon.Launcher - Dependency not found at /root/.m2/repository/org/slf4j/jcl-over-slf4j/1.7.25
2018-06-13 20:40:37,425 ERROR spoon.Launcher - Dependency not found at /root/.m2/repository/xml-apis/xml-apis/2.0.2
2018-06-13 20:40:37,425 ERROR spoon.Launcher - Dependency not found at /root/.m2/repository/javax/servlet/javax.servlet-api/3.1.0
2018-06-13 20:40:37,426 ERROR spoon.Launcher - Dependency not found at /root/.m2/repository/org/pac4j/pac4j-core/3.0.0-SNAPSHOT
2018-06-13 20:40:37,426 ERROR spoon.Launcher - Dependency not found at /root/.m2/repository/junit/junit/4.12
2018-06-13 20:40:37,426 ERROR spoon.Launcher - Dependency not found at /root/.m2/repository/ch/qos/logback/logback-classic/1.2.2
2018-06-13 20:40:37,426 ERROR spoon.Launcher - Dependency not found at /root/.m2/repository/org/pac4j/pac4j-core/3.0.0-SNAPSHOT
2018-06-13 20:40:37,426 ERROR spoon.Launcher - Dependency not found at /root/.m2/repository/commons-codec/commons-codec/1.10
2018-06-13 20:40:37,426 ERROR spoon.Launcher - Dependency not found at /root/.m2/repository/com/fasterxml/jackson/core/jackson-databind/2.8.7
2018-06-13 20:40:37,426 ERROR spoon.Launcher - Dependency not found at /root/.m2/repository/org/pac4j/pac4j-core/3.0.0-SNAPSHOT
2018-06-13 20:40:37,426 ERROR spoon.Launcher - Dependency not found at /root/.m2/repository/junit/junit/4.12
2018-06-13 20:40:37,426 ERROR spoon.Launcher - Dependency not found at /root/.m2/repository/ch/qos/logback/logback-classic/1.2.2
2018-06-13 20:40:37,426 ERROR spoon.Launcher - Dependency not found at /root/.m2/repository/org/mockito/mockito-core/2.7.19
2018-06-13 20:40:37,426 ERROR spoon.Launcher - Dependency not found at /root/.m2/repository/com/google/guava/guava/21.0
2018-06-13 20:40:37,426 ERROR spoon.Launcher - Dependency not found at /root/.m2/repository/org/nanohttpd/nanohttpd/2.3.1
2018-06-13 20:40:37,426 ERROR spoon.Launcher - Dependency not found at /root/.m2/repository/org/pac4j/pac4j-core/3.0.0-SNAPSHOT
2018-06-13 20:40:37,426 ERROR spoon.Launcher - Dependency not found at /root/.m2/repository/org/opensaml/opensaml-core/3.3.0
2018-06-13 20:40:37,426 ERROR spoon.Launcher - Dependency not found at /root/.m2/repository/net/shibboleth/utilities/java-support/7.3.0
2018-06-13 20:40:37,426 ERROR spoon.Launcher - Dependency not found at /root/.m2/repository/org/opensaml/opensaml-saml-api/3.3.0
2018-06-13 20:40:37,426 ERROR spoon.Launcher - Dependency not found at /root/.m2/repository/org/opensaml/opensaml-saml-impl/3.3.0
2018-06-13 20:40:37,426 ERROR spoon.Launcher - Dependency not found at /root/.m2/repository/org/opensaml/opensaml-soap-api/3.3.0
2018-06-13 20:40:37,427 ERROR spoon.Launcher - Dependency not found at /root/.m2/repository/org/opensaml/opensaml-xmlsec-api/3.3.0
2018-06-13 20:40:37,427 ERROR spoon.Launcher - Dependency not found at /root/.m2/repository/org/opensaml/opensaml-security-api/3.3.0
2018-06-13 20:40:37,427 ERROR spoon.Launcher - Dependency not found at /root/.m2/repository/org/opensaml/opensaml-security-impl/3.3.0
2018-06-13 20:40:37,427 ERROR spoon.Launcher - Dependency not found at /root/.m2/repository/org/opensaml/opensaml-profile-api/3.3.0
2018-06-13 20:40:37,427 ERROR spoon.Launcher - Dependency not found at /root/.m2/repository/org/opensaml/opensaml-profile-impl/3.3.0
2018-06-13 20:40:37,427 ERROR spoon.Launcher - Dependency not found at /root/.m2/repository/org/opensaml/opensaml-messaging-api/3.3.0
2018-06-13 20:40:37,427 ERROR spoon.Launcher - Dependency not found at /root/.m2/repository/org/opensaml/opensaml-messaging-impl/3.3.0
2018-06-13 20:40:37,427 ERROR spoon.Launcher - Dependency not found at /root/.m2/repository/org/opensaml/opensaml-xmlsec-impl/3.3.0
2018-06-13 20:40:37,427 ERROR spoon.Launcher - Dependency not found at /root/.m2/repository/com/google/guava/guava/21.0
2018-06-13 20:40:37,427 ERROR spoon.Launcher - Dependency not found at /root/.m2/repository/org/cryptacular/cryptacular/1.1.0
2018-06-13 20:40:37,427 ERROR spoon.Launcher - Dependency not found at /root/.m2/repository/joda-time/joda-time/2.9.2
2018-06-13 20:40:37,427 ERROR spoon.Launcher - Dependency not found at /root/.m2/repository/xalan/xalan/2.7.2
2018-06-13 20:40:37,427 ERROR spoon.Launcher - Dependency not found at /root/.m2/repository/org/apache/velocity/velocity/1.7
2018-06-13 20:40:37,427 ERROR spoon.Launcher - Dependency not found at /root/.m2/repository/commons-collections/commons-collections/3.2.2
2018-06-13 20:40:37,427 ERROR spoon.Launcher - Dependency not found at /root/.m2/repository/org/slf4j/jcl-over-slf4j/1.7.25
2018-06-13 20:40:37,427 ERROR spoon.Launcher - Dependency not found at /root/.m2/repository/javax/servlet/javax.servlet-api/3.1.0
2018-06-13 20:40:37,427 ERROR spoon.Launcher - Dependency not found at /root/.m2/repository/org/springframework/spring-core/4.3.7.RELEASE
2018-06-13 20:40:37,428 ERROR spoon.Launcher - Dependency not found at /root/.m2/repository/org/pac4j/pac4j-core/3.0.0-SNAPSHOT
2018-06-13 20:40:37,428 ERROR spoon.Launcher - Dependency not found at /root/.m2/repository/junit/junit/4.12
2018-06-13 20:40:37,428 ERROR spoon.Launcher - Dependency not found at /root/.m2/repository/ch/qos/logback/logback-classic/1.2.2
2018-06-13 20:40:37,428 ERROR spoon.Launcher - Dependency not found at /root/.m2/repository/org/springframework/spring-test/4.3.7.RELEASE
2018-06-13 20:40:37,428 ERROR spoon.Launcher - Dependency not found at /root/.m2/repository/org/springframework/spring-web/4.3.7.RELEASE
2018-06-13 20:40:37,428 ERROR spoon.Launcher - Dependency not found at /root/.m2/repository/org/mockito/mockito-core/2.7.19
2018-06-13 20:40:37,428 ERROR spoon.Launcher - Dependency not found at /root/.m2/repository/org/pac4j/pac4j-core/3.0.0-SNAPSHOT
2018-06-13 20:40:37,428 ERROR spoon.Launcher - Dependency not found at /root/.m2/repository/com/google/appengine/appengine-api-1.0-sdk/1.9.50
2018-06-13 20:40:37,428 ERROR spoon.Launcher - Dependency not found at /root/.m2/repository/com/google/appengine/appengine-jsr107cache/1.9.50
2018-06-13 20:40:37,428 ERROR spoon.Launcher - Dependency not found at /root/.m2/repository/net/sf/jsr107cache/jsr107cache/1.1
2018-06-13 20:40:37,428 ERROR spoon.Launcher - Dependency not found at /root/.m2/repository/javax/servlet/javax.servlet-api/3.1.0
2018-06-13 20:40:37,428 ERROR spoon.Launcher - Dependency not found at /root/.m2/repository/org/pac4j/pac4j-core/3.0.0-SNAPSHOT
2018-06-13 20:40:37,428 ERROR spoon.Launcher - Dependency not found at /root/.m2/repository/junit/junit/4.12
2018-06-13 20:40:37,428 ERROR spoon.Launcher - Dependency not found at /root/.m2/repository/ch/qos/logback/logback-classic/1.2.2
2018-06-13 20:40:37,428 ERROR spoon.Launcher - Dependency not found at /root/.m2/repository/com/google/appengine/appengine-testing/1.9.50
2018-06-13 20:40:37,429 ERROR spoon.Launcher - Dependency not found at /root/.m2/repository/com/google/appengine/appengine-api-labs/1.9.50
2018-06-13 20:40:37,429 ERROR spoon.Launcher - Dependency not found at /root/.m2/repository/com/google/appengine/appengine-api-stubs/1.9.50
2018-06-13 20:40:37,429 ERROR spoon.Launcher - Dependency not found at /root/.m2/repository/org/pac4j/pac4j-core/3.0.0-SNAPSHOT
2018-06-13 20:40:37,429 ERROR spoon.Launcher - Dependency not found at /root/.m2/repository/com/nimbusds/oauth2-oidc-sdk/5.24.2
2018-06-13 20:40:37,429 ERROR spoon.Launcher - Dependency not found at /root/.m2/repository/com/nimbusds/nimbus-jose-jwt/4.35
2018-06-13 20:40:37,429 ERROR spoon.Launcher - Dependency not found at /root/.m2/repository/org/pac4j/pac4j-core/3.0.0-SNAPSHOT
2018-06-13 20:40:37,429 ERROR spoon.Launcher - Dependency not found at /root/.m2/repository/junit/junit/4.12
2018-06-13 20:40:37,429 ERROR spoon.Launcher - Dependency not found at /root/.m2/repository/ch/qos/logback/logback-classic/1.2.2
2018-06-13 20:40:37,429 ERROR spoon.Launcher - Dependency not found at /root/.m2/repository/org/pac4j/pac4j-core/3.0.0-SNAPSHOT
2018-06-13 20:40:37,429 ERROR spoon.Launcher - Dependency not found at /root/.m2/repository/com/nimbusds/nimbus-jose-jwt/4.35
2018-06-13 20:40:37,429 ERROR spoon.Launcher - Dependency not found at /root/.m2/repository/org/bouncycastle/bcprov-jdk15on/1.56
2018-06-13 20:40:37,429 ERROR spoon.Launcher - Dependency not found at /root/.m2/repository/org/pac4j/pac4j-core/3.0.0-SNAPSHOT
2018-06-13 20:40:37,429 ERROR spoon.Launcher - Dependency not found at /root/.m2/repository/junit/junit/4.12
2018-06-13 20:40:37,429 ERROR spoon.Launcher - Dependency not found at /root/.m2/repository/ch/qos/logback/logback-classic/1.2.2
2018-06-13 20:40:37,429 ERROR spoon.Launcher - Dependency not found at /root/.m2/repository/org/pac4j/pac4j-oauth/3.0.0-SNAPSHOT
2018-06-13 20:40:37,429 ERROR spoon.Launcher - Dependency not found at /root/.m2/repository/org/pac4j/pac4j-core/3.0.0-SNAPSHOT
2018-06-13 20:40:37,429 ERROR spoon.Launcher - Dependency not found at /root/.m2/repository/org/ldaptive/ldaptive/1.2.1
2018-06-13 20:40:37,429 ERROR spoon.Launcher - Dependency not found at /root/.m2/repository/org/pac4j/pac4j-core/3.0.0-SNAPSHOT
2018-06-13 20:40:37,429 ERROR spoon.Launcher - Dependency not found at /root/.m2/repository/junit/junit/4.12
2018-06-13 20:40:37,430 ERROR spoon.Launcher - Dependency not found at /root/.m2/repository/ch/qos/logback/logback-classic/1.2.2
2018-06-13 20:40:37,430 ERROR spoon.Launcher - Dependency not found at /root/.m2/repository/com/unboundid/unboundid-ldapsdk/3.2.1
2018-06-13 20:40:37,430 ERROR spoon.Launcher - Dependency not found at /root/.m2/repository/org/pac4j/pac4j-core/3.0.0-SNAPSHOT
2018-06-13 20:40:37,430 ERROR spoon.Launcher - Dependency not found at /root/.m2/repository/org/jdbi/jdbi/2.78
2018-06-13 20:40:37,430 ERROR spoon.Launcher - Dependency not found at /root/.m2/repository/org/pac4j/pac4j-core/3.0.0-SNAPSHOT
2018-06-13 20:40:37,430 ERROR spoon.Launcher - Dependency not found at /root/.m2/repository/junit/junit/4.12
2018-06-13 20:40:37,430 ERROR spoon.Launcher - Dependency not found at /root/.m2/repository/org/springframework/security/spring-security-crypto/4.2.2.RELEASE
2018-06-13 20:40:37,430 ERROR spoon.Launcher - Dependency not found at /root/.m2/repository/com/h2database/h2/1.4.194
2018-06-13 20:40:37,430 ERROR spoon.Launcher - Dependency not found at /root/.m2/repository/org/pac4j/pac4j-core/3.0.0-SNAPSHOT
2018-06-13 20:40:37,430 ERROR spoon.Launcher - Dependency not found at /root/.m2/repository/org/mongodb/mongo-java-driver/3.4.2
2018-06-13 20:40:37,430 ERROR spoon.Launcher - Dependency not found at /root/.m2/repository/org/pac4j/pac4j-core/3.0.0-SNAPSHOT
2018-06-13 20:40:37,430 ERROR spoon.Launcher - Dependency not found at /root/.m2/repository/junit/junit/4.12
2018-06-13 20:40:37,430 ERROR spoon.Launcher - Dependency not found at /root/.m2/repository/ch/qos/logback/logback-classic/1.2.2
2018-06-13 20:40:37,430 ERROR spoon.Launcher - Dependency not found at /root/.m2/repository/org/apache/shiro/shiro-core/1.3.2
2018-06-13 20:40:37,430 ERROR spoon.Launcher - Dependency not found at /root/.m2/repository/de/flapdoodle/embed/de.flapdoodle.embed.mongo/2.0.0
2018-06-13 20:40:37,430 ERROR spoon.Launcher - Dependency not found at /root/.m2/repository/org/pac4j/pac4j-core/3.0.0-SNAPSHOT
2018-06-13 20:40:37,430 ERROR spoon.Launcher - Dependency not found at /root/.m2/repository/org/ektorp/org.ektorp/1.4.4
2018-06-13 20:40:37,430 ERROR spoon.Launcher - Dependency not found at /root/.m2/repository/com/fasterxml/jackson/core/jackson-databind/2.3.3
2018-06-13 20:40:37,430 ERROR spoon.Launcher - Dependency not found at /root/.m2/repository/org/pac4j/pac4j-core/3.0.0-SNAPSHOT
2018-06-13 20:40:37,430 ERROR spoon.Launcher - Dependency not found at /root/.m2/repository/io/bdrc/mcouch-ektorp/1.0.0
2018-06-13 20:40:37,431 ERROR spoon.Launcher - Dependency not found at /root/.m2/repository/junit/junit/4.12
2018-06-13 20:40:37,431 ERROR spoon.Launcher - Dependency not found at /root/.m2/repository/ch/qos/logback/logback-classic/1.2.2
2018-06-13 20:40:37,432 ERROR spoon.Launcher - Dependency not found at /root/.m2/repository/org/apache/shiro/shiro-core/1.3.2
2018-06-13 20:40:37,432 ERROR spoon.Launcher - Dependency not found at /root/.m2/repository/org/pac4j/pac4j-core/3.0.0-SNAPSHOT
2018-06-13 20:40:37,432 ERROR spoon.Launcher - Dependency not found at /root/.m2/repository/org/springframework/spring-core/4.3.7.RELEASE
2018-06-13 20:40:37,432 ERROR spoon.Launcher - Dependency not found at /root/.m2/repository/org/pac4j/pac4j-core/3.0.0-SNAPSHOT
2018-06-13 20:40:37,432 ERROR spoon.Launcher - Dependency not found at /root/.m2/repository/junit/junit/4.12
2018-06-13 20:40:37,432 ERROR spoon.Launcher - Dependency not found at /root/.m2/repository/ch/qos/logback/logback-classic/1.2.2
2018-06-13 20:40:37,432 ERROR spoon.Launcher - Dependency not found at /root/.m2/repository/org/mockito/mockito-core/2.7.19
2018-06-13 20:40:37,432 ERROR spoon.Launcher - Dependency not found at /root/.m2/repository/javax/servlet/javax.servlet-api/3.1.0
2018-06-13 20:40:37,432 ERROR spoon.Launcher - Dependency not found at /root/.m2/repository/org/apache/kerby/kerby-kdc/1.0.0
2018-06-13 20:40:37,432 ERROR spoon.Launcher - Dependency not found at /root/.m2/repository/org/apache/kerby/kerb-simplekdc/1.0.0
2018-06-13 20:40:37,432 ERROR spoon.Launcher - Dependency not found at /root/.m2/repository/org/apache/kerby/kerb-client/1.0.0
2018-06-13 20:40:37,432 ERROR spoon.Launcher - Dependency not found at /root/.m2/repository/org/apache/kerby/token-provider/1.0.0
2018-06-13 20:40:37,432 ERROR spoon.Launcher - Dependency not found at /root/.m2/repository/org/apache/kerby/integration-test/1.0.0
2018-06-13 20:40:37,474 ERROR spoon.Launcher - Dependency not found at /root/.m2/repository/org/eclipse/jdt/org.eclipse.jdt.core/3.13.102
2018-06-13 20:40:37,475 ERROR spoon.Launcher - Dependency not found at /root/.m2/repository/com/martiansoftware/jsap/2.1
2018-06-13 20:40:37,475 ERROR spoon.Launcher - Dependency not found at /root/.m2/repository/log4j/log4j/1.2.17
2018-06-13 20:40:37,475 ERROR spoon.Launcher - Dependency not found at /root/.m2/repository/commons-io/commons-io/2.5
2018-06-13 20:40:37,475 ERROR spoon.Launcher - Dependency not found at /root/.m2/repository/org/apache/maven/maven-model/3.3.9
2018-06-13 20:40:37,475 ERROR spoon.Launcher - Dependency not found at /root/.m2/repository/org/apache/commons/commons-lang3/3.5
2018-06-13 20:40:37,475 ERROR spoon.Launcher - Dependency not found at /root/.m2/repository/com/fasterxml/jackson/core/jackson-databind/2.9.2
[ERROR] Tests run: 6, Failures: 2, Errors: 0, Skipped: 0, Time elapsed: 0.121 s <<< FAILURE! - in spoon.MavenLauncherTest
[ERROR] mavenLauncherTestMultiModulesAndVariables(spoon.MavenLauncherTest)  Time elapsed: 0.054 s  <<< FAILURE!
java.lang.AssertionError: Content of classpath: 
	at spoon.MavenLauncherTest.mavenLauncherTestMultiModulesAndVariables(MavenLauncherTest.java:73)

[ERROR] spoonMavenLauncherTest(spoon.MavenLauncherTest)  Time elapsed: 0.042 s  <<< FAILURE!
java.lang.AssertionError: expected:<23> but was:<0>
	at spoon.MavenLauncherTest.spoonMavenLauncherTest(MavenLauncherTest.java:18)

[INFO] 
[INFO] Results:
[INFO] 
[ERROR] Failures: 
[ERROR]   MavenLauncherTest.mavenLauncherTestMultiModulesAndVariables:73 Content of classpath: 
[ERROR]   MavenLauncherTest.spoonMavenLauncherTest:18 expected:<23> but was:<0>
[ERROR]   CtGenerationTest.testGenerateCloneVisitor:136 CloneBuilder different expected:<...difiers());
        []super.visitCtLocalVa...> but was:<...difiers());
        [((spoon.reflect.code.CtLocalVariable<T>) (other)).setInferred(e.isInferred());
        ]super.visitCtLocalVa...>
[ERROR]   AstCheckerTest.testPushToStackChanges:105 setInferred(boolean) on spoon.support.reflect.code.CtLocalVariableImpl

[ERROR]   MetamodelTest.testGetterSetterFroRole:104 expected:<[TARGET, STATEMENT, DOCUMENTATION_TYPE, NESTED_TYPE, INFERRED_VARIABLE, MULTI_TYPE, BOUNDING_TYPE, VALUE, LEFT_OPERAND, FOR_INIT, POSITION, ANNONYMOUS_EXECUTABLE, INTERFACE, SNIPPET, DIMENSION, ANNOTATION, TYPE_PARAMETER, COMMENT_CONTENT, BOUND, ELSE, LABEL, IS_DEFAULT, EXPORTED_PACKAGE, TYPE, PARAMETER, ANNOTATION_TYPE, CAST, IMPLEMENTATION_TYPE, MODIFIER, TARGET_LABEL, FIELD, NAME, CASE, COMMENT_TAG, METHOD, THEN, CONDITION, FINALIZER, THROWN, BODY, MODULE_REF, REQUIRED_MODULE, CONTAINED_TYPE, MODULE_DIRECTIVE, FOR_UPDATE, PACKAGE_REF, COMMENT, DEFAULT_EXPRESSION, FOREACH_VARIABLE, TYPE_MEMBER, JAVADOC_TAG_VALUE, CATCH, VARIABLE, ASSIGNED, ASSIGNMENT, ARGUMENT, IS_VARARGS, RIGHT_OPERAND, SUPER_TYPE, ARGUMENT_TYPE, ACCESSED_TYPE, DECLARING_TYPE, IS_UPPER, SUB_PACKAGE, IMPORT_REFERENCE, EXECUTABLE_REF, PROVIDED_SERVICE, IS_IMPLICIT, TYPE_ARGUMENT, COMMENT_TYPE, IS_FINAL, IS_STATIC, OPERATOR_KIND, TRY_RESOURCE, IS_SHADOW, CONSTRUCTOR, OPENED_PACKAGE, SERVICE_TYPE, EXPRESSION]> but was:<[STATEMENT, TARGET, DOCUMENTATION_TYPE, NESTED_TYPE, MULTI_TYPE, BOUNDING_TYPE, VALUE, LEFT_OPERAND, FOR_INIT, POSITION, ANNONYMOUS_EXECUTABLE, SNIPPET, INTERFACE, DIMENSION, ANNOTATION, TYPE_PARAMETER, COMMENT_CONTENT, ELSE, LABEL, BOUND, IS_DEFAULT, EXPORTED_PACKAGE, TYPE, PARAMETER, CAST, ANNOTATION_TYPE, IMPLEMENTATION_TYPE, MODIFIER, TARGET_LABEL, FIELD, CASE, NAME, COMMENT_TAG, METHOD, CONDITION, THEN, FINALIZER, THROWN, BODY, MODULE_REF, REQUIRED_MODULE, CONTAINED_TYPE, MODULE_DIRECTIVE, FOR_UPDATE, COMMENT, PACKAGE_REF, DEFAULT_EXPRESSION, FOREACH_VARIABLE, TYPE_MEMBER, JAVADOC_TAG_VALUE, CATCH, VARIABLE, ASSIGNED, ARGUMENT, ASSIGNMENT, IS_VARARGS, RIGHT_OPERAND, SUPER_TYPE, ARGUMENT_TYPE, ACCESSED_TYPE, DECLARING_TYPE, IS_UPPER, IMPORT_REFERENCE, SUB_PACKAGE, EXECUTABLE_REF, PROVIDED_SERVICE, TYPE_ARGUMENT, IS_IMPLICIT, COMMENT_TYPE, IS_FINAL, IS_STATIC, OPERATOR_KIND, TRY_RESOURCE, IS_SHADOW, CONSTRUCTOR, SERVICE_TYPE, OPENED_PACKAGE, EXPRESSION]>
[ERROR]   MetamodelTest.testRoleOnField:189 [INFERRED_VARIABLE] must have a getter in spoon.support.reflect.code.CtLocalVariableImpl
[ERROR]   IntercessionTest.testSettersAreAllGood:220 Your setter setInferred in CtLocalVariable don't have a generic type for its return type.
[ERROR] Errors: 
[ERROR]   CommentTest.testDocumentationContract:760->lambda$testDocumentationContract$0:801 » ModelBuilding
[INFO] 
[ERROR] Tests run: 1509, Failures: 7, Errors: 1, Skipped: 4
[INFO] 
[INFO] ------------------------------------------------------------------------
[INFO] BUILD FAILURE
[INFO] ------------------------------------------------------------------------
[INFO] Total time: 07:16 min
[INFO] Finished at: 2018-06-13T20:40:38+02:00
[INFO] Final Memory: 26M/949M
[INFO] ------------------------------------------------------------------------
[ERROR] Failed to execute goal org.apache.maven.plugins:maven-surefire-plugin:2.20.1:test (default-test) on project spoon-core: There are test failures.
[ERROR] 
[ERROR] Please refer to /root/workspace/INRIA/spoon/391881615/target/surefire-reports for the individual test results.
[ERROR] Please refer to dump files (if any exist) [date]-jvmRun[N].dump, [date].dumpstream and [date]-jvmRun[N].dumpstream.
[ERROR] -> [Help 1]
[ERROR] 
[ERROR] To see the full stack trace of the errors, re-run Maven with the -e switch.
[ERROR] Re-run Maven using the -X switch to enable full debug logging.
[ERROR] 
[ERROR] For more information about the errors and possible solutions, please read the following articles:
[ERROR] [Help 1] http://cwiki.apache.org/confluence/display/MAVEN/MojoFailureException
